#
# There is insufficient memory for the Java Runtime Environment to continue.
# Native memory allocation (malloc) failed to allocate 450896 bytes for Chunk::new
# Possible reasons:
#   The system is out of physical RAM or swap space
#   In 32 bit mode, the process size limit was hit
# Possible solutions:
#   Reduce memory load on the system
#   Increase physical memory or swap space
#   Check if swap backing store is full
#   Use 64 bit Java on a 64 bit OS
#   Decrease Java heap size (-Xmx/-Xms)
#   Decrease number of Java threads
#   Decrease Java thread stack sizes (-Xss)
#   Set larger code cache with -XX:ReservedCodeCacheSize=
# This output file may be truncated or incomplete.
#
#  Out of Memory Error (allocation.cpp:390), pid=2924, tid=212
#
# JRE version: Java(TM) SE Runtime Environment (8.0_66-b18) (build 1.8.0_66-b18)
# Java VM: Java HotSpot(TM) 64-Bit Server VM (25.66-b18 mixed mode windows-amd64 compressed oops)
# Failed to write core dump. Minidumps are not enabled by default on client versions of Windows
#

---------------  T H R E A D  ---------------

Current thread (0x00000000148c8000):  JavaThread "C2 CompilerThread0" daemon [_thread_in_native, id=212, stack(0x0000000015f30000,0x0000000016030000)]

Stack: [0x0000000015f30000,0x0000000016030000]
[error occurred during error reporting (printing stack bounds), id 0xc0000005]

Native frames: (J=compiled Java code, j=interpreted, Vv=VM code, C=native code)


Current CompileTask:
C2:   1939 1075       4       com.android.dx.ssa.back.LivenessAnalyzer::handleTailRecursion (94 bytes)


---------------  P R O C E S S  ---------------

Java Threads: ( => current thread )
  0x00000000164df800 JavaThread "pool-2-thread-4" [_thread_in_Java, id=6124, stack(0x0000000016c30000,0x0000000016d30000)]
  0x00000000164de800 JavaThread "pool-2-thread-3" [_thread_in_Java, id=7504, stack(0x0000000016b30000,0x0000000016c30000)]
  0x00000000164de000 JavaThread "pool-2-thread-2" [_thread_in_Java, id=6580, stack(0x0000000016a30000,0x0000000016b30000)]
  0x00000000164dd000 JavaThread "pool-3-thread-1" [_thread_blocked, id=220, stack(0x0000000016930000,0x0000000016a30000)]
  0x000000001650f800 JavaThread "pool-2-thread-1" [_thread_in_Java, id=4024, stack(0x0000000016830000,0x0000000016930000)]
  0x000000001624c800 JavaThread "Service Thread" daemon [_thread_blocked, id=3004, stack(0x0000000016630000,0x0000000016730000)]
  0x00000000148d8800 JavaThread "C1 CompilerThread2" daemon [_thread_in_native, id=6648, stack(0x0000000016130000,0x0000000016230000)]
  0x00000000148cf800 JavaThread "C2 CompilerThread1" daemon [_thread_in_native, id=3964, stack(0x0000000016030000,0x0000000016130000)]
=>0x00000000148c8000 JavaThread "C2 CompilerThread0" daemon [_thread_in_native, id=212, stack(0x0000000015f30000,0x0000000016030000)]
  0x00000000148c6800 JavaThread "Attach Listener" daemon [_thread_blocked, id=3920, stack(0x0000000015e30000,0x0000000015f30000)]
  0x00000000148c5000 JavaThread "Signal Dispatcher" daemon [_thread_blocked, id=5680, stack(0x0000000015d30000,0x0000000015e30000)]
  0x00000000021f0000 JavaThread "Finalizer" daemon [_thread_blocked, id=2024, stack(0x0000000015b40000,0x0000000015c40000)]
  0x00000000021ed000 JavaThread "Reference Handler" daemon [_thread_blocked, id=4600, stack(0x0000000015a40000,0x0000000015b40000)]
  0x0000000002100800 JavaThread "main" [_thread_in_Java, id=7996, stack(0x0000000001f90000,0x0000000002090000)]

Other Threads:
  0x0000000014897800 VMThread [stack: 0x0000000015940000,0x0000000015a40000] [id=5448]
  0x0000000016251000 WatcherThread [stack: 0x0000000016730000,0x0000000016830000] [id=6656]

VM state:not at safepoint (normal execution)

VM Mutex/Monitor currently owned by a thread: None

Heap:
 PSYoungGen      total 18432K, used 15668K [0x00000000eab00000, 0x00000000ecf00000, 0x0000000100000000)
  eden space 15872K, 82% used [0x00000000eab00000,0x00000000eb7d5048,0x00000000eba80000)
  from space 2560K, 98% used [0x00000000eba80000,0x00000000ebcf8040,0x00000000ebd00000)
  to   space 2560K, 0% used [0x00000000ecc80000,0x00000000ecc80000,0x00000000ecf00000)
 ParOldGen       total 42496K, used 741K [0x00000000c0000000, 0x00000000c2980000, 0x00000000eab00000)
  object space 42496K, 1% used [0x00000000c0000000,0x00000000c00b9498,0x00000000c2980000)
 Metaspace       used 5896K, capacity 6832K, committed 7040K, reserved 1056768K
  class space    used 595K, capacity 616K, committed 640K, reserved 1048576K

Card table byte_map: [0x00000000115c0000,0x00000000117d0000] byte_map_base: 0x0000000010fc0000

Marking Bits: (ParMarkBitMap*) 0x000000005cfda5b0
 Begin Bits: [0x0000000011d30000, 0x0000000012d30000)
 End Bits:   [0x0000000012d30000, 0x0000000013d30000)

Polling page: 0x0000000002090000

CodeCache: size=245760Kb used=4313Kb max_used=4313Kb free=241446Kb
 bounds [0x0000000002200000, 0x0000000002640000, 0x0000000011200000]
 total_blobs=1389 nmethods=1121 adapters=182
 compilation: enabled

Compilation events (10 events):
Event: 1.916 Thread 0x00000000148d8800 1111       3       com.android.dx.dex.code.RopTranslator$1::visitPlainCstInsn (64 bytes)
Event: 1.916 Thread 0x00000000148d8800 nmethod 1111 0x000000000261d650 code [0x000000000261d7e0, 0x000000000261dfb0]
Event: 1.917 Thread 0x00000000148d8800 1113       3       com.android.dx.dex.code.RopTranslator::getRegs (64 bytes)
Event: 1.918 Thread 0x00000000148d8800 nmethod 1113 0x000000000261e190 code [0x000000000261e480, 0x0000000002620178]
Event: 1.918 Thread 0x00000000148d8800 1117       3       com.android.dx.ssa.SsaMethod::mapRegisters (87 bytes)
Event: 1.920 Thread 0x00000000148d8800 nmethod 1117 0x0000000002621210 code [0x0000000002621480, 0x00000000026225a8]
Event: 1.920 Thread 0x00000000148d8800 1119       3       com.android.dx.ssa.SsaBasicBlock::replaceSuccessor (125 bytes)
Event: 1.921 Thread 0x00000000148d8800 nmethod 1119 0x0000000002622d90 code [0x0000000002623020, 0x0000000002623e98]
Event: 1.921 Thread 0x00000000148d8800 1120       3       java.util.TreeMap::fixAfterInsertion (267 bytes)
Event: 1.926 Thread 0x00000000148d8800 nmethod 1120 0x0000000002624810 code [0x0000000002624c80, 0x0000000002627398]

GC Heap History (2 events):
Event: 1.385 GC heap before
{Heap before GC invocations=1 (full 0):
 PSYoungGen      total 18432K, used 15872K [0x00000000eab00000, 0x00000000ebf80000, 0x0000000100000000)
  eden space 15872K, 100% used [0x00000000eab00000,0x00000000eba80000,0x00000000eba80000)
  from space 2560K, 0% used [0x00000000ebd00000,0x00000000ebd00000,0x00000000ebf80000)
  to   space 2560K, 0% used [0x00000000eba80000,0x00000000eba80000,0x00000000ebd00000)
 ParOldGen       total 42496K, used 0K [0x00000000c0000000, 0x00000000c2980000, 0x00000000eab00000)
  object space 42496K, 0% used [0x00000000c0000000,0x00000000c0000000,0x00000000c2980000)
 Metaspace       used 5414K, capacity 6384K, committed 6528K, reserved 1056768K
  class space    used 590K, capacity 616K, committed 640K, reserved 1048576K
Event: 1.402 GC heap after
Heap after GC invocations=1 (full 0):
 PSYoungGen      total 18432K, used 2528K [0x00000000eab00000, 0x00000000ecf00000, 0x0000000100000000)
  eden space 15872K, 0% used [0x00000000eab00000,0x00000000eab00000,0x00000000eba80000)
  from space 2560K, 98% used [0x00000000eba80000,0x00000000ebcf8040,0x00000000ebd00000)
  to   space 2560K, 0% used [0x00000000ecc80000,0x00000000ecc80000,0x00000000ecf00000)
 ParOldGen       total 42496K, used 741K [0x00000000c0000000, 0x00000000c2980000, 0x00000000eab00000)
  object space 42496K, 1% used [0x00000000c0000000,0x00000000c00b9498,0x00000000c2980000)
 Metaspace       used 5414K, capacity 6384K, committed 6528K, reserved 1056768K
  class space    used 590K, capacity 616K, committed 640K, reserved 1048576K
}

Deoptimization events (4 events):
Event: 0.490 Thread 0x0000000002100800 Uncommon trap: reason=unstable_if action=reinterpret pc=0x0000000002357354 method=java.lang.String.compareTo(Ljava/lang/String;)I @ 38
Event: 1.443 Thread 0x0000000002100800 Uncommon trap: reason=unstable_if action=reinterpret pc=0x0000000002418a9c method=java.util.HashMap.getNode(ILjava/lang/Object;)Ljava/util/HashMap$Node; @ 129
Event: 1.760 Thread 0x00000000164de800 Uncommon trap: reason=unstable_if action=reinterpret pc=0x000000000254597c method=com.android.dx.rop.code.LocalItem.hashCode()I @ 25
Event: 1.805 Thread 0x00000000164de000 Uncommon trap: reason=unstable_if action=reinterpret pc=0x00000000024e6ddc method=com.android.dx.rop.cst.Constant.compareTo(Lcom/android/dx/rop/cst/Constant;)I @ 12

Internal exceptions (2 events):
Event: 0.069 Thread 0x0000000002100800 Exception <a 'java/lang/NoSuchMethodError': Method sun.misc.Unsafe.defineClass(Ljava/lang/String;[BII)Ljava/lang/Class; name or signature does not match> (0x00000000eab0d2e0) thrown at [C:\re\workspace\8-2-build-windows-amd64-cygwin\jdk8u66\5298\hotspot\sr B&Übí±?
Event: 0.069 Thread 0x0000000002100800 Exception <a 'java/lang/NoSuchMethodError': Method sun.misc.Unsafe.prefetchRead(Ljava/lang/Object;J)V name or signature does not match> (0x00000000eab0d5c8) thrown at [C:\re\workspace\8-2-build-windows-amd64-cygwin\jdk8u66\5298\hotspot\src\share\vm\prims\j

Events (10 events):
Event: 1.801 loading class java/util/DualPivotQuicksort done
Event: 1.805 Thread 0x00000000164de000 Uncommon trap: trap_request=0xffffff65 fr.pc=0x00000000024e6ddc
Event: 1.805 Thread 0x00000000164de000 DEOPT PACKING pc=0x00000000024e6ddc sp=0x0000000016b2ea80
Event: 1.805 Thread 0x00000000164de000 DEOPT UNPACKING pc=0x000000000224582a sp=0x0000000016b2ea20 mode 2
Event: 1.809 loading class java/util/TreeMap$EntrySet
Event: 1.810 loading class java/util/TreeMap$EntrySet done
Event: 1.810 loading class java/util/TreeMap$EntryIterator
Event: 1.810 loading class java/util/TreeMap$EntryIterator done
Event: 1.810 Executing VM operation: Deoptimize
Event: 1.812 Executing VM operation: Deoptimize done


Dynamic libraries:
0x00007ff6288e0000 - 0x00007ff628917000 	C:\Program Files\Java\jdk1.8.0_66\bin\java.exe
0x00007ff816c20000 - 0x00007ff816de2000 	C:\Windows\SYSTEM32\ntdll.dll
0x00007ff816a10000 - 0x00007ff816abd000 	C:\Windows\system32\KERNEL32.DLL
0x00007ff814080000 - 0x00007ff81425d000 	C:\Windows\system32\KERNELBASE.dll
0x00007ff8167b0000 - 0x00007ff816856000 	C:\Windows\system32\ADVAPI32.dll
0x00007ff8160d0000 - 0x00007ff81616d000 	C:\Windows\system32\msvcrt.dll
0x00007ff816ba0000 - 0x00007ff816bfb000 	C:\Windows\system32\sechost.dll
0x00007ff8163b0000 - 0x00007ff8164d6000 	C:\Windows\system32\RPCRT4.dll
0x00007ff815ec0000 - 0x00007ff81600e000 	C:\Windows\system32\USER32.dll
0x00007ff816170000 - 0x00007ff8162f6000 	C:\Windows\system32\GDI32.dll
0x00007ff80f110000 - 0x00007ff80f384000 	C:\Windows\WinSxS\amd64_microsoft.windows.common-controls_6595b64144ccf1df_6.0.10240.16384_none_f41f7b285750ef43\COMCTL32.dll
0x00007ff816370000 - 0x00007ff8163a6000 	C:\Windows\system32\IMM32.DLL
0x00007ff815d60000 - 0x00007ff815ebc000 	C:\Windows\system32\MSCTF.dll
0x000000005c090000 - 0x000000005c162000 	C:\Program Files\Java\jdk1.8.0_66\jre\bin\msvcr100.dll
0x000000005c7d0000 - 0x000000005d059000 	C:\Program Files\Java\jdk1.8.0_66\jre\bin\server\jvm.dll
0x00007ff8167a0000 - 0x00007ff8167a8000 	C:\Windows\system32\PSAPI.DLL
0x00007ff811460000 - 0x00007ff811469000 	C:\Windows\SYSTEM32\WSOCK32.dll
0x00007ff814540000 - 0x00007ff8145a9000 	C:\Windows\system32\WS2_32.dll
0x00007ff814530000 - 0x00007ff814538000 	C:\Windows\system32\NSI.dll
0x00007ff811430000 - 0x00007ff811453000 	C:\Windows\SYSTEM32\WINMM.dll
0x00007ff80f680000 - 0x00007ff80f68a000 	C:\Windows\SYSTEM32\VERSION.dll
0x00007ff8113d0000 - 0x00007ff8113fc000 	C:\Windows\SYSTEM32\WINMMBASE.dll
0x00007ff814260000 - 0x00007ff8142a4000 	C:\Windows\system32\cfgmgr32.dll
0x00007ff811f80000 - 0x00007ff811fa7000 	C:\Windows\SYSTEM32\DEVOBJ.dll
0x000000005c7c0000 - 0x000000005c7cf000 	C:\Program Files\Java\jdk1.8.0_66\jre\bin\verify.dll
0x000000005c790000 - 0x000000005c7b9000 	C:\Program Files\Java\jdk1.8.0_66\jre\bin\java.dll
0x000000005c770000 - 0x000000005c786000 	C:\Program Files\Java\jdk1.8.0_66\jre\bin\zip.dll
0x00007ff8147f0000 - 0x00007ff815d58000 	C:\Windows\system32\SHELL32.dll
0x00007ff813760000 - 0x00007ff813d88000 	C:\Windows\system32\windows.storage.dll
0x00007ff8142b0000 - 0x00007ff81452c000 	C:\Windows\system32\combase.dll
0x00007ff8145b0000 - 0x00007ff814601000 	C:\Windows\system32\shlwapi.dll
0x00007ff813680000 - 0x00007ff81368f000 	C:\Windows\system32\kernel.appcore.dll
0x00007ff813d90000 - 0x00007ff813e43000 	C:\Windows\system32\shcore.dll
0x00007ff813630000 - 0x00007ff81367a000 	C:\Windows\system32\powrprof.dll
0x00007ff813610000 - 0x00007ff813623000 	C:\Windows\system32\profapi.dll
0x00007ff816010000 - 0x00007ff8160ce000 	C:\Windows\system32\OLEAUT32.dll

VM Arguments:
jvm_args: -Djava.awt.headless=true -Xmx1024M -Dfile.encoding=windows-1252 -Duser.country=US -Duser.language=en -Duser.variant 
java_command: com.android.dx.command.Main --dex --force-jumbo --num-threads=4 --multi-dex --output E:\Work\projects\Udacity\MoviesApp\app\build\intermediates\transforms\dex\debug\folders\1000\10\internal_impl-23.2.1_ffce7937b21c72554d22574896d1af44375c8962 E:\Work\projects\Udacity\MoviesApp\app\build\intermediates\exploded-aar\com.android.support\support-v4\23.2.1\jars\libs\internal_impl-23.2.1.jar
java_class_path (initial): C:\Users\ibra\AppData\Local\Android\sdk\build-tools\23.0.3\lib\dx.jar
Launcher Type: SUN_STANDARD

Environment Variables:
PATH=C:\ProgramData\Oracle\Java\javapath;C:\Windows\system32;C:\Windows;C:\Windows\System32\Wbem;C:\Windows\System32\WindowsPowerShell\v1.0\;C:\Program Files\7-Zip;C:\Program Files (x86)\Skype\Phone\;C:\Program Files\Git\cmd
USERNAME=ibra
OS=Windows_NT
PROCESSOR_IDENTIFIER=Intel64 Family 6 Model 37 Stepping 5, GenuineIntel



---------------  S Y S T E M  ---------------

OS: Windows 10.0 , 64 bit Build 10240 (10.0.10240.16384)

CPU:total 4 (2 cores per cpu, 2 threads per core) family 6 model 37 stepping 5, cmov, cx8, fxsr, mmx, sse, sse2, sse3, ssse3, sse4.1, sse4.2, popcnt, ht, tsc, tscinvbit

Memory: 4k page, physical 3987304k(258052k free), swap 5917656k(5264k free)

vm_info: Java HotSpot(TM) 64-Bit Server VM (25.66-b18) for windows-amd64 JRE (1.8.0_66-b18), built on Nov  9 2015 10:51:13 by "java_re" with MS VC++ 10.0 (VS2010)

time: Sat Apr 23 15:53:16 2016
elapsed time: 1 seconds (0d 0h 0m 1s)

