#
# There is insufficient memory for the Java Runtime Environment to continue.
# Native memory allocation (malloc) failed to allocate 765456 bytes for Chunk::new
# Possible reasons:
#   The system is out of physical RAM or swap space
#   In 32 bit mode, the process size limit was hit
# Possible solutions:
#   Reduce memory load on the system
#   Increase physical memory or swap space
#   Check if swap backing store is full
#   Use 64 bit Java on a 64 bit OS
#   Decrease Java heap size (-Xmx/-Xms)
#   Decrease number of Java threads
#   Decrease Java thread stack sizes (-Xss)
#   Set larger code cache with -XX:ReservedCodeCacheSize=
# This output file may be truncated or incomplete.
#
#  Out of Memory Error (allocation.cpp:390), pid=7888, tid=6948
#
# JRE version: Java(TM) SE Runtime Environment (8.0_66-b18) (build 1.8.0_66-b18)
# Java VM: Java HotSpot(TM) 64-Bit Server VM (25.66-b18 mixed mode windows-amd64 compressed oops)
# Failed to write core dump. Minidumps are not enabled by default on client versions of Windows
#

---------------  T H R E A D  ---------------

Current thread (0x0000000015868000):  JavaThread "C2 CompilerThread0" daemon [_thread_in_native, id=6948, stack(0x0000000016dd0000,0x0000000016ed0000)]

Stack: [0x0000000016dd0000,0x0000000016ed0000]
[error occurred during error reporting (printing stack bounds), id 0xc0000005]

Native frames: (J=compiled Java code, j=interpreted, Vv=VM code, C=native code)


Current CompileTask:
C2:   3320 1131   !   4       com.android.dx.cf.code.RopperMachine::run (1550 bytes)


---------------  P R O C E S S  ---------------

Java Threads: ( => current thread )
  0x000000001734f000 JavaThread "pool-2-thread-4" [_thread_in_Java, id=7652, stack(0x0000000017ad0000,0x0000000017bd0000)]
  0x0000000017320800 JavaThread "pool-2-thread-3" [_thread_in_Java, id=5960, stack(0x00000000179d0000,0x0000000017ad0000)]
  0x0000000017239800 JavaThread "pool-2-thread-2" [_thread_in_Java, id=2676, stack(0x00000000178d0000,0x00000000179d0000)]
  0x00000000171fe000 JavaThread "pool-3-thread-1" [_thread_blocked, id=196, stack(0x00000000177d0000,0x00000000178d0000)]
  0x00000000171f1000 JavaThread "pool-2-thread-1" [_thread_in_Java, id=4904, stack(0x00000000176d0000,0x00000000177d0000)]
  0x00000000158ce800 JavaThread "Service Thread" daemon [_thread_blocked, id=4592, stack(0x00000000174d0000,0x00000000175d0000)]
  0x0000000015879000 JavaThread "C1 CompilerThread2" daemon [_thread_blocked, id=7588, stack(0x0000000016fd0000,0x00000000170d0000)]
  0x000000001588d000 JavaThread "C2 CompilerThread1" daemon [_thread_in_native, id=1136, stack(0x0000000016ed0000,0x0000000016fd0000)]
=>0x0000000015868000 JavaThread "C2 CompilerThread0" daemon [_thread_in_native, id=6948, stack(0x0000000016dd0000,0x0000000016ed0000)]
  0x0000000015866800 JavaThread "Attach Listener" daemon [_thread_blocked, id=8128, stack(0x0000000016cd0000,0x0000000016dd0000)]
  0x0000000015865000 JavaThread "Signal Dispatcher" daemon [_thread_blocked, id=3576, stack(0x0000000016bd0000,0x0000000016cd0000)]
  0x0000000003190000 JavaThread "Finalizer" daemon [_thread_blocked, id=1656, stack(0x0000000016ad0000,0x0000000016bd0000)]
  0x000000000318d000 JavaThread "Reference Handler" daemon [_thread_blocked, id=904, stack(0x00000000169d0000,0x0000000016ad0000)]
  0x00000000030a0800 JavaThread "main" [_thread_in_Java, id=5148, stack(0x0000000002ea0000,0x0000000002fa0000)]

Other Threads:
  0x0000000015838000 VMThread [stack: 0x00000000168d0000,0x00000000169d0000] [id=5976]
  0x00000000170dc000 WatcherThread [stack: 0x00000000175d0000,0x00000000176d0000] [id=6240]

VM state:not at safepoint (normal execution)

VM Mutex/Monitor currently owned by a thread: None

Heap:
 PSYoungGen      total 18432K, used 10240K [0x00000000eab00000, 0x00000000ecf00000, 0x0000000100000000)
  eden space 15872K, 48% used [0x00000000eab00000,0x00000000eb287c20,0x00000000eba80000)
  from space 2560K, 98% used [0x00000000ebd00000,0x00000000ebf785a8,0x00000000ebf80000)
  to   space 2560K, 0% used [0x00000000eba80000,0x00000000eba80000,0x00000000ebd00000)
 ParOldGen       total 42496K, used 6027K [0x00000000c0000000, 0x00000000c2980000, 0x00000000eab00000)
  object space 42496K, 14% used [0x00000000c0000000,0x00000000c05e2d70,0x00000000c2980000)
 Metaspace       used 5750K, capacity 6896K, committed 7040K, reserved 1056768K
  class space    used 578K, capacity 616K, committed 640K, reserved 1048576K

Card table byte_map: [0x0000000012560000,0x0000000012770000] byte_map_base: 0x0000000011f60000

Marking Bits: (ParMarkBitMap*) 0x000000005cfda5b0
 Begin Bits: [0x0000000012cd0000, 0x0000000013cd0000)
 End Bits:   [0x0000000013cd0000, 0x0000000014cd0000)

Polling page: 0x00000000011f0000

CodeCache: size=245760Kb used=4774Kb max_used=4774Kb free=240985Kb
 bounds [0x00000000031a0000, 0x0000000003650000, 0x00000000121a0000]
 total_blobs=1437 nmethods=1176 adapters=175
 compilation: enabled

Compilation events (10 events):
Event: 3.136 Thread 0x0000000015879000 1183       3       java.util.TreeMap::rotateRight (96 bytes)
Event: 3.137 Thread 0x0000000015879000 nmethod 1183 0x000000000364a310 code [0x000000000364a480, 0x000000000364a7d0]
Event: 3.137 Thread 0x0000000015879000 1185       3       com.android.dx.dex.file.ClassDataItem::addStaticField (51 bytes)
Event: 3.138 Thread 0x0000000015879000 nmethod 1185 0x000000000364a8d0 code [0x000000000364aac0, 0x000000000364b358]
Event: 3.147 Thread 0x0000000015879000 1186       3       com.android.dx.rop.code.SourcePosition::equals (46 bytes)
Event: 3.148 Thread 0x0000000015879000 nmethod 1186 0x000000000364b7d0 code [0x000000000364b960, 0x000000000364be88]
Event: 3.148 Thread 0x0000000015879000 1188       1       com.android.dx.rop.code.Insn$BaseVisitor::visitThrowingCstInsn (1 bytes)
Event: 3.148 Thread 0x0000000015879000 nmethod 1188 0x000000000364bf90 code [0x000000000364c0e0, 0x000000000364c1f0]
Event: 3.148 Thread 0x0000000015879000 1187       3       com.android.dx.rop.type.StdTypeList::equalContents (56 bytes)
Event: 3.149 Thread 0x0000000015879000 nmethod 1187 0x000000000364c250 code [0x000000000364c420, 0x000000000364cce8]

GC Heap History (4 events):
Event: 2.006 GC heap before
{Heap before GC invocations=1 (full 0):
 PSYoungGen      total 18432K, used 15872K [0x00000000eab00000, 0x00000000ebf80000, 0x0000000100000000)
  eden space 15872K, 100% used [0x00000000eab00000,0x00000000eba80000,0x00000000eba80000)
  from space 2560K, 0% used [0x00000000ebd00000,0x00000000ebd00000,0x00000000ebf80000)
  to   space 2560K, 0% used [0x00000000eba80000,0x00000000eba80000,0x00000000ebd00000)
 ParOldGen       total 42496K, used 0K [0x00000000c0000000, 0x00000000c2980000, 0x00000000eab00000)
  object space 42496K, 0% used [0x00000000c0000000,0x00000000c0000000,0x00000000c2980000)
 Metaspace       used 5592K, capacity 6768K, committed 7040K, reserved 1056768K
  class space    used 577K, capacity 616K, committed 640K, reserved 1048576K
Event: 2.017 GC heap after
Heap after GC invocations=1 (full 0):
 PSYoungGen      total 18432K, used 2559K [0x00000000eab00000, 0x00000000ebf80000, 0x0000000100000000)
  eden space 15872K, 0% used [0x00000000eab00000,0x00000000eab00000,0x00000000eba80000)
  from space 2560K, 99% used [0x00000000eba80000,0x00000000ebcffc28,0x00000000ebd00000)
  to   space 2560K, 0% used [0x00000000ebd00000,0x00000000ebd00000,0x00000000ebf80000)
 ParOldGen       total 42496K, used 1744K [0x00000000c0000000, 0x00000000c2980000, 0x00000000eab00000)
  object space 42496K, 4% used [0x00000000c0000000,0x00000000c01b41e8,0x00000000c2980000)
 Metaspace       used 5592K, capacity 6768K, committed 7040K, reserved 1056768K
  class space    used 577K, capacity 616K, committed 640K, reserved 1048576K
}
Event: 2.942 GC heap before
{Heap before GC invocations=2 (full 0):
 PSYoungGen      total 18432K, used 18431K [0x00000000eab00000, 0x00000000ebf80000, 0x0000000100000000)
  eden space 15872K, 100% used [0x00000000eab00000,0x00000000eba80000,0x00000000eba80000)
  from space 2560K, 99% used [0x00000000eba80000,0x00000000ebcffc28,0x00000000ebd00000)
  to   space 2560K, 0% used [0x00000000ebd00000,0x00000000ebd00000,0x00000000ebf80000)
 ParOldGen       total 42496K, used 1744K [0x00000000c0000000, 0x00000000c2980000, 0x00000000eab00000)
  object space 42496K, 4% used [0x00000000c0000000,0x00000000c01b41e8,0x00000000c2980000)
 Metaspace       used 5735K, capacity 6832K, committed 7040K, reserved 1056768K
  class space    used 578K, capacity 616K, committed 640K, reserved 1048576K
Event: 3.036 GC heap after
Heap after GC invocations=2 (full 0):
 PSYoungGen      total 18432K, used 2529K [0x00000000eab00000, 0x00000000ecf00000, 0x0000000100000000)
  eden space 15872K, 0% used [0x00000000eab00000,0x00000000eab00000,0x00000000eba80000)
  from space 2560K, 98% used [0x00000000ebd00000,0x00000000ebf785a8,0x00000000ebf80000)
  to   space 2560K, 0% used [0x00000000eba80000,0x00000000eba80000,0x00000000ebd00000)
 ParOldGen       total 42496K, used 6027K [0x00000000c0000000, 0x00000000c2980000, 0x00000000eab00000)
  object space 42496K, 14% used [0x00000000c0000000,0x00000000c05e2d70,0x00000000c2980000)
 Metaspace       used 5735K, capacity 6832K, committed 7040K, reserved 1056768K
  class space    used 578K, capacity 616K, committed 640K, reserved 1048576K
}

Deoptimization events (4 events):
Event: 1.171 Thread 0x00000000030a0800 Uncommon trap: reason=unstable_if action=reinterpret pc=0x00000000033aab30 method=java.util.HashMap.getNode(ILjava/lang/Object;)Ljava/util/HashMap$Node; @ 62
Event: 1.466 Thread 0x0000000017239800 Uncommon trap: reason=unstable_if action=reinterpret pc=0x0000000003401f70 method=java.util.BitSet.nextSetBit(I)I @ 87
Event: 1.780 Thread 0x0000000017239800 Uncommon trap: reason=null_check action=make_not_entrant pc=0x0000000003457e18 method=com.android.dx.ssa.SsaRenamer.getLocalForNewReg(I)Lcom/android/dx/rop/code/LocalItem; @ 19
Event: 1.781 Thread 0x0000000017239800 Uncommon trap: reason=null_check action=make_not_entrant pc=0x0000000003451ca0 method=com.android.dx.ssa.SsaRenamer.getLocalForNewReg(I)Lcom/android/dx/rop/code/LocalItem; @ 19

Internal exceptions (4 events):
Event: 0.114 Thread 0x00000000030a0800 Exception <a 'java/lang/NoSuchMethodError': Method sun.misc.Unsafe.defineClass(Ljava/lang/String;[BII)Ljava/lang/Class; name or signature does not match> (0x00000000eab0d230) thrown at [C:\re\workspace\8-2-build-windows-amd64-cygwin\jdk8u66\5298\hotspot\sr∑ÂÅö:Ω?
Event: 0.114 Thread 0x00000000030a0800 Exception <a 'java/lang/NoSuchMethodError': Method sun.misc.Unsafe.prefetchRead(Ljava/lang/Object;J)V name or signature does not match> (0x00000000eab0d518) thrown at [C:\re\workspace\8-2-build-windows-amd64-cygwin\jdk8u66\5298\hotspot\src\share\vm\prims\j#F
Event: 1.780 Thread 0x0000000017239800 Implicit null exception at 0x000000000345663c to 0x0000000003457dcd
Event: 1.781 Thread 0x0000000017239800 Implicit null exception at 0x0000000003450231 to 0x0000000003451c7d

Events (10 events):
Event: 1.869 loading class com/android/dx/dex/file/MethodAnnotationStruct
Event: 1.869 loading class com/android/dx/dex/file/MethodAnnotationStruct done
Event: 2.006 Executing VM operation: ParallelGCFailedAllocation
Event: 2.017 Executing VM operation: ParallelGCFailedAllocation done
Event: 2.104 loading class java/util/ArrayList$1
Event: 2.104 loading class java/util/ArrayList$1 done
Event: 2.210 Thread 0x00000000030a0800 DEOPT PACKING pc=0x0000000003525afa sp=0x0000000002f9e200
Event: 2.210 Thread 0x00000000030a0800 DEOPT UNPACKING pc=0x00000000031e747f sp=0x0000000002f9df68 mode 0
Event: 2.867 Executing VM operation: ParallelGCFailedAllocation
Event: 3.036 Executing VM operation: ParallelGCFailedAllocation done


Dynamic libraries:
0x00007ff6288e0000 - 0x00007ff628917000 	C:\Program Files\Java\jdk1.8.0_66\bin\java.exe
0x00007ff816c20000 - 0x00007ff816de2000 	C:\Windows\SYSTEM32\ntdll.dll
0x00007ff816a10000 - 0x00007ff816abd000 	C:\Windows\system32\KERNEL32.DLL
0x00007ff814080000 - 0x00007ff81425d000 	C:\Windows\system32\KERNELBASE.dll
0x00007ff8167b0000 - 0x00007ff816856000 	C:\Windows\system32\ADVAPI32.dll
0x00007ff8160d0000 - 0x00007ff81616d000 	C:\Windows\system32\msvcrt.dll
0x00007ff816ba0000 - 0x00007ff816bfb000 	C:\Windows\system32\sechost.dll
0x00007ff8163b0000 - 0x00007ff8164d6000 	C:\Windows\system32\RPCRT4.dll
0x00007ff815ec0000 - 0x00007ff81600e000 	C:\Windows\system32\USER32.dll
0x00007ff816170000 - 0x00007ff8162f6000 	C:\Windows\system32\GDI32.dll
0x00007ff80f110000 - 0x00007ff80f384000 	C:\Windows\WinSxS\amd64_microsoft.windows.common-controls_6595b64144ccf1df_6.0.10240.16384_none_f41f7b285750ef43\COMCTL32.dll
0x00007ff816370000 - 0x00007ff8163a6000 	C:\Windows\system32\IMM32.DLL
0x00007ff815d60000 - 0x00007ff815ebc000 	C:\Windows\system32\MSCTF.dll
0x000000005c090000 - 0x000000005c162000 	C:\Program Files\Java\jdk1.8.0_66\jre\bin\msvcr100.dll
0x000000005c7d0000 - 0x000000005d059000 	C:\Program Files\Java\jdk1.8.0_66\jre\bin\server\jvm.dll
0x00007ff8167a0000 - 0x00007ff8167a8000 	C:\Windows\system32\PSAPI.DLL
0x00007ff811460000 - 0x00007ff811469000 	C:\Windows\SYSTEM32\WSOCK32.dll
0x00007ff814540000 - 0x00007ff8145a9000 	C:\Windows\system32\WS2_32.dll
0x00007ff814530000 - 0x00007ff814538000 	C:\Windows\system32\NSI.dll
0x00007ff811430000 - 0x00007ff811453000 	C:\Windows\SYSTEM32\WINMM.dll
0x00007ff80f680000 - 0x00007ff80f68a000 	C:\Windows\SYSTEM32\VERSION.dll
0x00007ff8113d0000 - 0x00007ff8113fc000 	C:\Windows\SYSTEM32\WINMMBASE.dll
0x00007ff814260000 - 0x00007ff8142a4000 	C:\Windows\system32\cfgmgr32.dll
0x00007ff811f80000 - 0x00007ff811fa7000 	C:\Windows\SYSTEM32\DEVOBJ.dll
0x000000005c7c0000 - 0x000000005c7cf000 	C:\Program Files\Java\jdk1.8.0_66\jre\bin\verify.dll
0x000000005c790000 - 0x000000005c7b9000 	C:\Program Files\Java\jdk1.8.0_66\jre\bin\java.dll
0x000000005c770000 - 0x000000005c786000 	C:\Program Files\Java\jdk1.8.0_66\jre\bin\zip.dll
0x00007ff8147f0000 - 0x00007ff815d58000 	C:\Windows\system32\SHELL32.dll
0x00007ff813760000 - 0x00007ff813d88000 	C:\Windows\system32\windows.storage.dll
0x00007ff8142b0000 - 0x00007ff81452c000 	C:\Windows\system32\combase.dll
0x00007ff8145b0000 - 0x00007ff814601000 	C:\Windows\system32\shlwapi.dll
0x00007ff813680000 - 0x00007ff81368f000 	C:\Windows\system32\kernel.appcore.dll
0x00007ff813d90000 - 0x00007ff813e43000 	C:\Windows\system32\shcore.dll
0x00007ff813630000 - 0x00007ff81367a000 	C:\Windows\system32\powrprof.dll
0x00007ff813610000 - 0x00007ff813623000 	C:\Windows\system32\profapi.dll
0x00007ff816010000 - 0x00007ff8160ce000 	C:\Windows\system32\OLEAUT32.dll

VM Arguments:
jvm_args: -Djava.awt.headless=true -Xmx1024M -Dfile.encoding=windows-1252 -Duser.country=US -Duser.language=en -Duser.variant 
java_command: com.android.dx.command.Main --dex --force-jumbo --num-threads=4 --multi-dex --output E:\Work\projects\Udacity\MoviesApp\app\build\intermediates\transforms\dex\debug\folders\1000\5\slice_1 E:\Work\projects\Udacity\MoviesApp\app\build\intermediates\transforms\instantRunSlicer\debug\folders\1\5\slice_1
java_class_path (initial): C:\Users\ibra\AppData\Local\Android\sdk\build-tools\23.0.3\lib\dx.jar
Launcher Type: SUN_STANDARD

Environment Variables:
PATH=C:\ProgramData\Oracle\Java\javapath;C:\Windows\system32;C:\Windows;C:\Windows\System32\Wbem;C:\Windows\System32\WindowsPowerShell\v1.0\;C:\Program Files\7-Zip;C:\Program Files (x86)\Skype\Phone\;C:\Program Files\Git\cmd
USERNAME=ibra
OS=Windows_NT
PROCESSOR_IDENTIFIER=Intel64 Family 6 Model 37 Stepping 5, GenuineIntel



---------------  S Y S T E M  ---------------

OS: Windows 10.0 , 64 bit Build 10240 (10.0.10240.16384)

CPU:total 4 (2 cores per cpu, 2 threads per core) family 6 model 37 stepping 5, cmov, cx8, fxsr, mmx, sse, sse2, sse3, ssse3, sse4.1, sse4.2, popcnt, ht, tsc, tscinvbit

Memory: 4k page, physical 3987304k(261404k free), swap 5917656k(5240k free)

vm_info: Java HotSpot(TM) 64-Bit Server VM (25.66-b18) for windows-amd64 JRE (1.8.0_66-b18), built on Nov  9 2015 10:51:13 by "java_re" with MS VC++ 10.0 (VS2010)

time: Sat Apr 23 15:58:55 2016
elapsed time: 3 seconds (0d 0h 0m 3s)

