#
# There is insufficient memory for the Java Runtime Environment to continue.
# Native memory allocation (malloc) failed to allocate 664256 bytes for Chunk::new
# Possible reasons:
#   The system is out of physical RAM or swap space
#   In 32 bit mode, the process size limit was hit
# Possible solutions:
#   Reduce memory load on the system
#   Increase physical memory or swap space
#   Check if swap backing store is full
#   Use 64 bit Java on a 64 bit OS
#   Decrease Java heap size (-Xmx/-Xms)
#   Decrease number of Java threads
#   Decrease Java thread stack sizes (-Xss)
#   Set larger code cache with -XX:ReservedCodeCacheSize=
# This output file may be truncated or incomplete.
#
#  Out of Memory Error (allocation.cpp:390), pid=8008, tid=6648
#
# JRE version: Java(TM) SE Runtime Environment (8.0_66-b18) (build 1.8.0_66-b18)
# Java VM: Java HotSpot(TM) 64-Bit Server VM (25.66-b18 mixed mode windows-amd64 compressed oops)
# Failed to write core dump. Minidumps are not enabled by default on client versions of Windows
#

---------------  T H R E A D  ---------------

Current thread (0x0000000014ea8000):  JavaThread "C2 CompilerThread0" daemon [_thread_in_native, id=6648, stack(0x00000000164e0000,0x00000000165e0000)]

Stack: [0x00000000164e0000,0x00000000165e0000]
[error occurred during error reporting (printing stack bounds), id 0xc0000005]

Native frames: (J=compiled Java code, j=interpreted, Vv=VM code, C=native code)


Current CompileTask:
C2:   3998 1458       4       com.android.dx.ssa.SCCP::simulateBranch (666 bytes)


---------------  P R O C E S S  ---------------

Java Threads: ( => current thread )
  0x0000000016a3f800 JavaThread "pool-2-thread-4" [_thread_in_Java, id=6240, stack(0x00000000171e0000,0x00000000172e0000)]
  0x0000000016a3e800 JavaThread "pool-2-thread-3" [_thread_in_Java, id=3268, stack(0x00000000170e0000,0x00000000171e0000)]
  0x0000000016a36000 JavaThread "pool-2-thread-2" [_thread_in_Java, id=1556, stack(0x0000000016fe0000,0x00000000170e0000)]
  0x0000000016a35000 JavaThread "pool-3-thread-1" [_thread_blocked, id=3040, stack(0x0000000016ee0000,0x0000000016fe0000)]
  0x0000000016a30000 JavaThread "pool-2-thread-1" [_thread_in_Java, id=5736, stack(0x0000000016de0000,0x0000000016ee0000)]
  0x00000000167e2800 JavaThread "Service Thread" daemon [_thread_blocked, id=6620, stack(0x0000000016be0000,0x0000000016ce0000)]
  0x0000000014f08000 JavaThread "C1 CompilerThread2" daemon [_thread_blocked, id=2932, stack(0x00000000166e0000,0x00000000167e0000)]
  0x0000000014eaf000 JavaThread "C2 CompilerThread1" daemon [_thread_in_native, id=6856, stack(0x00000000165e0000,0x00000000166e0000)]
=>0x0000000014ea8000 JavaThread "C2 CompilerThread0" daemon [_thread_in_native, id=6648, stack(0x00000000164e0000,0x00000000165e0000)]
  0x0000000014ea6800 JavaThread "Attach Listener" daemon [_thread_blocked, id=7224, stack(0x00000000163e0000,0x00000000164e0000)]
  0x0000000014ea5800 JavaThread "Signal Dispatcher" daemon [_thread_blocked, id=2660, stack(0x00000000162e0000,0x00000000163e0000)]
  0x00000000027d0000 JavaThread "Finalizer" daemon [_thread_blocked, id=8036, stack(0x0000000016100000,0x0000000016200000)]
  0x00000000027cd000 JavaThread "Reference Handler" daemon [_thread_blocked, id=6680, stack(0x0000000016000000,0x0000000016100000)]
  0x00000000026e0800 JavaThread "main" [_thread_blocked, id=5116, stack(0x00000000025e0000,0x00000000026e0000)]

Other Threads:
  0x0000000014e77800 VMThread [stack: 0x0000000015f00000,0x0000000016000000] [id=1908]
  0x00000000167e7000 WatcherThread [stack: 0x0000000016ce0000,0x0000000016de0000] [id=6128]

VM state:not at safepoint (normal execution)

VM Mutex/Monitor currently owned by a thread: None

Heap:
 PSYoungGen      total 18432K, used 8209K [0x00000000eab00000, 0x00000000ebf80000, 0x0000000100000000)
  eden space 15872K, 35% used [0x00000000eab00000,0x00000000eb08c400,0x00000000eba80000)
  from space 2560K, 98% used [0x00000000eba80000,0x00000000ebcf8018,0x00000000ebd00000)
  to   space 2560K, 0% used [0x00000000ebd00000,0x00000000ebd00000,0x00000000ebf80000)
 ParOldGen       total 42496K, used 4742K [0x00000000c0000000, 0x00000000c2980000, 0x00000000eab00000)
  object space 42496K, 11% used [0x00000000c0000000,0x00000000c04a18c8,0x00000000c2980000)
 Metaspace       used 6138K, capacity 7024K, committed 7296K, reserved 1056768K
  class space    used 601K, capacity 616K, committed 640K, reserved 1048576K

Card table byte_map: [0x0000000011ba0000,0x0000000011db0000] byte_map_base: 0x00000000115a0000

Marking Bits: (ParMarkBitMap*) 0x000000005cfda5b0
 Begin Bits: [0x0000000012310000, 0x0000000013310000)
 End Bits:   [0x0000000013310000, 0x0000000014310000)

Polling page: 0x0000000000890000

CodeCache: size=245760Kb used=5976Kb max_used=5976Kb free=239783Kb
 bounds [0x00000000027e0000, 0x0000000002dc0000, 0x00000000117e0000]
 total_blobs=1730 nmethods=1461 adapters=182
 compilation: enabled

Compilation events (10 events):
Event: 3.965 Thread 0x0000000014f08000 1463   !   3       com.android.dx.cf.cst.ConstantPoolParser::determineOffsets (285 bytes)
Event: 3.968 Thread 0x0000000014f08000 nmethod 1463 0x0000000002db0550 code [0x0000000002db08e0, 0x0000000002db23d8]
Event: 3.968 Thread 0x0000000014f08000 1465       3       com.android.dx.cf.cst.ConstantPoolParser::parse (365 bytes)
Event: 3.973 Thread 0x0000000014f08000 nmethod 1465 0x0000000002db3790 code [0x0000000002db3d00, 0x0000000002db7208]
Event: 3.973 Thread 0x0000000014f08000 1467       3       com.android.dx.cf.code.Simulator$SimVisitor::visitBranch (341 bytes)
Event: 3.975 Thread 0x0000000014f08000 nmethod 1467 0x0000000002db9450 code [0x0000000002db96e0, 0x0000000002dba7c8]
Event: 3.975 Thread 0x0000000014f08000 1468       3       com.android.dx.cf.code.BaseMachine::auxTargetArg (6 bytes)
Event: 3.975 Thread 0x0000000014f08000 nmethod 1468 0x0000000002da7650 code [0x0000000002da77a0, 0x0000000002da78f0]
Event: 3.980 Thread 0x0000000014f08000 1470   !   3       com.android.dx.cf.attrib.AttCode::<init> (144 bytes)
Event: 3.981 Thread 0x0000000014f08000 nmethod 1470 0x0000000002dbb0d0 code [0x0000000002dbb300, 0x0000000002dbbda8]

GC Heap History (6 events):
Event: 2.908 GC heap before
{Heap before GC invocations=1 (full 0):
 PSYoungGen      total 18432K, used 15872K [0x00000000eab00000, 0x00000000ebf80000, 0x0000000100000000)
  eden space 15872K, 100% used [0x00000000eab00000,0x00000000eba80000,0x00000000eba80000)
  from space 2560K, 0% used [0x00000000ebd00000,0x00000000ebd00000,0x00000000ebf80000)
  to   space 2560K, 0% used [0x00000000eba80000,0x00000000eba80000,0x00000000ebd00000)
 ParOldGen       total 42496K, used 0K [0x00000000c0000000, 0x00000000c2980000, 0x00000000eab00000)
  object space 42496K, 0% used [0x00000000c0000000,0x00000000c0000000,0x00000000c2980000)
 Metaspace       used 5433K, capacity 6448K, committed 6528K, reserved 1056768K
  class space    used 591K, capacity 616K, committed 640K, reserved 1048576K
Event: 2.915 GC heap after
Heap after GC invocations=1 (full 0):
 PSYoungGen      total 18432K, used 2544K [0x00000000eab00000, 0x00000000ebf80000, 0x0000000100000000)
  eden space 15872K, 0% used [0x00000000eab00000,0x00000000eab00000,0x00000000eba80000)
  from space 2560K, 99% used [0x00000000eba80000,0x00000000ebcfc030,0x00000000ebd00000)
  to   space 2560K, 0% used [0x00000000ebd00000,0x00000000ebd00000,0x00000000ebf80000)
 ParOldGen       total 42496K, used 701K [0x00000000c0000000, 0x00000000c2980000, 0x00000000eab00000)
  object space 42496K, 1% used [0x00000000c0000000,0x00000000c00af6b0,0x00000000c2980000)
 Metaspace       used 5433K, capacity 6448K, committed 6528K, reserved 1056768K
  class space    used 591K, capacity 616K, committed 640K, reserved 1048576K
}
Event: 3.468 GC heap before
{Heap before GC invocations=2 (full 0):
 PSYoungGen      total 18432K, used 18416K [0x00000000eab00000, 0x00000000ebf80000, 0x0000000100000000)
  eden space 15872K, 100% used [0x00000000eab00000,0x00000000eba80000,0x00000000eba80000)
  from space 2560K, 99% used [0x00000000eba80000,0x00000000ebcfc030,0x00000000ebd00000)
  to   space 2560K, 0% used [0x00000000ebd00000,0x00000000ebd00000,0x00000000ebf80000)
 ParOldGen       total 42496K, used 701K [0x00000000c0000000, 0x00000000c2980000, 0x00000000eab00000)
  object space 42496K, 1% used [0x00000000c0000000,0x00000000c00af6b0,0x00000000c2980000)
 Metaspace       used 5920K, capacity 6832K, committed 7040K, reserved 1056768K
  class space    used 595K, capacity 616K, committed 640K, reserved 1048576K
Event: 3.481 GC heap after
Heap after GC invocations=2 (full 0):
 PSYoungGen      total 18432K, used 2554K [0x00000000eab00000, 0x00000000ebf80000, 0x0000000100000000)
  eden space 15872K, 0% used [0x00000000eab00000,0x00000000eab00000,0x00000000eba80000)
  from space 2560K, 99% used [0x00000000ebd00000,0x00000000ebf7eab8,0x00000000ebf80000)
  to   space 2560K, 0% used [0x00000000eba80000,0x00000000eba80000,0x00000000ebd00000)
 ParOldGen       total 42496K, used 2219K [0x00000000c0000000, 0x00000000c2980000, 0x00000000eab00000)
  object space 42496K, 5% used [0x00000000c0000000,0x00000000c022ade0,0x00000000c2980000)
 Metaspace       used 5920K, capacity 6832K, committed 7040K, reserved 1056768K
  class space    used 595K, capacity 616K, committed 640K, reserved 1048576K
}
Event: 3.890 GC heap before
{Heap before GC invocations=3 (full 0):
 PSYoungGen      total 18432K, used 18426K [0x00000000eab00000, 0x00000000ebf80000, 0x0000000100000000)
  eden space 15872K, 100% used [0x00000000eab00000,0x00000000eba80000,0x00000000eba80000)
  from space 2560K, 99% used [0x00000000ebd00000,0x00000000ebf7eab8,0x00000000ebf80000)
  to   space 2560K, 0% used [0x00000000eba80000,0x00000000eba80000,0x00000000ebd00000)
 ParOldGen       total 42496K, used 2511K [0x00000000c0000000, 0x00000000c2980000, 0x00000000eab00000)
  object space 42496K, 5% used [0x00000000c0000000,0x00000000c0273d58,0x00000000c2980000)
 Metaspace       used 6115K, capacity 7024K, committed 7296K, reserved 1056768K
  class space    used 600K, capacity 616K, committed 640K, reserved 1048576K
Event: 3.906 GC heap after
Heap after GC invocations=3 (full 0):
 PSYoungGen      total 18432K, used 2528K [0x00000000eab00000, 0x00000000ebf80000, 0x0000000100000000)
  eden space 15872K, 0% used [0x00000000eab00000,0x00000000eab00000,0x00000000eba80000)
  from space 2560K, 98% used [0x00000000eba80000,0x00000000ebcf8018,0x00000000ebd00000)
  to   space 2560K, 0% used [0x00000000ebd00000,0x00000000ebd00000,0x00000000ebf80000)
 ParOldGen       total 42496K, used 4742K [0x00000000c0000000, 0x00000000c2980000, 0x00000000eab00000)
  object space 42496K, 11% used [0x00000000c0000000,0x00000000c04a18c8,0x00000000c2980000)
 Metaspace       used 6115K, capacity 7024K, committed 7296K, reserved 1056768K
  class space    used 600K, capacity 616K, committed 640K, reserved 1048576K
}

Deoptimization events (2 events):
Event: 1.770 Thread 0x00000000026e0800 Uncommon trap: reason=unstable_if action=reinterpret pc=0x000000000292cd94 method=java.lang.String.compareTo(Ljava/lang/String;)I @ 38
Event: 3.198 Thread 0x0000000016a3f800 Uncommon trap: reason=unstable_if action=reinterpret pc=0x0000000002aec99c method=com.android.dx.rop.cst.Constant.compareTo(Lcom/android/dx/rop/cst/Constant;)I @ 12

Internal exceptions (2 events):
Event: 0.169 Thread 0x00000000026e0800 Exception <a 'java/lang/NoSuchMethodError': Method sun.misc.Unsafe.defineClass(Ljava/lang/String;[BII)Ljava/lang/Class; name or signature does not match> (0x00000000eab0d2e0) thrown at [C:\re\workspace\8-2-build-windows-amd64-cygwin\jdk8u66\5298\hotspot\sr\
ﬂNÑö≈?
Event: 0.169 Thread 0x00000000026e0800 Exception <a 'java/lang/NoSuchMethodError': Method sun.misc.Unsafe.prefetchRead(Ljava/lang/Object;J)V name or signature does not match> (0x00000000eab0d5c8) thrown at [C:\re\workspace\8-2-build-windows-amd64-cygwin\jdk8u66\5298\hotspot\src\share\vm\prims\j

Events (10 events):
Event: 3.848 loading class com/android/dx/dex/file/AnnotationSetRefItem
Event: 3.848 loading class com/android/dx/dex/file/AnnotationSetRefItem done
Event: 3.878 Executing VM operation: ParallelGCFailedAllocation
Event: 3.878 Executing VM operation: ParallelGCFailedAllocation done
Event: 3.890 Executing VM operation: ParallelGCSystemGC
Event: 3.906 Executing VM operation: ParallelGCSystemGC done
Event: 3.908 loading class com/android/dx/cf/attrib/AttRuntimeInvisibleAnnotations
Event: 3.908 loading class com/android/dx/cf/attrib/AttRuntimeInvisibleAnnotations done
Event: 3.908 loading class com/android/dx/cf/attrib/BaseAnnotations
Event: 3.908 loading class com/android/dx/cf/attrib/BaseAnnotations done


Dynamic libraries:
0x00007ff6288e0000 - 0x00007ff628917000 	C:\Program Files\Java\jdk1.8.0_66\bin\java.exe
0x00007ff816c20000 - 0x00007ff816de2000 	C:\Windows\SYSTEM32\ntdll.dll
0x00007ff816a10000 - 0x00007ff816abd000 	C:\Windows\system32\KERNEL32.DLL
0x00007ff814080000 - 0x00007ff81425d000 	C:\Windows\system32\KERNELBASE.dll
0x00007ff8167b0000 - 0x00007ff816856000 	C:\Windows\system32\ADVAPI32.dll
0x00007ff8160d0000 - 0x00007ff81616d000 	C:\Windows\system32\msvcrt.dll
0x00007ff816ba0000 - 0x00007ff816bfb000 	C:\Windows\system32\sechost.dll
0x00007ff8163b0000 - 0x00007ff8164d6000 	C:\Windows\system32\RPCRT4.dll
0x00007ff815ec0000 - 0x00007ff81600e000 	C:\Windows\system32\USER32.dll
0x00007ff816170000 - 0x00007ff8162f6000 	C:\Windows\system32\GDI32.dll
0x00007ff80f110000 - 0x00007ff80f384000 	C:\Windows\WinSxS\amd64_microsoft.windows.common-controls_6595b64144ccf1df_6.0.10240.16384_none_f41f7b285750ef43\COMCTL32.dll
0x00007ff816370000 - 0x00007ff8163a6000 	C:\Windows\system32\IMM32.DLL
0x00007ff815d60000 - 0x00007ff815ebc000 	C:\Windows\system32\MSCTF.dll
0x000000005c090000 - 0x000000005c162000 	C:\Program Files\Java\jdk1.8.0_66\jre\bin\msvcr100.dll
0x000000005c7d0000 - 0x000000005d059000 	C:\Program Files\Java\jdk1.8.0_66\jre\bin\server\jvm.dll
0x00007ff8167a0000 - 0x00007ff8167a8000 	C:\Windows\system32\PSAPI.DLL
0x00007ff811460000 - 0x00007ff811469000 	C:\Windows\SYSTEM32\WSOCK32.dll
0x00007ff814540000 - 0x00007ff8145a9000 	C:\Windows\system32\WS2_32.dll
0x00007ff814530000 - 0x00007ff814538000 	C:\Windows\system32\NSI.dll
0x00007ff811430000 - 0x00007ff811453000 	C:\Windows\SYSTEM32\WINMM.dll
0x00007ff80f680000 - 0x00007ff80f68a000 	C:\Windows\SYSTEM32\VERSION.dll
0x00007ff8113d0000 - 0x00007ff8113fc000 	C:\Windows\SYSTEM32\WINMMBASE.dll
0x00007ff814260000 - 0x00007ff8142a4000 	C:\Windows\system32\cfgmgr32.dll
0x00007ff811f80000 - 0x00007ff811fa7000 	C:\Windows\SYSTEM32\DEVOBJ.dll
0x000000005c7c0000 - 0x000000005c7cf000 	C:\Program Files\Java\jdk1.8.0_66\jre\bin\verify.dll
0x000000005c790000 - 0x000000005c7b9000 	C:\Program Files\Java\jdk1.8.0_66\jre\bin\java.dll
0x000000005c770000 - 0x000000005c786000 	C:\Program Files\Java\jdk1.8.0_66\jre\bin\zip.dll
0x00007ff8147f0000 - 0x00007ff815d58000 	C:\Windows\system32\SHELL32.dll
0x00007ff813760000 - 0x00007ff813d88000 	C:\Windows\system32\windows.storage.dll
0x00007ff8142b0000 - 0x00007ff81452c000 	C:\Windows\system32\combase.dll
0x00007ff8145b0000 - 0x00007ff814601000 	C:\Windows\system32\shlwapi.dll
0x00007ff813680000 - 0x00007ff81368f000 	C:\Windows\system32\kernel.appcore.dll
0x00007ff813d90000 - 0x00007ff813e43000 	C:\Windows\system32\shcore.dll
0x00007ff813630000 - 0x00007ff81367a000 	C:\Windows\system32\powrprof.dll
0x00007ff813610000 - 0x00007ff813623000 	C:\Windows\system32\profapi.dll
0x00007ff816010000 - 0x00007ff8160ce000 	C:\Windows\system32\OLEAUT32.dll

VM Arguments:
jvm_args: -Djava.awt.headless=true -Xmx1024M -Dfile.encoding=windows-1252 -Duser.country=US -Duser.language=en -Duser.variant 
java_command: com.android.dx.command.Main --dex --force-jumbo --num-threads=4 --multi-dex --output E:\Work\projects\Udacity\MoviesApp\app\build\intermediates\transforms\dex\debug\folders\1000\10\internal_impl-23.2.1_ffce7937b21c72554d22574896d1af44375c8962 E:\Work\projects\Udacity\MoviesApp\app\build\intermediates\exploded-aar\com.android.support\support-v4\23.2.1\jars\libs\internal_impl-23.2.1.jar
java_class_path (initial): C:\Users\ibra\AppData\Local\Android\sdk\build-tools\23.0.3\lib\dx.jar
Launcher Type: SUN_STANDARD

Environment Variables:
PATH=C:\ProgramData\Oracle\Java\javapath;C:\Windows\system32;C:\Windows;C:\Windows\System32\Wbem;C:\Windows\System32\WindowsPowerShell\v1.0\;C:\Program Files\7-Zip;C:\Program Files (x86)\Skype\Phone\;C:\Program Files\Git\cmd
USERNAME=ibra
OS=Windows_NT
PROCESSOR_IDENTIFIER=Intel64 Family 6 Model 37 Stepping 5, GenuineIntel



---------------  S Y S T E M  ---------------

OS: Windows 10.0 , 64 bit Build 10240 (10.0.10240.16384)

CPU:total 4 (2 cores per cpu, 2 threads per core) family 6 model 37 stepping 5, cmov, cx8, fxsr, mmx, sse, sse2, sse3, ssse3, sse4.1, sse4.2, popcnt, ht, tsc, tscinvbit

Memory: 4k page, physical 3987304k(292756k free), swap 5917656k(5680k free)

vm_info: Java HotSpot(TM) 64-Bit Server VM (25.66-b18) for windows-amd64 JRE (1.8.0_66-b18), built on Nov  9 2015 10:51:13 by "java_re" with MS VC++ 10.0 (VS2010)

time: Sat Apr 23 16:00:24 2016
elapsed time: 4 seconds (0d 0h 0m 4s)

