#
# There is insufficient memory for the Java Runtime Environment to continue.
# Native memory allocation (malloc) failed to allocate 32784 bytes for Chunk::new
# Possible reasons:
#   The system is out of physical RAM or swap space
#   In 32 bit mode, the process size limit was hit
# Possible solutions:
#   Reduce memory load on the system
#   Increase physical memory or swap space
#   Check if swap backing store is full
#   Use 64 bit Java on a 64 bit OS
#   Decrease Java heap size (-Xmx/-Xms)
#   Decrease number of Java threads
#   Decrease Java thread stack sizes (-Xss)
#   Set larger code cache with -XX:ReservedCodeCacheSize=
# This output file may be truncated or incomplete.
#
#  Out of Memory Error (allocation.cpp:390), pid=6120, tid=6604
#
# JRE version: Java(TM) SE Runtime Environment (8.0_66-b18) (build 1.8.0_66-b18)
# Java VM: Java HotSpot(TM) 64-Bit Server VM (25.66-b18 mixed mode windows-amd64 compressed oops)
# Failed to write core dump. Minidumps are not enabled by default on client versions of Windows
#

---------------  T H R E A D  ---------------

Current thread (0x0000000014d4f000):  JavaThread "C2 CompilerThread1" daemon [_thread_in_native, id=6604, stack(0x00000000163a0000,0x00000000164a0000)]

Stack: [0x00000000163a0000,0x00000000164a0000]
[error occurred during error reporting (printing stack bounds), id 0xc0000005]

Native frames: (J=compiled Java code, j=interpreted, Vv=VM code, C=native code)


Current CompileTask:
C2:   5309  958       4       com.android.dx.ssa.back.LivenessAnalyzer::liveOutAtStatement (61 bytes)


---------------  P R O C E S S  ---------------

Java Threads: ( => current thread )
  0x00000000166eb800 JavaThread "pool-2-thread-4" [_thread_in_Java, id=2460, stack(0x0000000016fa0000,0x00000000170a0000)]
  0x00000000166ea800 JavaThread "pool-2-thread-3" [_thread_in_Java, id=7404, stack(0x0000000016ea0000,0x0000000016fa0000)]
  0x0000000016615000 JavaThread "pool-2-thread-2" [_thread_blocked, id=3948, stack(0x0000000016da0000,0x0000000016ea0000)]
  0x000000001660c000 JavaThread "pool-3-thread-1" [_thread_blocked, id=4492, stack(0x0000000016ca0000,0x0000000016da0000)]
  0x000000001660b800 JavaThread "pool-2-thread-1" [_thread_in_Java, id=5524, stack(0x0000000016ba0000,0x0000000016ca0000)]
  0x00000000164ab800 JavaThread "Service Thread" daemon [_thread_blocked, id=7540, stack(0x00000000169a0000,0x0000000016aa0000)]
  0x00000000164a8800 JavaThread "C1 CompilerThread2" daemon [_thread_blocked, id=7712, stack(0x00000000168a0000,0x00000000169a0000)]
=>0x0000000014d4f000 JavaThread "C2 CompilerThread1" daemon [_thread_in_native, id=6604, stack(0x00000000163a0000,0x00000000164a0000)]
  0x0000000014d48800 JavaThread "C2 CompilerThread0" daemon [_thread_in_native, id=5036, stack(0x00000000162a0000,0x00000000163a0000)]
  0x0000000014d47000 JavaThread "Attach Listener" daemon [_thread_blocked, id=8128, stack(0x00000000161a0000,0x00000000162a0000)]
  0x0000000014d45800 JavaThread "Signal Dispatcher" daemon [_thread_blocked, id=2456, stack(0x00000000160a0000,0x00000000161a0000)]
  0x0000000002670000 JavaThread "Finalizer" daemon [_thread_blocked, id=7588, stack(0x0000000015fa0000,0x00000000160a0000)]
  0x000000000266d000 JavaThread "Reference Handler" daemon [_thread_blocked, id=1136, stack(0x0000000015ea0000,0x0000000015fa0000)]
  0x0000000002580800 JavaThread "main" [_thread_blocked, id=904, stack(0x0000000002390000,0x0000000002490000)]

Other Threads:
  0x0000000014d18000 VMThread [stack: 0x0000000015da0000,0x0000000015ea0000] [id=6892]
  0x00000000164b0800 WatcherThread [stack: 0x0000000016aa0000,0x0000000016ba0000] [id=2952]

VM state:not at safepoint (normal execution)

VM Mutex/Monitor currently owned by a thread: None

Heap:
 PSYoungGen      total 18432K, used 8447K [0x00000000eab00000, 0x00000000ebf80000, 0x0000000100000000)
  eden space 15872K, 37% used [0x00000000eab00000,0x00000000eb0c5fe0,0x00000000eba80000)
  from space 2560K, 99% used [0x00000000eba80000,0x00000000ebcf9c88,0x00000000ebd00000)
  to   space 2560K, 0% used [0x00000000ebd00000,0x00000000ebd00000,0x00000000ebf80000)
 ParOldGen       total 42496K, used 2063K [0x00000000c0000000, 0x00000000c2980000, 0x00000000eab00000)
  object space 42496K, 4% used [0x00000000c0000000,0x00000000c0203e68,0x00000000c2980000)
 Metaspace       used 5910K, capacity 6834K, committed 7040K, reserved 1056768K
  class space    used 603K, capacity 618K, committed 640K, reserved 1048576K

Card table byte_map: [0x0000000011a40000,0x0000000011c50000] byte_map_base: 0x0000000011440000

Marking Bits: (ParMarkBitMap*) 0x000000005cfda5b0
 Begin Bits: [0x00000000121b0000, 0x00000000131b0000)
 End Bits:   [0x00000000131b0000, 0x00000000141b0000)

Polling page: 0x0000000000a70000

CodeCache: size=245760Kb used=4050Kb max_used=4050Kb free=241709Kb
 bounds [0x0000000002680000, 0x0000000002a80000, 0x0000000011680000]
 total_blobs=1261 nmethods=993 adapters=182
 compilation: enabled

Compilation events (10 events):
Event: 5.297 Thread 0x00000000164a8800  998       1       java.util.HashMap::size (5 bytes)
Event: 5.298 Thread 0x00000000164a8800 nmethod 998 0x0000000002a74850 code [0x0000000002a749a0, 0x0000000002a74ab0]
Event: 5.298 Thread 0x00000000164a8800  996       1       com.android.dx.cf.attrib.AttCode::getMaxStack (5 bytes)
Event: 5.298 Thread 0x00000000164a8800 nmethod 996 0x0000000002a74b10 code [0x0000000002a74c60, 0x0000000002a74d70]
Event: 5.299 Thread 0x00000000164a8800 1000       3       com.android.dx.ssa.back.SsaToRop::convertBasicBlocks (151 bytes)
Event: 5.299 Thread 0x0000000014d4f000 nmethod 956 0x0000000002a74dd0 code [0x0000000002a74f60, 0x0000000002a75628]
Event: 5.299 Thread 0x0000000014d4f000  958       4       com.android.dx.ssa.back.LivenessAnalyzer::liveOutAtStatement (61 bytes)
Event: 5.301 Thread 0x00000000164a8800 nmethod 1000 0x0000000002a44c10 code [0x0000000002a44f20, 0x0000000002a467f8]
Event: 5.301 Thread 0x00000000164a8800 1001       3       com.android.dx.rop.code.RegisterSpecSet::<init> (27 bytes)
Event: 5.301 Thread 0x00000000164a8800 nmethod 1001 0x0000000002a44690 code [0x0000000002a44800, 0x0000000002a44b10]

GC Heap History (2 events):
Event: 4.912 GC heap before
{Heap before GC invocations=1 (full 0):
 PSYoungGen      total 18432K, used 15872K [0x00000000eab00000, 0x00000000ebf80000, 0x0000000100000000)
  eden space 15872K, 100% used [0x00000000eab00000,0x00000000eba80000,0x00000000eba80000)
  from space 2560K, 0% used [0x00000000ebd00000,0x00000000ebd00000,0x00000000ebf80000)
  to   space 2560K, 0% used [0x00000000eba80000,0x00000000eba80000,0x00000000ebd00000)
 ParOldGen       total 42496K, used 0K [0x00000000c0000000, 0x00000000c2980000, 0x00000000eab00000)
  object space 42496K, 0% used [0x00000000c0000000,0x00000000c0000000,0x00000000c2980000)
 Metaspace       used 5829K, capacity 6832K, committed 7040K, reserved 1056768K
  class space    used 599K, capacity 616K, committed 640K, reserved 1048576K
Event: 5.131 GC heap after
Heap after GC invocations=1 (full 0):
 PSYoungGen      total 18432K, used 2535K [0x00000000eab00000, 0x00000000ebf80000, 0x0000000100000000)
  eden space 15872K, 0% used [0x00000000eab00000,0x00000000eab00000,0x00000000eba80000)
  from space 2560K, 99% used [0x00000000eba80000,0x00000000ebcf9c88,0x00000000ebd00000)
  to   space 2560K, 0% used [0x00000000ebd00000,0x00000000ebd00000,0x00000000ebf80000)
 ParOldGen       total 42496K, used 2063K [0x00000000c0000000, 0x00000000c2980000, 0x00000000eab00000)
  object space 42496K, 4% used [0x00000000c0000000,0x00000000c0203e68,0x00000000c2980000)
 Metaspace       used 5829K, capacity 6832K, committed 7040K, reserved 1056768K
  class space    used 599K, capacity 616K, committed 640K, reserved 1048576K
}

Deoptimization events (2 events):
Event: 3.406 Thread 0x0000000002580800 Uncommon trap: reason=unstable_if action=reinterpret pc=0x00000000028a64b4 method=java.util.HashMap.getNode(ILjava/lang/Object;)Ljava/util/HashMap$Node; @ 62
Event: 5.174 Thread 0x0000000016615000 Uncommon trap: reason=unstable_if action=reinterpret pc=0x000000000291bd1c method=com.android.dx.rop.cst.Constant.compareTo(Lcom/android/dx/rop/cst/Constant;)I @ 12

Internal exceptions (2 events):
Event: 0.227 Thread 0x0000000002580800 Exception <a 'java/lang/NoSuchMethodError': Method sun.misc.Unsafe.defineClass(Ljava/lang/String;[BII)Ljava/lang/Class; name or signature does not match> (0x00000000eab0d310) thrown at [C:\re\workspace\8-2-build-windows-amd64-cygwin\jdk8u66\5298\hotspot\srU§$½Í?
Event: 0.227 Thread 0x0000000002580800 Exception <a 'java/lang/NoSuchMethodError': Method sun.misc.Unsafe.prefetchRead(Ljava/lang/Object;J)V name or signature does not match> (0x00000000eab0d5f8) thrown at [C:\re\workspace\8-2-build-windows-amd64-cygwin\jdk8u66\5298\hotspot\src\share\vm\prims\j

Events (10 events):
Event: 5.156 loading class java/util/HashMap$KeyIterator done
Event: 5.173 Thread 0x0000000016615000 Uncommon trap: trap_request=0xffffff65 fr.pc=0x000000000291bd1c
Event: 5.174 Thread 0x0000000016615000 DEOPT PACKING pc=0x000000000291bd1c sp=0x0000000016e9e4f0
Event: 5.174 Thread 0x0000000016615000 DEOPT UNPACKING pc=0x00000000026c582a sp=0x0000000016e9e490 mode 2
Event: 5.240 loading class java/util/TreeMap$EntrySet
Event: 5.240 loading class java/util/TreeMap$EntrySet done
Event: 5.240 loading class java/util/TreeMap$EntryIterator
Event: 5.240 loading class java/util/TreeMap$EntryIterator done
Event: 5.240 Executing VM operation: Deoptimize
Event: 5.251 Executing VM operation: Deoptimize done


Dynamic libraries:
0x00007ff6288e0000 - 0x00007ff628917000 	C:\Program Files\Java\jdk1.8.0_66\bin\java.exe
0x00007ff816c20000 - 0x00007ff816de2000 	C:\Windows\SYSTEM32\ntdll.dll
0x00007ff816a10000 - 0x00007ff816abd000 	C:\Windows\system32\KERNEL32.DLL
0x00007ff814080000 - 0x00007ff81425d000 	C:\Windows\system32\KERNELBASE.dll
0x00007ff8167b0000 - 0x00007ff816856000 	C:\Windows\system32\ADVAPI32.dll
0x00007ff8160d0000 - 0x00007ff81616d000 	C:\Windows\system32\msvcrt.dll
0x00007ff816ba0000 - 0x00007ff816bfb000 	C:\Windows\system32\sechost.dll
0x00007ff8163b0000 - 0x00007ff8164d6000 	C:\Windows\system32\RPCRT4.dll
0x00007ff815ec0000 - 0x00007ff81600e000 	C:\Windows\system32\USER32.dll
0x00007ff816170000 - 0x00007ff8162f6000 	C:\Windows\system32\GDI32.dll
0x00007ff80f110000 - 0x00007ff80f384000 	C:\Windows\WinSxS\amd64_microsoft.windows.common-controls_6595b64144ccf1df_6.0.10240.16384_none_f41f7b285750ef43\COMCTL32.dll
0x00007ff816370000 - 0x00007ff8163a6000 	C:\Windows\system32\IMM32.DLL
0x00007ff815d60000 - 0x00007ff815ebc000 	C:\Windows\system32\MSCTF.dll
0x000000005c090000 - 0x000000005c162000 	C:\Program Files\Java\jdk1.8.0_66\jre\bin\msvcr100.dll
0x000000005c7d0000 - 0x000000005d059000 	C:\Program Files\Java\jdk1.8.0_66\jre\bin\server\jvm.dll
0x00007ff8167a0000 - 0x00007ff8167a8000 	C:\Windows\system32\PSAPI.DLL
0x00007ff811460000 - 0x00007ff811469000 	C:\Windows\SYSTEM32\WSOCK32.dll
0x00007ff814540000 - 0x00007ff8145a9000 	C:\Windows\system32\WS2_32.dll
0x00007ff814530000 - 0x00007ff814538000 	C:\Windows\system32\NSI.dll
0x00007ff811430000 - 0x00007ff811453000 	C:\Windows\SYSTEM32\WINMM.dll
0x00007ff80f680000 - 0x00007ff80f68a000 	C:\Windows\SYSTEM32\VERSION.dll
0x00007ff8113d0000 - 0x00007ff8113fc000 	C:\Windows\SYSTEM32\WINMMBASE.dll
0x00007ff814260000 - 0x00007ff8142a4000 	C:\Windows\system32\cfgmgr32.dll
0x00007ff811f80000 - 0x00007ff811fa7000 	C:\Windows\SYSTEM32\DEVOBJ.dll
0x000000005c7c0000 - 0x000000005c7cf000 	C:\Program Files\Java\jdk1.8.0_66\jre\bin\verify.dll
0x000000005c790000 - 0x000000005c7b9000 	C:\Program Files\Java\jdk1.8.0_66\jre\bin\java.dll
0x000000005c770000 - 0x000000005c786000 	C:\Program Files\Java\jdk1.8.0_66\jre\bin\zip.dll
0x00007ff8147f0000 - 0x00007ff815d58000 	C:\Windows\system32\SHELL32.dll
0x00007ff813760000 - 0x00007ff813d88000 	C:\Windows\system32\windows.storage.dll
0x00007ff8142b0000 - 0x00007ff81452c000 	C:\Windows\system32\combase.dll
0x00007ff8145b0000 - 0x00007ff814601000 	C:\Windows\system32\shlwapi.dll
0x00007ff813680000 - 0x00007ff81368f000 	C:\Windows\system32\kernel.appcore.dll
0x00007ff813d90000 - 0x00007ff813e43000 	C:\Windows\system32\shcore.dll
0x00007ff813630000 - 0x00007ff81367a000 	C:\Windows\system32\powrprof.dll
0x00007ff813610000 - 0x00007ff813623000 	C:\Windows\system32\profapi.dll
0x00007ff816010000 - 0x00007ff8160ce000 	C:\Windows\system32\OLEAUT32.dll

VM Arguments:
jvm_args: -Djava.awt.headless=true -Xmx1024M -Dfile.encoding=windows-1252 -Duser.country=US -Duser.language=en -Duser.variant 
java_command: com.android.dx.command.Main --dex --force-jumbo --num-threads=4 --multi-dex --output E:\Work\projects\Udacity\MoviesApp\app\build\intermediates\transforms\dex\debug\folders\1000\10\com.android.support-support-vector-drawable-23.2.1_49a168a5db5cc7d91c64262a6db967ce61b2b0af E:\Work\projects\Udacity\MoviesApp\app\build\intermediates\exploded-aar\com.android.support\support-vector-drawable\23.2.1\jars\classes.jar
java_class_path (initial): C:\Users\ibra\AppData\Local\Android\sdk\build-tools\23.0.3\lib\dx.jar
Launcher Type: SUN_STANDARD

Environment Variables:
PATH=C:\ProgramData\Oracle\Java\javapath;C:\Windows\system32;C:\Windows;C:\Windows\System32\Wbem;C:\Windows\System32\WindowsPowerShell\v1.0\;C:\Program Files\7-Zip;C:\Program Files (x86)\Skype\Phone\;C:\Program Files\Git\cmd
USERNAME=ibra
OS=Windows_NT
PROCESSOR_IDENTIFIER=Intel64 Family 6 Model 37 Stepping 5, GenuineIntel



---------------  S Y S T E M  ---------------

OS: Windows 10.0 , 64 bit Build 10240 (10.0.10240.16384)

CPU:total 4 (2 cores per cpu, 2 threads per core) family 6 model 37 stepping 5, cmov, cx8, fxsr, mmx, sse, sse2, sse3, ssse3, sse4.1, sse4.2, popcnt, ht, tsc, tscinvbit

Memory: 4k page, physical 3987304k(305056k free), swap 5917656k(5124k free)

vm_info: Java HotSpot(TM) 64-Bit Server VM (25.66-b18) for windows-amd64 JRE (1.8.0_66-b18), built on Nov  9 2015 10:51:13 by "java_re" with MS VC++ 10.0 (VS2010)

time: Sat Apr 23 16:00:30 2016
elapsed time: 5 seconds (0d 0h 0m 5s)

