#
# There is insufficient memory for the Java Runtime Environment to continue.
# Native memory allocation (malloc) failed to allocate 1048576 bytes for AllocateHeap
# Possible reasons:
#   The system is out of physical RAM or swap space
#   In 32 bit mode, the process size limit was hit
# Possible solutions:
#   Reduce memory load on the system
#   Increase physical memory or swap space
#   Check if swap backing store is full
#   Use 64 bit Java on a 64 bit OS
#   Decrease Java heap size (-Xmx/-Xms)
#   Decrease number of Java threads
#   Decrease Java thread stack sizes (-Xss)
#   Set larger code cache with -XX:ReservedCodeCacheSize=
# This output file may be truncated or incomplete.
#
#  Out of Memory Error (memory/allocation.inline.hpp:61), pid=6928, tid=6980
#
# JRE version:  (8.0_66-b18) (build )
# Java VM: Java HotSpot(TM) 64-Bit Server VM (25.66-b18 mixed mode windows-amd64 compressed oops)
# Failed to write core dump. Minidumps are not enabled by default on client versions of Windows
#

---------------  T H R E A D  ---------------

Current thread (0x0000000002aa0800):  JavaThread "Unknown thread" [_thread_in_vm, id=6980, stack(0x00000000029a0000,0x0000000002aa0000)]

Stack: [0x00000000029a0000,0x0000000002aa0000]
[error occurred during error reporting (printing stack bounds), id 0xc0000005]

Native frames: (J=compiled Java code, j=interpreted, Vv=VM code, C=native code)


---------------  P R O C E S S  ---------------

Java Threads: ( => current thread )

Other Threads:

=>0x0000000002aa0800 (exited) JavaThread "Unknown thread" [_thread_in_vm, id=6980, stack(0x00000000029a0000,0x0000000002aa0000)]

VM state:not at safepoint (normal execution)

VM Mutex/Monitor currently owned by a thread: None

Heap:
 PSYoungGen      total 18432K, used 317K [0x00000000eab00000, 0x00000000ebf80000, 0x0000000100000000)
  eden space 15872K, 2% used [0x00000000eab00000,0x00000000eab4f5d0,0x00000000eba80000)
  from space 2560K, 0% used [0x00000000ebd00000,0x00000000ebd00000,0x00000000ebf80000)
  to   space 2560K, 0% used [0x00000000eba80000,0x00000000eba80000,0x00000000ebd00000)
 ParOldGen       total 42496K, used 0K [0x00000000c0000000, 0x00000000c2980000, 0x00000000eab00000)
  object space 42496K, 0% used [0x00000000c0000000,0x00000000c0000000,0x00000000c2980000)
 Metaspace       used 767K, capacity 4480K, committed 4480K, reserved 1056768K
  class space    used 75K, capacity 384K, committed 384K, reserved 1048576K

Card table byte_map: [0x0000000011f60000,0x0000000012170000] byte_map_base: 0x0000000011960000

Marking Bits: (ParMarkBitMap*) 0x000000005cfda5b0
 Begin Bits: [0x00000000126d0000, 0x00000000136d0000)
 End Bits:   [0x00000000136d0000, 0x00000000146d0000)

Polling page: 0x0000000000fc0000

CodeCache: size=245760Kb used=327Kb max_used=327Kb free=245432Kb
 bounds [0x0000000002ba0000, 0x0000000002e10000, 0x0000000011ba0000]
 total_blobs=56 nmethods=0 adapters=37
 compilation: enabled

Compilation events (0 events):
No events

GC Heap History (0 events):
No events

Deoptimization events (0 events):
No events

Internal exceptions (0 events):
No events

Events (10 events):
Event: 0.684 loading class java/lang/Short
Event: 0.684 loading class java/lang/Short done
Event: 0.684 loading class java/lang/Integer
Event: 0.685 loading class java/lang/Integer done
Event: 0.685 loading class java/lang/Long
Event: 0.686 loading class java/lang/Long done
Event: 0.689 loading class java/lang/NullPointerException
Event: 0.690 loading class java/lang/NullPointerException done
Event: 0.690 loading class java/lang/ArithmeticException
Event: 0.690 loading class java/lang/ArithmeticException done


Dynamic libraries:
0x00007ff6288e0000 - 0x00007ff628917000 	C:\Program Files\Java\jdk1.8.0_66\bin\java.exe
0x00007ff816c20000 - 0x00007ff816de2000 	C:\Windows\SYSTEM32\ntdll.dll
0x00007ff816a10000 - 0x00007ff816abd000 	C:\Windows\system32\KERNEL32.DLL
0x00007ff814080000 - 0x00007ff81425d000 	C:\Windows\system32\KERNELBASE.dll
0x00007ff8167b0000 - 0x00007ff816856000 	C:\Windows\system32\ADVAPI32.dll
0x00007ff8160d0000 - 0x00007ff81616d000 	C:\Windows\system32\msvcrt.dll
0x00007ff816ba0000 - 0x00007ff816bfb000 	C:\Windows\system32\sechost.dll
0x00007ff8163b0000 - 0x00007ff8164d6000 	C:\Windows\system32\RPCRT4.dll
0x00007ff815ec0000 - 0x00007ff81600e000 	C:\Windows\system32\USER32.dll
0x00007ff816170000 - 0x00007ff8162f6000 	C:\Windows\system32\GDI32.dll
0x00007ff80f110000 - 0x00007ff80f384000 	C:\Windows\WinSxS\amd64_microsoft.windows.common-controls_6595b64144ccf1df_6.0.10240.16384_none_f41f7b285750ef43\COMCTL32.dll
0x00007ff816370000 - 0x00007ff8163a6000 	C:\Windows\system32\IMM32.DLL
0x00007ff815d60000 - 0x00007ff815ebc000 	C:\Windows\system32\MSCTF.dll
0x000000005c090000 - 0x000000005c162000 	C:\Program Files\Java\jdk1.8.0_66\jre\bin\msvcr100.dll
0x000000005c7d0000 - 0x000000005d059000 	C:\Program Files\Java\jdk1.8.0_66\jre\bin\server\jvm.dll
0x00007ff8167a0000 - 0x00007ff8167a8000 	C:\Windows\system32\PSAPI.DLL
0x00007ff811460000 - 0x00007ff811469000 	C:\Windows\SYSTEM32\WSOCK32.dll
0x00007ff814540000 - 0x00007ff8145a9000 	C:\Windows\system32\WS2_32.dll
0x00007ff814530000 - 0x00007ff814538000 	C:\Windows\system32\NSI.dll
0x00007ff811430000 - 0x00007ff811453000 	C:\Windows\SYSTEM32\WINMM.dll
0x00007ff80f680000 - 0x00007ff80f68a000 	C:\Windows\SYSTEM32\VERSION.dll
0x00007ff8113d0000 - 0x00007ff8113fc000 	C:\Windows\SYSTEM32\WINMMBASE.dll
0x00007ff814260000 - 0x00007ff8142a4000 	C:\Windows\system32\cfgmgr32.dll
0x00007ff811f80000 - 0x00007ff811fa7000 	C:\Windows\SYSTEM32\DEVOBJ.dll
0x000000005c7c0000 - 0x000000005c7cf000 	C:\Program Files\Java\jdk1.8.0_66\jre\bin\verify.dll
0x000000005c790000 - 0x000000005c7b9000 	C:\Program Files\Java\jdk1.8.0_66\jre\bin\java.dll
0x000000005c770000 - 0x000000005c786000 	C:\Program Files\Java\jdk1.8.0_66\jre\bin\zip.dll

VM Arguments:
jvm_args: -Djava.awt.headless=true -Xmx1024M -Dfile.encoding=windows-1252 -Duser.country=US -Duser.language=en -Duser.variant 
java_command: com.android.dx.command.Main --dex --force-jumbo --num-threads=4 --multi-dex --output E:\Work\projects\Udacity\MoviesApp\app\build\intermediates\transforms\dex\debug\folders\1000\5\slice_7 E:\Work\projects\Udacity\MoviesApp\app\build\intermediates\transforms\instantRunSlicer\debug\folders\1\5\slice_7
java_class_path (initial): C:\Users\ibra\AppData\Local\Android\sdk\build-tools\23.0.3\lib\dx.jar
Launcher Type: SUN_STANDARD

Environment Variables:
PATH=C:\ProgramData\Oracle\Java\javapath;C:\Windows\system32;C:\Windows;C:\Windows\System32\Wbem;C:\Windows\System32\WindowsPowerShell\v1.0\;C:\Program Files\7-Zip;C:\Program Files (x86)\Skype\Phone\;C:\Program Files\Git\cmd
USERNAME=ibra
OS=Windows_NT
PROCESSOR_IDENTIFIER=Intel64 Family 6 Model 37 Stepping 5, GenuineIntel



---------------  S Y S T E M  ---------------

OS: Windows 10.0 , 64 bit Build 10240 (10.0.10240.16384)

CPU:total 4 (2 cores per cpu, 2 threads per core) family 6 model 37 stepping 5, cmov, cx8, fxsr, mmx, sse, sse2, sse3, ssse3, sse4.1, sse4.2, popcnt, ht, tsc, tscinvbit

Memory: 4k page, physical 3987304k(254876k free), swap 5917656k(5476k free)

vm_info: Java HotSpot(TM) 64-Bit Server VM (25.66-b18) for windows-amd64 JRE (1.8.0_66-b18), built on Nov  9 2015 10:51:13 by "java_re" with MS VC++ 10.0 (VS2010)

time: Sat Apr 23 15:55:15 2016
elapsed time: 0 seconds (0d 0h 0m 0s)

