#
# There is insufficient memory for the Java Runtime Environment to continue.
# Native memory allocation (malloc) failed to allocate 34192 bytes for Chunk::new
# Possible reasons:
#   The system is out of physical RAM or swap space
#   In 32 bit mode, the process size limit was hit
# Possible solutions:
#   Reduce memory load on the system
#   Increase physical memory or swap space
#   Check if swap backing store is full
#   Use 64 bit Java on a 64 bit OS
#   Decrease Java heap size (-Xmx/-Xms)
#   Decrease number of Java threads
#   Decrease Java thread stack sizes (-Xss)
#   Set larger code cache with -XX:ReservedCodeCacheSize=
# This output file may be truncated or incomplete.
#
#  Out of Memory Error (allocation.cpp:390), pid=3032, tid=5808
#
# JRE version: Java(TM) SE Runtime Environment (8.0_66-b18) (build 1.8.0_66-b18)
# Java VM: Java HotSpot(TM) 64-Bit Server VM (25.66-b18 mixed mode windows-amd64 compressed oops)
# Failed to write core dump. Minidumps are not enabled by default on client versions of Windows
#

---------------  T H R E A D  ---------------

Current thread (0x0000000002400800):  JavaThread "main" [_thread_in_native, id=5808, stack(0x0000000002300000,0x0000000002400000)]

Stack: [0x0000000002300000,0x0000000002400000]
[error occurred during error reporting (printing stack bounds), id 0xc0000005]

Native frames: (J=compiled Java code, j=interpreted, Vv=VM code, C=native code)

Java frames: (J=compiled Java code, j=interpreted, Vv=VM code)
j  java.lang.invoke.MethodHandle.<clinit>()V+16
v  ~StubRoutines::call_stub

---------------  P R O C E S S  ---------------

Java Threads: ( => current thread )
  0x0000000014bd2800 JavaThread "C1 CompilerThread2" daemon [_thread_blocked, id=5312, stack(0x0000000016400000,0x0000000016500000)]
  0x0000000014bca800 JavaThread "C2 CompilerThread1" daemon [_thread_blocked, id=2720, stack(0x0000000016300000,0x0000000016400000)]
  0x0000000014bc8000 JavaThread "C2 CompilerThread0" daemon [_thread_blocked, id=5664, stack(0x0000000016200000,0x0000000016300000)]
  0x0000000014bc6000 JavaThread "Attach Listener" daemon [_thread_blocked, id=2232, stack(0x0000000016100000,0x0000000016200000)]
  0x0000000014bc5000 JavaThread "Signal Dispatcher" daemon [_thread_blocked, id=8056, stack(0x0000000016000000,0x0000000016100000)]
  0x00000000024f0000 JavaThread "Finalizer" daemon [_thread_blocked, id=5752, stack(0x0000000015e20000,0x0000000015f20000)]
  0x00000000024ed000 JavaThread "Reference Handler" daemon [_thread_blocked, id=5572, stack(0x0000000015d20000,0x0000000015e20000)]
=>0x0000000002400800 JavaThread "main" [_thread_in_native, id=5808, stack(0x0000000002300000,0x0000000002400000)]

Other Threads:
  0x0000000014b97800 VMThread [stack: 0x0000000015c20000,0x0000000015d20000] [id=7220]

VM state:not at safepoint (normal execution)

VM Mutex/Monitor currently owned by a thread: None

Heap:
 PSYoungGen      total 18432K, used 635K [0x00000000eab00000, 0x00000000ebf80000, 0x0000000100000000)
  eden space 15872K, 4% used [0x00000000eab00000,0x00000000eab9ec40,0x00000000eba80000)
  from space 2560K, 0% used [0x00000000ebd00000,0x00000000ebd00000,0x00000000ebf80000)
  to   space 2560K, 0% used [0x00000000eba80000,0x00000000eba80000,0x00000000ebd00000)
 ParOldGen       total 42496K, used 0K [0x00000000c0000000, 0x00000000c2980000, 0x00000000eab00000)
  object space 42496K, 0% used [0x00000000c0000000,0x00000000c0000000,0x00000000c2980000)
 Metaspace       used 2048K, capacity 4480K, committed 4480K, reserved 1056768K
  class space    used 225K, capacity 384K, committed 384K, reserved 1048576K

Card table byte_map: [0x00000000118c0000,0x0000000011ad0000] byte_map_base: 0x00000000112c0000

Marking Bits: (ParMarkBitMap*) 0x000000005cfda5b0
 Begin Bits: [0x0000000012030000, 0x0000000013030000)
 End Bits:   [0x0000000013030000, 0x0000000014030000)

Polling page: 0x0000000000a70000

CodeCache: size=245760Kb used=1020Kb max_used=1031Kb free=244739Kb
 bounds [0x0000000002500000, 0x0000000002770000, 0x0000000011500000]
 total_blobs=210 nmethods=0 adapters=126
 compilation: enabled

Compilation events (0 events):
No events

GC Heap History (0 events):
No events

Deoptimization events (0 events):
No events

Internal exceptions (2 events):
Event: 0.066 Thread 0x0000000002400800 Exception <a 'java/lang/NoSuchMethodError': Method sun.misc.Unsafe.defineClass(Ljava/lang/String;[BII)Ljava/lang/Class; name or signature does not match> (0x00000000eab0d2e8) thrown at [C:\re\workspace\8-2-build-windows-amd64-cygwin\jdk8u66\5298\hotspot\sr„Æ\ßØâ°?
Event: 0.066 Thread 0x0000000002400800 Exception <a 'java/lang/NoSuchMethodError': Method sun.misc.Unsafe.prefetchRead(Ljava/lang/Object;J)V name or signature does not match> (0x00000000eab0d5d0) thrown at [C:\re\workspace\8-2-build-windows-amd64-cygwin\jdk8u66\5298\hotspot\src\share\vm\prims\j

Events (10 events):
Event: 0.120 loading class sun/misc/Launcher$AppClassLoader$1
Event: 0.120 loading class sun/misc/Launcher$AppClassLoader$1 done
Event: 0.122 loading class java/lang/SystemClassLoaderAction
Event: 0.122 loading class java/lang/SystemClassLoaderAction done
Event: 0.122 Thread 0x0000000014bc5000 Thread added: 0x0000000014bc5000
Event: 0.122 Thread 0x0000000014bc6000 Thread added: 0x0000000014bc6000
Event: 0.122 Thread 0x0000000014bc8000 Thread added: 0x0000000014bc8000
Event: 0.125 Thread 0x0000000014bca800 Thread added: 0x0000000014bca800
Event: 0.125 Thread 0x0000000014bd2800 Thread added: 0x0000000014bd2800
Event: 0.127 loading class java/lang/invoke/MethodHandleImpl


Dynamic libraries:
0x00007ff6288e0000 - 0x00007ff628917000 	C:\Program Files\Java\jdk1.8.0_66\bin\java.exe
0x00007ff816c20000 - 0x00007ff816de2000 	C:\Windows\SYSTEM32\ntdll.dll
0x00007ff816a10000 - 0x00007ff816abd000 	C:\Windows\system32\KERNEL32.DLL
0x00007ff814080000 - 0x00007ff81425d000 	C:\Windows\system32\KERNELBASE.dll
0x00007ff8167b0000 - 0x00007ff816856000 	C:\Windows\system32\ADVAPI32.dll
0x00007ff8160d0000 - 0x00007ff81616d000 	C:\Windows\system32\msvcrt.dll
0x00007ff816ba0000 - 0x00007ff816bfb000 	C:\Windows\system32\sechost.dll
0x00007ff8163b0000 - 0x00007ff8164d6000 	C:\Windows\system32\RPCRT4.dll
0x00007ff815ec0000 - 0x00007ff81600e000 	C:\Windows\system32\USER32.dll
0x00007ff816170000 - 0x00007ff8162f6000 	C:\Windows\system32\GDI32.dll
0x00007ff80f110000 - 0x00007ff80f384000 	C:\Windows\WinSxS\amd64_microsoft.windows.common-controls_6595b64144ccf1df_6.0.10240.16384_none_f41f7b285750ef43\COMCTL32.dll
0x00007ff816370000 - 0x00007ff8163a6000 	C:\Windows\system32\IMM32.DLL
0x00007ff815d60000 - 0x00007ff815ebc000 	C:\Windows\system32\MSCTF.dll
0x000000005c090000 - 0x000000005c162000 	C:\Program Files\Java\jdk1.8.0_66\jre\bin\msvcr100.dll
0x000000005c7d0000 - 0x000000005d059000 	C:\Program Files\Java\jdk1.8.0_66\jre\bin\server\jvm.dll
0x00007ff8167a0000 - 0x00007ff8167a8000 	C:\Windows\system32\PSAPI.DLL
0x00007ff811460000 - 0x00007ff811469000 	C:\Windows\SYSTEM32\WSOCK32.dll
0x00007ff814540000 - 0x00007ff8145a9000 	C:\Windows\system32\WS2_32.dll
0x00007ff814530000 - 0x00007ff814538000 	C:\Windows\system32\NSI.dll
0x00007ff811430000 - 0x00007ff811453000 	C:\Windows\SYSTEM32\WINMM.dll
0x00007ff80f680000 - 0x00007ff80f68a000 	C:\Windows\SYSTEM32\VERSION.dll
0x00007ff8113d0000 - 0x00007ff8113fc000 	C:\Windows\SYSTEM32\WINMMBASE.dll
0x00007ff814260000 - 0x00007ff8142a4000 	C:\Windows\system32\cfgmgr32.dll
0x00007ff811f80000 - 0x00007ff811fa7000 	C:\Windows\SYSTEM32\DEVOBJ.dll
0x000000005c7c0000 - 0x000000005c7cf000 	C:\Program Files\Java\jdk1.8.0_66\jre\bin\verify.dll
0x000000005c790000 - 0x000000005c7b9000 	C:\Program Files\Java\jdk1.8.0_66\jre\bin\java.dll
0x000000005c770000 - 0x000000005c786000 	C:\Program Files\Java\jdk1.8.0_66\jre\bin\zip.dll
0x00007ff8147f0000 - 0x00007ff815d58000 	C:\Windows\system32\SHELL32.dll
0x00007ff813760000 - 0x00007ff813d88000 	C:\Windows\system32\windows.storage.dll
0x00007ff8142b0000 - 0x00007ff81452c000 	C:\Windows\system32\combase.dll
0x00007ff8145b0000 - 0x00007ff814601000 	C:\Windows\system32\shlwapi.dll
0x00007ff813680000 - 0x00007ff81368f000 	C:\Windows\system32\kernel.appcore.dll
0x00007ff813d90000 - 0x00007ff813e43000 	C:\Windows\system32\shcore.dll
0x00007ff813630000 - 0x00007ff81367a000 	C:\Windows\system32\powrprof.dll
0x00007ff813610000 - 0x00007ff813623000 	C:\Windows\system32\profapi.dll
0x00007ff816010000 - 0x00007ff8160ce000 	C:\Windows\system32\OLEAUT32.dll

VM Arguments:
jvm_args: -Djava.awt.headless=true -Xmx1024M -Dfile.encoding=windows-1252 -Duser.country=US -Duser.language=en -Duser.variant 
java_command: com.android.dx.command.Main --dex --force-jumbo --num-threads=4 --multi-dex --output E:\Work\projects\Udacity\MoviesApp\app\build\intermediates\transforms\dex\debug\folders\1000\10\com.android.support-appcompat-v7-23.2.1_82631eb7dc3e86906bf7fc30dac3669fa70f03d1 E:\Work\projects\Udacity\MoviesApp\app\build\intermediates\exploded-aar\com.android.support\appcompat-v7\23.2.1\jars\classes.jar
java_class_path (initial): C:\Users\ibra\AppData\Local\Android\sdk\build-tools\23.0.3\lib\dx.jar
Launcher Type: SUN_STANDARD

Environment Variables:
PATH=C:\ProgramData\Oracle\Java\javapath;C:\Windows\system32;C:\Windows;C:\Windows\System32\Wbem;C:\Windows\System32\WindowsPowerShell\v1.0\;C:\Program Files\7-Zip;C:\Program Files (x86)\Skype\Phone\;C:\Program Files\Git\cmd
USERNAME=ibra
OS=Windows_NT
PROCESSOR_IDENTIFIER=Intel64 Family 6 Model 37 Stepping 5, GenuineIntel



---------------  S Y S T E M  ---------------

OS: Windows 10.0 , 64 bit Build 10240 (10.0.10240.16384)

CPU:total 4 (2 cores per cpu, 2 threads per core) family 6 model 37 stepping 5, cmov, cx8, fxsr, mmx, sse, sse2, sse3, ssse3, sse4.1, sse4.2, popcnt, ht, tsc, tscinvbit

Memory: 4k page, physical 3987304k(432184k free), swap 5917656k(3880k free)

vm_info: Java HotSpot(TM) 64-Bit Server VM (25.66-b18) for windows-amd64 JRE (1.8.0_66-b18), built on Nov  9 2015 10:51:13 by "java_re" with MS VC++ 10.0 (VS2010)

time: Sat Apr 23 15:58:49 2016
elapsed time: 0 seconds (0d 0h 0m 0s)

