#
# There is insufficient memory for the Java Runtime Environment to continue.
# Native memory allocation (malloc) failed to allocate 133584 bytes for Chunk::new
# Possible reasons:
#   The system is out of physical RAM or swap space
#   In 32 bit mode, the process size limit was hit
# Possible solutions:
#   Reduce memory load on the system
#   Increase physical memory or swap space
#   Check if swap backing store is full
#   Use 64 bit Java on a 64 bit OS
#   Decrease Java heap size (-Xmx/-Xms)
#   Decrease number of Java threads
#   Decrease Java thread stack sizes (-Xss)
#   Set larger code cache with -XX:ReservedCodeCacheSize=
# This output file may be truncated or incomplete.
#
#  Out of Memory Error (allocation.cpp:390), pid=7552, tid=6332
#
# JRE version: Java(TM) SE Runtime Environment (8.0_66-b18) (build 1.8.0_66-b18)
# Java VM: Java HotSpot(TM) 64-Bit Server VM (25.66-b18 mixed mode windows-amd64 compressed oops)
# Failed to write core dump. Minidumps are not enabled by default on client versions of Windows
#

---------------  T H R E A D  ---------------

Current thread (0x0000000014c88000):  JavaThread "C2 CompilerThread0" daemon [_thread_in_native, id=6332, stack(0x00000000162c0000,0x00000000163c0000)]

Stack: [0x00000000162c0000,0x00000000163c0000]
[error occurred during error reporting (printing stack bounds), id 0xc0000005]

Native frames: (J=compiled Java code, j=interpreted, Vv=VM code, C=native code)


Current CompileTask:
C2:   2207 1158   !   4       com.android.dx.cf.code.BytecodeArray::parseInstruction (2764 bytes)


---------------  P R O C E S S  ---------------

Java Threads: ( => current thread )
  0x000000001690d800 JavaThread "pool-2-thread-4" [_thread_in_Java, id=7020, stack(0x00000000177c0000,0x00000000178c0000)]
  0x000000001690d000 JavaThread "pool-2-thread-3" [_thread_blocked, id=5072, stack(0x00000000176c0000,0x00000000177c0000)]
  0x00000000168f8000 JavaThread "pool-2-thread-2" [_thread_in_vm, id=6408, stack(0x00000000175c0000,0x00000000176c0000)]
  0x000000001681b000 JavaThread "pool-3-thread-1" [_thread_blocked, id=7804, stack(0x00000000174c0000,0x00000000175c0000)]
  0x0000000016818800 JavaThread "pool-2-thread-1" [_thread_blocked, id=5960, stack(0x00000000173c0000,0x00000000174c0000)]
  0x00000000165d8800 JavaThread "Service Thread" daemon [_thread_blocked, id=7860, stack(0x00000000169c0000,0x0000000016ac0000)]
  0x0000000014c92000 JavaThread "C1 CompilerThread2" daemon [_thread_in_native, id=8140, stack(0x00000000164c0000,0x00000000165c0000)]
  0x0000000014c8f000 JavaThread "C2 CompilerThread1" daemon [_thread_blocked, id=6620, stack(0x00000000163c0000,0x00000000164c0000)]
=>0x0000000014c88000 JavaThread "C2 CompilerThread0" daemon [_thread_in_native, id=6332, stack(0x00000000162c0000,0x00000000163c0000)]
  0x0000000014c86800 JavaThread "Attach Listener" daemon [_thread_blocked, id=2840, stack(0x00000000161c0000,0x00000000162c0000)]
  0x0000000014c85800 JavaThread "Signal Dispatcher" daemon [_thread_blocked, id=4676, stack(0x00000000160c0000,0x00000000161c0000)]
  0x00000000025b0000 JavaThread "Finalizer" daemon [_thread_blocked, id=5436, stack(0x0000000015ee0000,0x0000000015fe0000)]
  0x00000000025ad000 JavaThread "Reference Handler" daemon [_thread_blocked, id=3576, stack(0x0000000015de0000,0x0000000015ee0000)]
  0x00000000024c0800 JavaThread "main" [_thread_in_Java, id=7016, stack(0x00000000022f0000,0x00000000023f0000)]

Other Threads:
  0x0000000014c57800 VMThread [stack: 0x0000000015ce0000,0x0000000015de0000] [id=208]
  0x00000000165f2000 WatcherThread [stack: 0x0000000016ac0000,0x0000000016bc0000] [id=476]

VM state:not at safepoint (normal execution)

VM Mutex/Monitor currently owned by a thread: None

Heap:
 PSYoungGen      total 18432K, used 9575K [0x00000000eab00000, 0x00000000ecf00000, 0x0000000100000000)
  eden space 15872K, 44% used [0x00000000eab00000,0x00000000eb1da848,0x00000000eba80000)
  from space 2560K, 99% used [0x00000000ebd00000,0x00000000ebf7f728,0x00000000ebf80000)
  to   space 2560K, 0% used [0x00000000eba80000,0x00000000eba80000,0x00000000ebd00000)
 ParOldGen       total 42496K, used 2142K [0x00000000c0000000, 0x00000000c2980000, 0x00000000eab00000)
  object space 42496K, 5% used [0x00000000c0000000,0x00000000c02179b0,0x00000000c2980000)
 Metaspace       used 5971K, capacity 6896K, committed 7040K, reserved 1056768K
  class space    used 600K, capacity 616K, committed 640K, reserved 1048576K

Card table byte_map: [0x0000000011980000,0x0000000011b90000] byte_map_base: 0x0000000011380000

Marking Bits: (ParMarkBitMap*) 0x000000005cfda5b0
 Begin Bits: [0x00000000120f0000, 0x00000000130f0000)
 End Bits:   [0x00000000130f0000, 0x00000000140f0000)

Polling page: 0x0000000000b00000

CodeCache: size=245760Kb used=4669Kb max_used=4669Kb free=241090Kb
 bounds [0x00000000025c0000, 0x0000000002a60000, 0x00000000115c0000]
 total_blobs=1457 nmethods=1189 adapters=182
 compilation: enabled

Compilation events (10 events):
Event: 2.193 Thread 0x0000000014c8f000 nmethod 1197 0x0000000002a4a4d0 code [0x0000000002a4a620, 0x0000000002a4a888]
Event: 2.193 Thread 0x0000000014c92000 1199       3       com.android.dx.dex.code.RopTranslator$TranslationVisitor::visitThrowingCstInsn (225 bytes)
Event: 2.197 Thread 0x0000000014c92000 nmethod 1199 0x0000000002a4ab10 code [0x0000000002a4aea0, 0x0000000002a4d0e8]
Event: 2.197 Thread 0x0000000014c92000 1200       3       com.android.dx.dex.file.ValueEncoder::addContents (75 bytes)
Event: 2.198 Thread 0x0000000014c92000 nmethod 1200 0x0000000002a49350 code [0x0000000002a49540, 0x0000000002a4a168]
Event: 2.199 Thread 0x0000000014c92000 1201       3       com.android.dx.ssa.back.SsaToRop::removePhiFunctions (83 bytes)
Event: 2.201 Thread 0x0000000014c92000 nmethod 1201 0x0000000002a4e310 code [0x0000000002a4e5e0, 0x0000000002a4f968]
Event: 2.202 Thread 0x0000000014c92000 1202       3       com.android.dx.ssa.back.SsaToRop::convertBasicBlocks (151 bytes)
Event: 2.204 Thread 0x0000000014c92000 nmethod 1202 0x0000000002a50450 code [0x0000000002a50760, 0x0000000002a52038]
Event: 2.204 Thread 0x0000000014c92000 1203       3       com.android.dx.ssa.back.FirstFitLocalCombiningAllocator::tryMapRegs (110 bytes)

GC Heap History (4 events):
Event: 0.460 GC heap before
{Heap before GC invocations=1 (full 0):
 PSYoungGen      total 18432K, used 15872K [0x00000000eab00000, 0x00000000ebf80000, 0x0000000100000000)
  eden space 15872K, 100% used [0x00000000eab00000,0x00000000eba80000,0x00000000eba80000)
  from space 2560K, 0% used [0x00000000ebd00000,0x00000000ebd00000,0x00000000ebf80000)
  to   space 2560K, 0% used [0x00000000eba80000,0x00000000eba80000,0x00000000ebd00000)
 ParOldGen       total 42496K, used 0K [0x00000000c0000000, 0x00000000c2980000, 0x00000000eab00000)
  object space 42496K, 0% used [0x00000000c0000000,0x00000000c0000000,0x00000000c2980000)
 Metaspace       used 3755K, capacity 4944K, committed 5120K, reserved 1056768K
  class space    used 415K, capacity 456K, committed 512K, reserved 1048576K
Event: 0.463 GC heap after
Heap after GC invocations=1 (full 0):
 PSYoungGen      total 18432K, used 1301K [0x00000000eab00000, 0x00000000ebf80000, 0x0000000100000000)
  eden space 15872K, 0% used [0x00000000eab00000,0x00000000eab00000,0x00000000eba80000)
  from space 2560K, 50% used [0x00000000eba80000,0x00000000ebbc55b8,0x00000000ebd00000)
  to   space 2560K, 0% used [0x00000000ebd00000,0x00000000ebd00000,0x00000000ebf80000)
 ParOldGen       total 42496K, used 8K [0x00000000c0000000, 0x00000000c2980000, 0x00000000eab00000)
  object space 42496K, 0% used [0x00000000c0000000,0x00000000c0002000,0x00000000c2980000)
 Metaspace       used 3755K, capacity 4944K, committed 5120K, reserved 1056768K
  class space    used 415K, capacity 456K, committed 512K, reserved 1048576K
}
Event: 1.491 GC heap before
{Heap before GC invocations=2 (full 0):
 PSYoungGen      total 18432K, used 17173K [0x00000000eab00000, 0x00000000ebf80000, 0x0000000100000000)
  eden space 15872K, 100% used [0x00000000eab00000,0x00000000eba80000,0x00000000eba80000)
  from space 2560K, 50% used [0x00000000eba80000,0x00000000ebbc55b8,0x00000000ebd00000)
  to   space 2560K, 0% used [0x00000000ebd00000,0x00000000ebd00000,0x00000000ebf80000)
 ParOldGen       total 42496K, used 8K [0x00000000c0000000, 0x00000000c2980000, 0x00000000eab00000)
  object space 42496K, 0% used [0x00000000c0000000,0x00000000c0002000,0x00000000c2980000)
 Metaspace       used 5868K, capacity 6832K, committed 7040K, reserved 1056768K
  class space    used 600K, capacity 616K, committed 640K, reserved 1048576K
Event: 1.597 GC heap after
Heap after GC invocations=2 (full 0):
 PSYoungGen      total 18432K, used 2557K [0x00000000eab00000, 0x00000000ecf00000, 0x0000000100000000)
  eden space 15872K, 0% used [0x00000000eab00000,0x00000000eab00000,0x00000000eba80000)
  from space 2560K, 99% used [0x00000000ebd00000,0x00000000ebf7f728,0x00000000ebf80000)
  to   space 2560K, 0% used [0x00000000eba80000,0x00000000eba80000,0x00000000ebd00000)
 ParOldGen       total 42496K, used 2142K [0x00000000c0000000, 0x00000000c2980000, 0x00000000eab00000)
  object space 42496K, 5% used [0x00000000c0000000,0x00000000c02179b0,0x00000000c2980000)
 Metaspace       used 5868K, capacity 6832K, committed 7040K, reserved 1056768K
  class space    used 600K, capacity 616K, committed 640K, reserved 1048576K
}

Deoptimization events (3 events):
Event: 0.395 Thread 0x00000000024c0800 Uncommon trap: reason=unstable_if action=reinterpret pc=0x000000000271b694 method=java.lang.String.compareTo(Ljava/lang/String;)I @ 38
Event: 0.989 Thread 0x000000001690d800 Uncommon trap: reason=unstable_if action=reinterpret pc=0x00000000027e96fc method=java.util.HashMap.getNode(ILjava/lang/Object;)Ljava/util/HashMap$Node; @ 62
Event: 1.379 Thread 0x00000000024c0800 Uncommon trap: reason=unstable_if action=reinterpret pc=0x00000000027f05f0 method=java.util.BitSet.nextSetBit(I)I @ 87

Internal exceptions (2 events):
Event: 0.071 Thread 0x00000000024c0800 Exception <a 'java/lang/NoSuchMethodError': Method sun.misc.Unsafe.defineClass(Ljava/lang/String;[BII)Ljava/lang/Class; name or signature does not match> (0x00000000eab0d2e0) thrown at [C:\re\workspace\8-2-build-windows-amd64-cygwin\jdk8u66\5298\hotspot\srhÔñ¿§-²?
Event: 0.071 Thread 0x00000000024c0800 Exception <a 'java/lang/NoSuchMethodError': Method sun.misc.Unsafe.prefetchRead(Ljava/lang/Object;J)V name or signature does not match> (0x00000000eab0d5c8) thrown at [C:\re\workspace\8-2-build-windows-amd64-cygwin\jdk8u66\5298\hotspot\src\share\vm\prims\j

Events (10 events):
Event: 1.137 loading class java/util/DualPivotQuicksort done
Event: 1.178 loading class com/android/dx/dex/file/FieldAnnotationStruct
Event: 1.178 loading class com/android/dx/dex/file/FieldAnnotationStruct done
Event: 1.192 Executing VM operation: ForceSafepoint
Event: 1.353 Executing VM operation: ForceSafepoint done
Event: 1.379 Thread 0x00000000024c0800 Uncommon trap: trap_request=0xffffff65 fr.pc=0x00000000027f05f0
Event: 1.379 Thread 0x00000000024c0800 DEOPT PACKING pc=0x00000000027f05f0 sp=0x00000000023ee1b0
Event: 1.379 Thread 0x00000000024c0800 DEOPT UNPACKING pc=0x000000000260582a sp=0x00000000023ee148 mode 2
Event: 1.445 Executing VM operation: ParallelGCFailedAllocation
Event: 1.597 Executing VM operation: ParallelGCFailedAllocation done


Dynamic libraries:
0x00007ff6288e0000 - 0x00007ff628917000 	C:\Program Files\Java\jdk1.8.0_66\bin\java.exe
0x00007ff816c20000 - 0x00007ff816de2000 	C:\Windows\SYSTEM32\ntdll.dll
0x00007ff816a10000 - 0x00007ff816abd000 	C:\Windows\system32\KERNEL32.DLL
0x00007ff814080000 - 0x00007ff81425d000 	C:\Windows\system32\KERNELBASE.dll
0x00007ff8167b0000 - 0x00007ff816856000 	C:\Windows\system32\ADVAPI32.dll
0x00007ff8160d0000 - 0x00007ff81616d000 	C:\Windows\system32\msvcrt.dll
0x00007ff816ba0000 - 0x00007ff816bfb000 	C:\Windows\system32\sechost.dll
0x00007ff8163b0000 - 0x00007ff8164d6000 	C:\Windows\system32\RPCRT4.dll
0x00007ff815ec0000 - 0x00007ff81600e000 	C:\Windows\system32\USER32.dll
0x00007ff816170000 - 0x00007ff8162f6000 	C:\Windows\system32\GDI32.dll
0x00007ff80f110000 - 0x00007ff80f384000 	C:\Windows\WinSxS\amd64_microsoft.windows.common-controls_6595b64144ccf1df_6.0.10240.16384_none_f41f7b285750ef43\COMCTL32.dll
0x00007ff816370000 - 0x00007ff8163a6000 	C:\Windows\system32\IMM32.DLL
0x00007ff815d60000 - 0x00007ff815ebc000 	C:\Windows\system32\MSCTF.dll
0x000000005c090000 - 0x000000005c162000 	C:\Program Files\Java\jdk1.8.0_66\jre\bin\msvcr100.dll
0x000000005c7d0000 - 0x000000005d059000 	C:\Program Files\Java\jdk1.8.0_66\jre\bin\server\jvm.dll
0x00007ff8167a0000 - 0x00007ff8167a8000 	C:\Windows\system32\PSAPI.DLL
0x00007ff811460000 - 0x00007ff811469000 	C:\Windows\SYSTEM32\WSOCK32.dll
0x00007ff814540000 - 0x00007ff8145a9000 	C:\Windows\system32\WS2_32.dll
0x00007ff814530000 - 0x00007ff814538000 	C:\Windows\system32\NSI.dll
0x00007ff811430000 - 0x00007ff811453000 	C:\Windows\SYSTEM32\WINMM.dll
0x00007ff80f680000 - 0x00007ff80f68a000 	C:\Windows\SYSTEM32\VERSION.dll
0x00007ff8113d0000 - 0x00007ff8113fc000 	C:\Windows\SYSTEM32\WINMMBASE.dll
0x00007ff814260000 - 0x00007ff8142a4000 	C:\Windows\system32\cfgmgr32.dll
0x00007ff811f80000 - 0x00007ff811fa7000 	C:\Windows\SYSTEM32\DEVOBJ.dll
0x000000005c7c0000 - 0x000000005c7cf000 	C:\Program Files\Java\jdk1.8.0_66\jre\bin\verify.dll
0x000000005c790000 - 0x000000005c7b9000 	C:\Program Files\Java\jdk1.8.0_66\jre\bin\java.dll
0x000000005c770000 - 0x000000005c786000 	C:\Program Files\Java\jdk1.8.0_66\jre\bin\zip.dll
0x00007ff8147f0000 - 0x00007ff815d58000 	C:\Windows\system32\SHELL32.dll
0x00007ff813760000 - 0x00007ff813d88000 	C:\Windows\system32\windows.storage.dll
0x00007ff8142b0000 - 0x00007ff81452c000 	C:\Windows\system32\combase.dll
0x00007ff8145b0000 - 0x00007ff814601000 	C:\Windows\system32\shlwapi.dll
0x00007ff813680000 - 0x00007ff81368f000 	C:\Windows\system32\kernel.appcore.dll
0x00007ff813d90000 - 0x00007ff813e43000 	C:\Windows\system32\shcore.dll
0x00007ff813630000 - 0x00007ff81367a000 	C:\Windows\system32\powrprof.dll
0x00007ff813610000 - 0x00007ff813623000 	C:\Windows\system32\profapi.dll
0x00007ff816010000 - 0x00007ff8160ce000 	C:\Windows\system32\OLEAUT32.dll

VM Arguments:
jvm_args: -Djava.awt.headless=true -Xmx1024M -Dfile.encoding=windows-1252 -Duser.country=US -Duser.language=en -Duser.variant 
java_command: com.android.dx.command.Main --dex --force-jumbo --num-threads=4 --multi-dex --output E:\Work\projects\Udacity\MoviesApp\app\build\intermediates\transforms\dex\debug\folders\1000\10\com.android.support-support-v4-23.2.1_960e5c617866409bf5ce596d0cd933baccdfb191 E:\Work\projects\Udacity\MoviesApp\app\build\intermediates\exploded-aar\com.android.support\support-v4\23.2.1\jars\classes.jar
java_class_path (initial): C:\Users\ibra\AppData\Local\Android\sdk\build-tools\23.0.3\lib\dx.jar
Launcher Type: SUN_STANDARD

Environment Variables:
PATH=C:\ProgramData\Oracle\Java\javapath;C:\Windows\system32;C:\Windows;C:\Windows\System32\Wbem;C:\Windows\System32\WindowsPowerShell\v1.0\;C:\Program Files\7-Zip;C:\Program Files (x86)\Skype\Phone\;C:\Program Files\Git\cmd
USERNAME=ibra
OS=Windows_NT
PROCESSOR_IDENTIFIER=Intel64 Family 6 Model 37 Stepping 5, GenuineIntel



---------------  S Y S T E M  ---------------

OS: Windows 10.0 , 64 bit Build 10240 (10.0.10240.16384)

CPU:total 4 (2 cores per cpu, 2 threads per core) family 6 model 37 stepping 5, cmov, cx8, fxsr, mmx, sse, sse2, sse3, ssse3, sse4.1, sse4.2, popcnt, ht, tsc, tscinvbit

Memory: 4k page, physical 3987304k(248564k free), swap 5917656k(5304k free)

vm_info: Java HotSpot(TM) 64-Bit Server VM (25.66-b18) for windows-amd64 JRE (1.8.0_66-b18), built on Nov  9 2015 10:51:13 by "java_re" with MS VC++ 10.0 (VS2010)

time: Sat Apr 23 15:53:18 2016
elapsed time: 2 seconds (0d 0h 0m 2s)

