#
# There is insufficient memory for the Java Runtime Environment to continue.
# Native memory allocation (malloc) failed to allocate 433536 bytes for Chunk::new
# Possible reasons:
#   The system is out of physical RAM or swap space
#   In 32 bit mode, the process size limit was hit
# Possible solutions:
#   Reduce memory load on the system
#   Increase physical memory or swap space
#   Check if swap backing store is full
#   Use 64 bit Java on a 64 bit OS
#   Decrease Java heap size (-Xmx/-Xms)
#   Decrease number of Java threads
#   Decrease Java thread stack sizes (-Xss)
#   Set larger code cache with -XX:ReservedCodeCacheSize=
# This output file may be truncated or incomplete.
#
#  Out of Memory Error (allocation.cpp:390), pid=1880, tid=84
#
# JRE version: Java(TM) SE Runtime Environment (8.0_66-b18) (build 1.8.0_66-b18)
# Java VM: Java HotSpot(TM) 64-Bit Server VM (25.66-b18 mixed mode windows-amd64 compressed oops)
# Failed to write core dump. Minidumps are not enabled by default on client versions of Windows
#

---------------  T H R E A D  ---------------

Current thread (0x0000000014faa000):  JavaThread "C2 CompilerThread0" daemon [_thread_in_native, id=84, stack(0x00000000165e0000,0x00000000166e0000)]

Stack: [0x00000000165e0000,0x00000000166e0000]
[error occurred during error reporting (printing stack bounds), id 0xc0000005]

Native frames: (J=compiled Java code, j=interpreted, Vv=VM code, C=native code)


Current CompileTask:
C2:   7608 1079       4       com.android.dx.ssa.back.LivenessAnalyzer::handleTailRecursion (94 bytes)


---------------  P R O C E S S  ---------------

Java Threads: ( => current thread )
  0x0000000016c7a800 JavaThread "pool-1-thread-4" [_thread_blocked, id=2252, stack(0x00000000172e0000,0x00000000173e0000)]
  0x0000000016c79000 JavaThread "pool-1-thread-3" [_thread_blocked, id=5084, stack(0x00000000171e0000,0x00000000172e0000)]
  0x0000000016c78800 JavaThread "pool-1-thread-2" [_thread_blocked, id=6428, stack(0x00000000170e0000,0x00000000171e0000)]
  0x0000000016b41800 JavaThread "pool-2-thread-1" [_thread_blocked, id=7412, stack(0x0000000016fe0000,0x00000000170e0000)]
  0x0000000016b45000 JavaThread "pool-1-thread-1" [_thread_blocked, id=6052, stack(0x0000000016ee0000,0x0000000016fe0000)]
  0x00000000168e2800 JavaThread "Service Thread" daemon [_thread_blocked, id=4328, stack(0x0000000016ce0000,0x0000000016de0000)]
  0x000000001500b800 JavaThread "C1 CompilerThread2" daemon [_thread_blocked, id=4564, stack(0x00000000167e0000,0x00000000168e0000)]
  0x0000000015001000 JavaThread "C2 CompilerThread1" daemon [_thread_blocked, id=5948, stack(0x00000000166e0000,0x00000000167e0000)]
=>0x0000000014faa000 JavaThread "C2 CompilerThread0" daemon [_thread_in_native, id=84, stack(0x00000000165e0000,0x00000000166e0000)]
  0x0000000014fa8000 JavaThread "Attach Listener" daemon [_thread_blocked, id=7428, stack(0x00000000164e0000,0x00000000165e0000)]
  0x0000000014fa7000 JavaThread "Signal Dispatcher" daemon [_thread_blocked, id=7468, stack(0x00000000163e0000,0x00000000164e0000)]
  0x00000000028d0000 JavaThread "Finalizer" daemon [_thread_blocked, id=7296, stack(0x0000000016200000,0x0000000016300000)]
  0x00000000028cd000 JavaThread "Reference Handler" daemon [_thread_blocked, id=3976, stack(0x0000000016100000,0x0000000016200000)]
  0x00000000027e0800 JavaThread "main" [_thread_blocked, id=3924, stack(0x0000000002540000,0x0000000002640000)]

Other Threads:
  0x0000000014f78000 VMThread [stack: 0x0000000016000000,0x0000000016100000] [id=7824]
  0x00000000168e7000 WatcherThread [stack: 0x0000000016de0000,0x0000000016ee0000] [id=7196]

VM state:at safepoint (normal execution)

VM Mutex/Monitor currently owned by a thread:  ([mutex/lock_event])
[0x000000000265c940] Threads_lock - owner thread: 0x0000000014f78000
[0x000000000265c540] Heap_lock - owner thread: 0x00000000027e0800

Heap:
 PSYoungGen      total 18432K, used 17109K [0x00000000eab00000, 0x00000000ecf00000, 0x0000000100000000)
  eden space 15872K, 100% used [0x00000000eab00000,0x00000000eba80000,0x00000000eba80000)
  from space 2560K, 48% used [0x00000000eba80000,0x00000000ebbb55b8,0x00000000ebd00000)
  to   space 2560K, 99% used [0x00000000ecc80000,0x00000000ecefe8e8,0x00000000ecf00000)
 ParOldGen       total 42496K, used 592K [0x00000000c0000000, 0x00000000c2980000, 0x00000000eab00000)
  object space 42496K, 1% used [0x00000000c0000000,0x00000000c0094000,0x00000000c2980000)
 Metaspace       used 5946K, capacity 6832K, committed 7040K, reserved 1056768K
  class space    used 600K, capacity 616K, committed 640K, reserved 1048576K

Card table byte_map: [0x0000000011ca0000,0x0000000011eb0000] byte_map_base: 0x00000000116a0000

Marking Bits: (ParMarkBitMap*) 0x0000000076c9a5b0
 Begin Bits: [0x0000000012410000, 0x0000000013410000)
 End Bits:   [0x0000000013410000, 0x0000000014410000)

Polling page: 0x0000000000f90000

CodeCache: size=245760Kb used=4238Kb max_used=4238Kb free=241521Kb
 bounds [0x00000000028e0000, 0x0000000002d10000, 0x00000000118e0000]
 total_blobs=1354 nmethods=1086 adapters=182
 compilation: enabled

Compilation events (10 events):
Event: 7.209 Thread 0x000000001500b800 1076       1       com.android.dx.rop.code.DexTranslationAdvice::getMaxOptimalRegisterCount (3 bytes)
Event: 7.209 Thread 0x000000001500b800 nmethod 1076 0x0000000002cf7850 code [0x0000000002cf79a0, 0x0000000002cf7ab0]
Event: 7.525 Thread 0x0000000015001000 1078       4       com.android.dx.ssa.back.LivenessAnalyzer::liveInAtStatement (55 bytes)
Event: 7.530 Thread 0x0000000014faa000 1079       4       com.android.dx.ssa.back.LivenessAnalyzer::handleTailRecursion (94 bytes)
Event: 7.548 Thread 0x0000000015001000 nmethod 1078 0x0000000002cfce10 code [0x0000000002cfcfa0, 0x0000000002cfd668]
Event: 7.548 Thread 0x0000000015001000 1080       4       com.android.dx.ssa.back.LivenessAnalyzer::liveOutAtStatement (61 bytes)
Event: 7.552 Thread 0x000000001500b800 1081       3       com.android.dx.ssa.SsaMethod::mapRegisters (87 bytes)
Event: 7.554 Thread 0x000000001500b800 nmethod 1081 0x0000000002cfb290 code [0x0000000002cfb500, 0x0000000002cfc628]
Event: 7.554 Thread 0x000000001500b800 1082       3       com.android.dx.rop.cst.CstString::equals (24 bytes)
Event: 7.555 Thread 0x000000001500b800 nmethod 1082 0x0000000002cf7190 code [0x0000000002cf7300, 0x0000000002cf7748]

GC Heap History (2 events):
Event: 4.002 GC heap before
{Heap before GC invocations=1 (full 0):
 PSYoungGen      total 18432K, used 15872K [0x00000000eab00000, 0x00000000ebf80000, 0x0000000100000000)
  eden space 15872K, 100% used [0x00000000eab00000,0x00000000eba80000,0x00000000eba80000)
  from space 2560K, 0% used [0x00000000ebd00000,0x00000000ebd00000,0x00000000ebf80000)
  to   space 2560K, 0% used [0x00000000eba80000,0x00000000eba80000,0x00000000ebd00000)
 ParOldGen       total 42496K, used 0K [0x00000000c0000000, 0x00000000c2980000, 0x00000000eab00000)
  object space 42496K, 0% used [0x00000000c0000000,0x00000000c0000000,0x00000000c2980000)
 Metaspace       used 3761K, capacity 4944K, committed 5120K, reserved 1056768K
  class space    used 415K, capacity 456K, committed 512K, reserved 1048576K
Event: 4.125 GC heap after
Heap after GC invocations=1 (full 0):
 PSYoungGen      total 18432K, used 1237K [0x00000000eab00000, 0x00000000ecf00000, 0x0000000100000000)
  eden space 15872K, 0% used [0x00000000eab00000,0x00000000eab00000,0x00000000eba80000)
  from space 2560K, 48% used [0x00000000eba80000,0x00000000ebbb55b8,0x00000000ebd00000)
  to   space 2560K, 0% used [0x00000000ecc80000,0x00000000ecc80000,0x00000000ecf00000)
 ParOldGen       total 42496K, used 8K [0x00000000c0000000, 0x00000000c2980000, 0x00000000eab00000)
  object space 42496K, 0% used [0x00000000c0000000,0x00000000c0002000,0x00000000c2980000)
 Metaspace       used 3761K, capacity 4944K, committed 5120K, reserved 1056768K
  class space    used 415K, capacity 456K, committed 512K, reserved 1048576K
}

Deoptimization events (4 events):
Event: 3.833 Thread 0x00000000027e0800 Uncommon trap: reason=unstable_if action=reinterpret pc=0x0000000002a3bd94 method=java.lang.String.compareTo(Ljava/lang/String;)I @ 38
Event: 6.274 Thread 0x0000000016c79000 Uncommon trap: reason=unstable_if action=reinterpret pc=0x0000000002b066fc method=java.util.HashMap.getNode(ILjava/lang/Object;)Ljava/util/HashMap$Node; @ 62
Event: 6.528 Thread 0x0000000016c7a800 Uncommon trap: reason=unstable_if action=reinterpret pc=0x0000000002b24868 method=java.util.HashMap.getNode(ILjava/lang/Object;)Ljava/util/HashMap$Node; @ 62
Event: 7.073 Thread 0x00000000027e0800 Uncommon trap: reason=unstable_if action=reinterpret pc=0x0000000002b00730 method=java.util.BitSet.nextSetBit(I)I @ 87

Internal exceptions (2 events):
Event: 2.124 Thread 0x00000000027e0800 Exception <a 'java/lang/NoSuchMethodError': Method sun.misc.Unsafe.defineClass(Ljava/lang/String;[BII)Ljava/lang/Class; name or signature does not match> (0x00000000eab0d220) thrown at [C:\re\workspace\8-2-build-windows-amd64-cygwin\jdk8u66\5298\hotspot\sr/|ÿ
Event: 2.125 Thread 0x00000000027e0800 Exception <a 'java/lang/NoSuchMethodError': Method sun.misc.Unsafe.prefetchRead(Ljava/lang/Object;J)V name or signature does not match> (0x00000000eab0d508) thrown at [C:\re\workspace\8-2-build-windows-amd64-cygwin\jdk8u66\5298\hotspot\src\share\vm\prims\j

Events (10 events):
Event: 6.528 Thread 0x0000000016c7a800 Uncommon trap: trap_request=0xffffff65 fr.pc=0x0000000002b24868
Event: 6.528 Thread 0x0000000016c7a800 DEOPT PACKING pc=0x0000000002b24868 sp=0x00000000173de8d0
Event: 6.528 Thread 0x0000000016c7a800 DEOPT UNPACKING pc=0x000000000292582a sp=0x00000000173de7f0 mode 2
Event: 6.531 Executing VM operation: ForceSafepoint
Event: 6.836 Executing VM operation: ForceSafepoint done
Event: 6.848 loading class com/android/dx/dex/file/FieldAnnotationStruct
Event: 6.848 loading class com/android/dx/dex/file/FieldAnnotationStruct done
Event: 7.073 Thread 0x00000000027e0800 Uncommon trap: trap_request=0xffffff65 fr.pc=0x0000000002b00730
Event: 7.073 Thread 0x00000000027e0800 DEOPT PACKING pc=0x0000000002b00730 sp=0x000000000263e2b0
Event: 7.073 Thread 0x00000000027e0800 DEOPT UNPACKING pc=0x000000000292582a sp=0x000000000263e248 mode 2


Dynamic libraries:
0x00007ff776c60000 - 0x00007ff776c97000 	C:\Program Files\Java\jdk1.8.0_66\bin\java.exe
0x00007ff85ecc0000 - 0x00007ff85ee82000 	C:\Windows\SYSTEM32\ntdll.dll
0x00007ff85c500000 - 0x00007ff85c5ad000 	C:\Windows\system32\KERNEL32.DLL
0x00007ff85c170000 - 0x00007ff85c34d000 	C:\Windows\system32\KERNELBASE.dll
0x00007ff85dfe0000 - 0x00007ff85e086000 	C:\Windows\system32\ADVAPI32.dll
0x00007ff85de80000 - 0x00007ff85df1d000 	C:\Windows\system32\msvcrt.dll
0x00007ff85df20000 - 0x00007ff85df7b000 	C:\Windows\system32\sechost.dll
0x00007ff85e5a0000 - 0x00007ff85e6c6000 	C:\Windows\system32\RPCRT4.dll
0x00007ff85e2d0000 - 0x00007ff85e41e000 	C:\Windows\system32\USER32.dll
0x00007ff85e140000 - 0x00007ff85e2c6000 	C:\Windows\system32\GDI32.dll
0x00007ff8572c0000 - 0x00007ff857534000 	C:\Windows\WinSxS\amd64_microsoft.windows.common-controls_6595b64144ccf1df_6.0.10240.16384_none_f41f7b285750ef43\COMCTL32.dll
0x00007ff85dc70000 - 0x00007ff85dca6000 	C:\Windows\system32\IMM32.DLL
0x00007ff85e420000 - 0x00007ff85e57c000 	C:\Windows\system32\MSCTF.dll
0x0000000075fe0000 - 0x00000000760b2000 	C:\Program Files\Java\jdk1.8.0_66\jre\bin\msvcr100.dll
0x0000000076490000 - 0x0000000076d19000 	C:\Program Files\Java\jdk1.8.0_66\jre\bin\server\jvm.dll
0x00007ff85dcc0000 - 0x00007ff85dcc8000 	C:\Windows\system32\PSAPI.DLL
0x00007ff84abd0000 - 0x00007ff84abd9000 	C:\Windows\SYSTEM32\WSOCK32.dll
0x00007ff85ec50000 - 0x00007ff85ecb9000 	C:\Windows\system32\WS2_32.dll
0x00007ff85e8a0000 - 0x00007ff85e8a8000 	C:\Windows\system32\NSI.dll
0x00007ff859db0000 - 0x00007ff859dd3000 	C:\Windows\SYSTEM32\WINMM.dll
0x00007ff8579f0000 - 0x00007ff8579fa000 	C:\Windows\SYSTEM32\VERSION.dll
0x00007ff859d50000 - 0x00007ff859d7c000 	C:\Windows\SYSTEM32\WINMMBASE.dll
0x00007ff85b920000 - 0x00007ff85b964000 	C:\Windows\system32\cfgmgr32.dll
0x00007ff85a020000 - 0x00007ff85a047000 	C:\Windows\SYSTEM32\DEVOBJ.dll
0x0000000076480000 - 0x000000007648f000 	C:\Program Files\Java\jdk1.8.0_66\jre\bin\verify.dll
0x0000000076450000 - 0x0000000076479000 	C:\Program Files\Java\jdk1.8.0_66\jre\bin\java.dll
0x0000000076430000 - 0x0000000076446000 	C:\Program Files\Java\jdk1.8.0_66\jre\bin\zip.dll
0x00007ff85c5b0000 - 0x00007ff85db18000 	C:\Windows\system32\SHELL32.dll
0x00007ff85b970000 - 0x00007ff85bf98000 	C:\Windows\system32\windows.storage.dll
0x00007ff85e970000 - 0x00007ff85ebec000 	C:\Windows\system32\combase.dll
0x00007ff85ebf0000 - 0x00007ff85ec41000 	C:\Windows\system32\shlwapi.dll
0x00007ff85b6b0000 - 0x00007ff85b6bf000 	C:\Windows\system32\kernel.appcore.dll
0x00007ff85c000000 - 0x00007ff85c0b3000 	C:\Windows\system32\shcore.dll
0x00007ff85b6c0000 - 0x00007ff85b70a000 	C:\Windows\system32\powrprof.dll
0x00007ff85b730000 - 0x00007ff85b743000 	C:\Windows\system32\profapi.dll
0x00007ff85e8b0000 - 0x00007ff85e96e000 	C:\Windows\system32\OLEAUT32.dll

VM Arguments:
jvm_args: -Djava.awt.headless=true -Xmx1024M -Dfile.encoding=windows-1252 -Duser.country=US -Duser.language=en -Duser.variant 
java_command: com.android.dx.command.Main --dex --force-jumbo --num-threads=4 --output E:\Work\projects\Udacity\MoviesApp\app\build\intermediates\pre-dexed\debug\com.android.support-support-v4-23.2.1_960e5c617866409bf5ce596d0cd933baccdfb191.jar E:\Work\projects\Udacity\MoviesApp\app\build\intermediates\exploded-aar\com.android.support\support-v4\23.2.1\jars\classes.jar
java_class_path (initial): C:\Users\ibra\AppData\Local\Android\sdk\build-tools\23.0.3\lib\dx.jar
Launcher Type: SUN_STANDARD

Environment Variables:
PATH=C:\ProgramData\Oracle\Java\javapath;C:\Windows\system32;C:\Windows;C:\Windows\System32\Wbem;C:\Windows\System32\WindowsPowerShell\v1.0\;C:\Program Files\7-Zip;C:\Program Files (x86)\Skype\Phone\;C:\Program Files\Git\cmd
USERNAME=ibra
OS=Windows_NT
PROCESSOR_IDENTIFIER=Intel64 Family 6 Model 37 Stepping 5, GenuineIntel



---------------  S Y S T E M  ---------------

OS: Windows 10.0 , 64 bit Build 10240 (10.0.10240.16384)

CPU:total 4 (2 cores per cpu, 2 threads per core) family 6 model 37 stepping 5, cmov, cx8, fxsr, mmx, sse, sse2, sse3, ssse3, sse4.1, sse4.2, popcnt, ht, tsc, tscinvbit

Memory: 4k page, physical 3987304k(172496k free), swap 8135008k(3456k free)

vm_info: Java HotSpot(TM) 64-Bit Server VM (25.66-b18) for windows-amd64 JRE (1.8.0_66-b18), built on Nov  9 2015 10:51:13 by "java_re" with MS VC++ 10.0 (VS2010)

time: Tue Apr 26 16:14:53 2016
elapsed time: 7 seconds (0d 0h 0m 7s)

