#
# There is insufficient memory for the Java Runtime Environment to continue.
# Native memory allocation (malloc) failed to allocate 37216 bytes for Chunk::new
# Possible reasons:
#   The system is out of physical RAM or swap space
#   In 32 bit mode, the process size limit was hit
# Possible solutions:
#   Reduce memory load on the system
#   Increase physical memory or swap space
#   Check if swap backing store is full
#   Use 64 bit Java on a 64 bit OS
#   Decrease Java heap size (-Xmx/-Xms)
#   Decrease number of Java threads
#   Decrease Java thread stack sizes (-Xss)
#   Set larger code cache with -XX:ReservedCodeCacheSize=
# This output file may be truncated or incomplete.
#
#  Out of Memory Error (allocation.cpp:390), pid=4172, tid=7452
#
# JRE version: Java(TM) SE Runtime Environment (8.0_66-b18) (build 1.8.0_66-b18)
# Java VM: Java HotSpot(TM) 64-Bit Server VM (25.66-b18 mixed mode windows-amd64 compressed oops)
# Failed to write core dump. Minidumps are not enabled by default on client versions of Windows
#

---------------  T H R E A D  ---------------

Current thread (0x00000000150ea800):  JavaThread "C2 CompilerThread1" daemon [_thread_in_native, id=7452, stack(0x0000000016820000,0x0000000016920000)]

Stack: [0x0000000016820000,0x0000000016920000]
[error occurred during error reporting (printing stack bounds), id 0xc0000005]

Native frames: (J=compiled Java code, j=interpreted, Vv=VM code, C=native code)


Current CompileTask:
C2:   2193  253       4       java.lang.String::startsWith (7 bytes)


---------------  P R O C E S S  ---------------

Java Threads: ( => current thread )
  0x0000000016cde000 JavaThread "pool-1-thread-4" [_thread_new, id=4928, stack(0x0000000000000000,0x0000000000000000)]
  0x0000000016bb2000 JavaThread "pool-1-thread-3" [_thread_new, id=4840, stack(0x0000000000000000,0x0000000000000000)]
  0x0000000016bd9800 JavaThread "pool-1-thread-2" [_thread_new, id=6272, stack(0x0000000000000000,0x0000000000000000)]
  0x0000000016bd7000 JavaThread "pool-2-thread-1" [_thread_new, id=2836, stack(0x0000000000000000,0x0000000000000000)]
  0x0000000016bd4000 JavaThread "pool-1-thread-1" [_thread_new, id=2884, stack(0x0000000000000000,0x0000000000000000)]
  0x000000001514e800 JavaThread "Service Thread" daemon [_thread_blocked, id=6420, stack(0x0000000016e20000,0x0000000016f20000)]
  0x0000000015148000 JavaThread "C1 CompilerThread2" daemon [_thread_blocked, id=2508, stack(0x0000000016920000,0x0000000016a20000)]
=>0x00000000150ea800 JavaThread "C2 CompilerThread1" daemon [_thread_in_native, id=7452, stack(0x0000000016820000,0x0000000016920000)]
  0x00000000150e8000 JavaThread "C2 CompilerThread0" daemon [_thread_blocked, id=288, stack(0x0000000016720000,0x0000000016820000)]
  0x00000000150e6800 JavaThread "Attach Listener" daemon [_thread_blocked, id=1152, stack(0x0000000016620000,0x0000000016720000)]
  0x00000000150e5000 JavaThread "Signal Dispatcher" daemon [_thread_blocked, id=7568, stack(0x0000000016520000,0x0000000016620000)]
  0x0000000002a10000 JavaThread "Finalizer" daemon [_thread_blocked, id=7396, stack(0x0000000016340000,0x0000000016440000)]
  0x0000000002a0d000 JavaThread "Reference Handler" daemon [_thread_blocked, id=7436, stack(0x0000000016240000,0x0000000016340000)]
  0x0000000002920800 JavaThread "main" [_thread_in_Java, id=5840, stack(0x0000000002820000,0x0000000002920000)]

Other Threads:
  0x00000000150b8000 VMThread [stack: 0x0000000016140000,0x0000000016240000] [id=6604]
  0x0000000016a40800 WatcherThread [stack: 0x0000000016f20000,0x0000000017020000] [id=6148]

VM state:not at safepoint (normal execution)

VM Mutex/Monitor currently owned by a thread: None

Heap:
 PSYoungGen      total 18432K, used 4794K [0x00000000eab00000, 0x00000000ebf80000, 0x0000000100000000)
  eden space 15872K, 30% used [0x00000000eab00000,0x00000000eafaea28,0x00000000eba80000)
  from space 2560K, 0% used [0x00000000ebd00000,0x00000000ebd00000,0x00000000ebf80000)
  to   space 2560K, 0% used [0x00000000eba80000,0x00000000eba80000,0x00000000ebd00000)
 ParOldGen       total 42496K, used 0K [0x00000000c0000000, 0x00000000c2980000, 0x00000000eab00000)
  object space 42496K, 0% used [0x00000000c0000000,0x00000000c0000000,0x00000000c2980000)
 Metaspace       used 3980K, capacity 5168K, committed 5376K, reserved 1056768K
  class space    used 445K, capacity 488K, committed 512K, reserved 1048576K

Card table byte_map: [0x0000000011de0000,0x0000000011ff0000] byte_map_base: 0x00000000117e0000

Marking Bits: (ParMarkBitMap*) 0x000000005cfda5b0
 Begin Bits: [0x0000000012550000, 0x0000000013550000)
 End Bits:   [0x0000000013550000, 0x0000000014550000)

Polling page: 0x0000000000cb0000

CodeCache: size=245760Kb used=1694Kb max_used=1694Kb free=244065Kb
 bounds [0x0000000002a20000, 0x0000000002c90000, 0x0000000011a20000]
 total_blobs=518 nmethods=261 adapters=171
 compilation: enabled

Compilation events (10 events):
Event: 2.148 Thread 0x0000000015148000  257   !   3       com.android.dx.cf.direct.AttributeFactory::parse (248 bytes)
Event: 2.153 Thread 0x0000000015148000 nmethod 257 0x0000000002bb7e50 code [0x0000000002bb8440, 0x0000000002bbc2a8]
Event: 2.153 Thread 0x0000000015148000  258       3       com.android.dx.cf.direct.StdAttributeFactory::parse0 (532 bytes)
Event: 2.160 Thread 0x0000000015148000 nmethod 258 0x0000000002bbf190 code [0x0000000002bbf920, 0x0000000002bc3b18]
Event: 2.162 Thread 0x0000000015148000  259       3       com.android.dx.cf.attrib.BaseAttribute::<init> (24 bytes)
Event: 2.162 Thread 0x0000000015148000 nmethod 259 0x0000000002bc6b10 code [0x0000000002bc6c80, 0x0000000002bc6f48]
Event: 2.163 Thread 0x0000000015148000  260       3       com.android.dx.cf.iface.StdAttributeList::set (7 bytes)
Event: 2.163 Thread 0x0000000015148000 nmethod 260 0x0000000002bc7050 code [0x0000000002bc7220, 0x0000000002bc7a08]
Event: 2.164 Thread 0x0000000015148000  261       3       com.android.dx.cf.direct.AttributeListParser::parseIfNecessary (12 bytes)
Event: 2.164 Thread 0x0000000015148000 nmethod 261 0x0000000002bc7fd0 code [0x0000000002bc8140, 0x0000000002bc8308]

GC Heap History (0 events):
No events

Deoptimization events (0 events):
No events

Internal exceptions (2 events):
Event: 0.663 Thread 0x0000000002920800 Exception <a 'java/lang/NoSuchMethodError': Method sun.misc.Unsafe.defineClass(Ljava/lang/String;[BII)Ljava/lang/Class; name or signature does not match> (0x00000000eab0d298) thrown at [C:\re\workspace\8-2-build-windows-amd64-cygwin\jdk8u66\5298\hotspot\srú’ænˆ6å?
Event: 0.663 Thread 0x0000000002920800 Exception <a 'java/lang/NoSuchMethodError': Method sun.misc.Unsafe.prefetchRead(Ljava/lang/Object;J)V name or signature does not match> (0x00000000eab0d580) thrown at [C:\re\workspace\8-2-build-windows-amd64-cygwin\jdk8u66\5298\hotspot\src\share\vm\prims\j

Events (10 events):
Event: 2.112 loading class com/android/dx/cf/code/ByteCatchList$Item done
Event: 2.119 Thread 0x0000000016cde000 Thread added: 0x0000000016cde000
Event: 2.127 loading class com/android/dx/cf/attrib/AttEnclosingMethod
Event: 2.127 loading class com/android/dx/cf/attrib/AttEnclosingMethod done
Event: 2.166 loading class com/android/dx/dex/cf/CfTranslator
Event: 2.166 loading class com/android/dx/dex/cf/CfTranslator done
Event: 2.167 loading class com/android/dx/dex/code/DalvCode$AssignIndicesCallback
Event: 2.167 loading class com/android/dx/dex/code/DalvCode$AssignIndicesCallback done
Event: 2.167 loading class com/android/dx/rop/code/TranslationAdvice
Event: 2.167 loading class com/android/dx/rop/code/TranslationAdvice done


Dynamic libraries:
0x00007ff6288e0000 - 0x00007ff628917000 	C:\Program Files\Java\jdk1.8.0_66\bin\java.exe
0x00007ff816c20000 - 0x00007ff816de2000 	C:\Windows\SYSTEM32\ntdll.dll
0x00007ff816a10000 - 0x00007ff816abd000 	C:\Windows\system32\KERNEL32.DLL
0x00007ff814080000 - 0x00007ff81425d000 	C:\Windows\system32\KERNELBASE.dll
0x00007ff8167b0000 - 0x00007ff816856000 	C:\Windows\system32\ADVAPI32.dll
0x00007ff8160d0000 - 0x00007ff81616d000 	C:\Windows\system32\msvcrt.dll
0x00007ff816ba0000 - 0x00007ff816bfb000 	C:\Windows\system32\sechost.dll
0x00007ff8163b0000 - 0x00007ff8164d6000 	C:\Windows\system32\RPCRT4.dll
0x00007ff815ec0000 - 0x00007ff81600e000 	C:\Windows\system32\USER32.dll
0x00007ff816170000 - 0x00007ff8162f6000 	C:\Windows\system32\GDI32.dll
0x00007ff80f110000 - 0x00007ff80f384000 	C:\Windows\WinSxS\amd64_microsoft.windows.common-controls_6595b64144ccf1df_6.0.10240.16384_none_f41f7b285750ef43\COMCTL32.dll
0x00007ff816370000 - 0x00007ff8163a6000 	C:\Windows\system32\IMM32.DLL
0x00007ff815d60000 - 0x00007ff815ebc000 	C:\Windows\system32\MSCTF.dll
0x000000005c090000 - 0x000000005c162000 	C:\Program Files\Java\jdk1.8.0_66\jre\bin\msvcr100.dll
0x000000005c7d0000 - 0x000000005d059000 	C:\Program Files\Java\jdk1.8.0_66\jre\bin\server\jvm.dll
0x00007ff8167a0000 - 0x00007ff8167a8000 	C:\Windows\system32\PSAPI.DLL
0x00007ff811460000 - 0x00007ff811469000 	C:\Windows\SYSTEM32\WSOCK32.dll
0x00007ff814540000 - 0x00007ff8145a9000 	C:\Windows\system32\WS2_32.dll
0x00007ff814530000 - 0x00007ff814538000 	C:\Windows\system32\NSI.dll
0x00007ff811430000 - 0x00007ff811453000 	C:\Windows\SYSTEM32\WINMM.dll
0x00007ff80f680000 - 0x00007ff80f68a000 	C:\Windows\SYSTEM32\VERSION.dll
0x00007ff8113d0000 - 0x00007ff8113fc000 	C:\Windows\SYSTEM32\WINMMBASE.dll
0x00007ff814260000 - 0x00007ff8142a4000 	C:\Windows\system32\cfgmgr32.dll
0x00007ff811f80000 - 0x00007ff811fa7000 	C:\Windows\SYSTEM32\DEVOBJ.dll
0x000000005c7c0000 - 0x000000005c7cf000 	C:\Program Files\Java\jdk1.8.0_66\jre\bin\verify.dll
0x000000005c790000 - 0x000000005c7b9000 	C:\Program Files\Java\jdk1.8.0_66\jre\bin\java.dll
0x000000005c770000 - 0x000000005c786000 	C:\Program Files\Java\jdk1.8.0_66\jre\bin\zip.dll
0x00007ff8147f0000 - 0x00007ff815d58000 	C:\Windows\system32\SHELL32.dll
0x00007ff813760000 - 0x00007ff813d88000 	C:\Windows\system32\windows.storage.dll
0x00007ff8142b0000 - 0x00007ff81452c000 	C:\Windows\system32\combase.dll
0x00007ff8145b0000 - 0x00007ff814601000 	C:\Windows\system32\shlwapi.dll
0x00007ff813680000 - 0x00007ff81368f000 	C:\Windows\system32\kernel.appcore.dll
0x00007ff813d90000 - 0x00007ff813e43000 	C:\Windows\system32\shcore.dll
0x00007ff813630000 - 0x00007ff81367a000 	C:\Windows\system32\powrprof.dll
0x00007ff813610000 - 0x00007ff813623000 	C:\Windows\system32\profapi.dll
0x00007ff816010000 - 0x00007ff8160ce000 	C:\Windows\system32\OLEAUT32.dll

VM Arguments:
jvm_args: -Djava.awt.headless=true -Xmx1024M -Dfile.encoding=windows-1252 -Duser.country=US -Duser.language=en -Duser.variant 
java_command: com.android.dx.command.Main --dex --force-jumbo --num-threads=4 --output E:\Work\projects\Udacity\MoviesApp\app\build\intermediates\pre-dexed\debug\picasso-2.5.2_496f96d4b52d11f83030d70af5084d08871be969.jar C:\Users\ibra\.gradle\caches\modules-2\files-2.1\com.squareup.picasso\picasso\2.5.2\7446d06ec8d4f7ffcc53f1da37c95f200dcb9387\picasso-2.5.2.jar
java_class_path (initial): C:\Users\ibra\AppData\Local\Android\sdk\build-tools\23.0.3\lib\dx.jar
Launcher Type: SUN_STANDARD

Environment Variables:
PATH=C:\ProgramData\Oracle\Java\javapath;C:\Windows\system32;C:\Windows;C:\Windows\System32\Wbem;C:\Windows\System32\WindowsPowerShell\v1.0\;C:\Program Files\7-Zip;C:\Program Files (x86)\Skype\Phone\;C:\Program Files\Git\cmd
USERNAME=ibra
OS=Windows_NT
PROCESSOR_IDENTIFIER=Intel64 Family 6 Model 37 Stepping 5, GenuineIntel



---------------  S Y S T E M  ---------------

OS: Windows 10.0 , 64 bit Build 10240 (10.0.10240.16384)

CPU:total 4 (2 cores per cpu, 2 threads per core) family 6 model 37 stepping 5, cmov, cx8, fxsr, mmx, sse, sse2, sse3, ssse3, sse4.1, sse4.2, popcnt, ht, tsc, tscinvbit

Memory: 4k page, physical 3987304k(265544k free), swap 5917528k(2668k free)

vm_info: Java HotSpot(TM) 64-Bit Server VM (25.66-b18) for windows-amd64 JRE (1.8.0_66-b18), built on Nov  9 2015 10:51:13 by "java_re" with MS VC++ 10.0 (VS2010)

time: Sat Apr 23 16:47:06 2016
elapsed time: 2 seconds (0d 0h 0m 2s)

