#
# There is insufficient memory for the Java Runtime Environment to continue.
# Native memory allocation (malloc) failed to allocate 65552 bytes for Chunk::new
# Possible reasons:
#   The system is out of physical RAM or swap space
#   In 32 bit mode, the process size limit was hit
# Possible solutions:
#   Reduce memory load on the system
#   Increase physical memory or swap space
#   Check if swap backing store is full
#   Use 64 bit Java on a 64 bit OS
#   Decrease Java heap size (-Xmx/-Xms)
#   Decrease number of Java threads
#   Decrease Java thread stack sizes (-Xss)
#   Set larger code cache with -XX:ReservedCodeCacheSize=
# This output file may be truncated or incomplete.
#
#  Out of Memory Error (allocation.cpp:390), pid=7620, tid=7476
#
# JRE version: Java(TM) SE Runtime Environment (8.0_66-b18) (build 1.8.0_66-b18)
# Java VM: Java HotSpot(TM) 64-Bit Server VM (25.66-b18 mixed mode windows-amd64 compressed oops)
# Failed to write core dump. Minidumps are not enabled by default on client versions of Windows
#

---------------  T H R E A D  ---------------

Current thread (0x0000000014cd8000):  JavaThread "C2 CompilerThread0" daemon [_thread_in_native, id=7476, stack(0x0000000016230000,0x0000000016330000)]

Stack: [0x0000000016230000,0x0000000016330000]
[error occurred during error reporting (printing stack bounds), id 0xc0000005]

Native frames: (J=compiled Java code, j=interpreted, Vv=VM code, C=native code)


Current CompileTask:
C2:   3107  721       4       com.android.dx.ssa.SsaBasicBlock::forEachInsn (37 bytes)


---------------  P R O C E S S  ---------------

Java Threads: ( => current thread )
  0x000000001676a000 JavaThread "pool-1-thread-4" [_thread_in_Java, id=3188, stack(0x0000000016f30000,0x0000000017030000)]
  0x0000000016694800 JavaThread "pool-1-thread-3" [_thread_in_vm, id=7028, stack(0x0000000016e30000,0x0000000016f30000)]
  0x0000000016693800 JavaThread "pool-1-thread-2" [_thread_blocked, id=7216, stack(0x0000000016d30000,0x0000000016e30000)]
  0x0000000016690800 JavaThread "pool-2-thread-1" [_thread_blocked, id=3112, stack(0x0000000016c30000,0x0000000016d30000)]
  0x000000001668e000 JavaThread "pool-1-thread-1" [_thread_blocked, id=2304, stack(0x0000000016b30000,0x0000000016c30000)]
  0x0000000014d3e800 JavaThread "Service Thread" daemon [_thread_blocked, id=6040, stack(0x0000000016930000,0x0000000016a30000)]
  0x0000000014d3b800 JavaThread "C1 CompilerThread2" daemon [_thread_blocked, id=7512, stack(0x0000000016430000,0x0000000016530000)]
  0x0000000014cda800 JavaThread "C2 CompilerThread1" daemon [_thread_in_native, id=6996, stack(0x0000000016330000,0x0000000016430000)]
=>0x0000000014cd8000 JavaThread "C2 CompilerThread0" daemon [_thread_in_native, id=7476, stack(0x0000000016230000,0x0000000016330000)]
  0x0000000014cd6800 JavaThread "Attach Listener" daemon [_thread_blocked, id=1968, stack(0x0000000016130000,0x0000000016230000)]
  0x0000000014cd5000 JavaThread "Signal Dispatcher" daemon [_thread_blocked, id=6636, stack(0x0000000016030000,0x0000000016130000)]
  0x0000000002600000 JavaThread "Finalizer" daemon [_thread_blocked, id=6120, stack(0x0000000015f30000,0x0000000016030000)]
  0x00000000025fd000 JavaThread "Reference Handler" daemon [_thread_blocked, id=7796, stack(0x0000000015e30000,0x0000000015f30000)]
  0x0000000002510800 JavaThread "main" [_thread_blocked, id=8024, stack(0x0000000002410000,0x0000000002510000)]

Other Threads:
  0x0000000014ca8000 VMThread [stack: 0x0000000015d30000,0x0000000015e30000] [id=8096]
  0x0000000016539800 WatcherThread [stack: 0x0000000016a30000,0x0000000016b30000] [id=3520]

VM state:not at safepoint (normal execution)

VM Mutex/Monitor currently owned by a thread: None

Heap:
 PSYoungGen      total 18432K, used 14058K [0x00000000eab00000, 0x00000000ebf80000, 0x0000000100000000)
  eden space 15872K, 88% used [0x00000000eab00000,0x00000000eb8ba8d8,0x00000000eba80000)
  from space 2560K, 0% used [0x00000000ebd00000,0x00000000ebd00000,0x00000000ebf80000)
  to   space 2560K, 0% used [0x00000000eba80000,0x00000000eba80000,0x00000000ebd00000)
 ParOldGen       total 42496K, used 0K [0x00000000c0000000, 0x00000000c2980000, 0x00000000eab00000)
  object space 42496K, 0% used [0x00000000c0000000,0x00000000c0000000,0x00000000c2980000)
 Metaspace       used 5714K, capacity 6704K, committed 6784K, reserved 1056768K
  class space    used 596K, capacity 616K, committed 640K, reserved 1048576K

Card table byte_map: [0x00000000119d0000,0x0000000011be0000] byte_map_base: 0x00000000113d0000

Marking Bits: (ParMarkBitMap*) 0x0000000076c9a5b0
 Begin Bits: [0x0000000012140000, 0x0000000013140000)
 End Bits:   [0x0000000013140000, 0x0000000014140000)

Polling page: 0x0000000000a30000

CodeCache: size=245760Kb used=3128Kb max_used=3128Kb free=242631Kb
 bounds [0x0000000002610000, 0x0000000002920000, 0x0000000011610000]
 total_blobs=1020 nmethods=751 adapters=182
 compilation: disabled (not enough contiguous free space left)

Compilation events (10 events):
Event: 3.033 Thread 0x0000000014cd8000  721       4       com.android.dx.ssa.SsaBasicBlock::forEachInsn (37 bytes)
Event: 3.034 Thread 0x0000000014cda800 nmethod 720 0x00000000028d40d0 code [0x00000000028d4220, 0x00000000028d42f8]
Event: 3.034 Thread 0x0000000014cda800  722       4       java.util.ArrayList$Itr::<init> (6 bytes)
Event: 3.035 Thread 0x0000000014cda800 nmethod 722 0x00000000028d28d0 code [0x00000000028d2a00, 0x00000000028d2a98]
Event: 3.036 Thread 0x0000000014d3b800 nmethod 717 0x00000000028d89d0 code [0x00000000028d8fe0, 0x00000000028dd978]
Event: 3.037 Thread 0x0000000014d3b800  715   !   3       com.android.dx.cf.code.RopperMachine::run (1550 bytes)
Event: 3.044 Thread 0x0000000014cda800  723       4       com.android.dx.ssa.SsaBasicBlock::isReachable (29 bytes)
Event: 3.045 Thread 0x0000000014cda800 nmethod 723 0x00000000028e0f90 code [0x00000000028e10c0, 0x00000000028e1158]
Event: 3.046 Thread 0x0000000014cda800  724   !   4       com.android.dx.util.FixedSizeList::<init> (36 bytes)
Event: 3.048 Thread 0x0000000014cda800 nmethod 724 0x00000000028d8690 code [0x00000000028d87e0, 0x00000000028d8918]

GC Heap History (0 events):
No events

Deoptimization events (5 events):
Event: 3.007 Thread 0x000000001676a000 Uncommon trap: reason=unstable_if action=reinterpret pc=0x0000000002858a3c method=java.util.HashMap.getNode(ILjava/lang/Object;)Ljava/util/HashMap$Node; @ 62
Event: 3.013 Thread 0x000000001676a000 Uncommon trap: reason=bimorphic action=maybe_recompile pc=0x00000000028ac138 method=com.android.dx.ssa.NormalSsaInsn.accept(Lcom/android/dx/ssa/SsaInsn$Visitor;)V @ 9
Event: 3.014 Thread 0x000000001676a000 Uncommon trap: reason=bimorphic action=maybe_recompile pc=0x00000000028ac138 method=com.android.dx.ssa.NormalSsaInsn.accept(Lcom/android/dx/ssa/SsaInsn$Visitor;)V @ 9
Event: 3.014 Thread 0x000000001676a000 Uncommon trap: reason=bimorphic action=maybe_recompile pc=0x00000000028ac138 method=com.android.dx.ssa.NormalSsaInsn.accept(Lcom/android/dx/ssa/SsaInsn$Visitor;)V @ 9
Event: 3.014 Thread 0x000000001676a000 Uncommon trap: reason=bimorphic action=maybe_recompile pc=0x00000000028ac138 method=com.android.dx.ssa.NormalSsaInsn.accept(Lcom/android/dx/ssa/SsaInsn$Visitor;)V @ 9

Internal exceptions (2 events):
Event: 0.567 Thread 0x0000000002510800 Exception <a 'java/lang/NoSuchMethodError': Method sun.misc.Unsafe.defineClass(Ljava/lang/String;[BII)Ljava/lang/Class; name or signature does not match> (0x00000000eab0d298) thrown at [C:\re\workspace\8-2-build-windows-amd64-cygwin\jdk8u66\5298\hotspot\sr®n!Ô”$â?
Event: 0.567 Thread 0x0000000002510800 Exception <a 'java/lang/NoSuchMethodError': Method sun.misc.Unsafe.prefetchRead(Ljava/lang/Object;J)V name or signature does not match> (0x00000000eab0d580) thrown at [C:\re\workspace\8-2-build-windows-amd64-cygwin\jdk8u66\5298\hotspot\src\share\vm\prims\j

Events (10 events):
Event: 3.014 Thread 0x000000001676a000 Uncommon trap: trap_request=0xffffffc6 fr.pc=0x00000000028ac138
Event: 3.014 Thread 0x000000001676a000 DEOPT PACKING pc=0x00000000028ac138 sp=0x000000001702e660
Event: 3.014 Thread 0x000000001676a000 DEOPT UNPACKING pc=0x000000000265582a sp=0x000000001702e5f0 mode 2
Event: 3.017 loading class java/util/DualPivotQuicksort
Event: 3.017 loading class java/util/DualPivotQuicksort done
Event: 3.021 loading class com/android/dx/cf/code/Ropper$ExceptionHandlerSetup
Event: 3.021 loading class com/android/dx/cf/code/Ropper$ExceptionHandlerSetup done
Event: 3.034 loading class java/util/ArrayList$1
Event: 3.034 loading class java/util/ArrayList$1 done
Event: 3.057 loading class java/util/HashMap$Values


Dynamic libraries:
0x00007ff776c60000 - 0x00007ff776c97000 	C:\Program Files\Java\jdk1.8.0_66\bin\java.exe
0x00007ff85ecc0000 - 0x00007ff85ee82000 	C:\Windows\SYSTEM32\ntdll.dll
0x00007ff85c500000 - 0x00007ff85c5ad000 	C:\Windows\system32\KERNEL32.DLL
0x00007ff85c170000 - 0x00007ff85c34d000 	C:\Windows\system32\KERNELBASE.dll
0x00007ff85dfe0000 - 0x00007ff85e086000 	C:\Windows\system32\ADVAPI32.dll
0x00007ff85de80000 - 0x00007ff85df1d000 	C:\Windows\system32\msvcrt.dll
0x00007ff85df20000 - 0x00007ff85df7b000 	C:\Windows\system32\sechost.dll
0x00007ff85e5a0000 - 0x00007ff85e6c6000 	C:\Windows\system32\RPCRT4.dll
0x00007ff85e2d0000 - 0x00007ff85e41e000 	C:\Windows\system32\USER32.dll
0x00007ff85e140000 - 0x00007ff85e2c6000 	C:\Windows\system32\GDI32.dll
0x00007ff8572c0000 - 0x00007ff857534000 	C:\Windows\WinSxS\amd64_microsoft.windows.common-controls_6595b64144ccf1df_6.0.10240.16384_none_f41f7b285750ef43\COMCTL32.dll
0x00007ff85dc70000 - 0x00007ff85dca6000 	C:\Windows\system32\IMM32.DLL
0x00007ff85e420000 - 0x00007ff85e57c000 	C:\Windows\system32\MSCTF.dll
0x0000000075fe0000 - 0x00000000760b2000 	C:\Program Files\Java\jdk1.8.0_66\jre\bin\msvcr100.dll
0x0000000076490000 - 0x0000000076d19000 	C:\Program Files\Java\jdk1.8.0_66\jre\bin\server\jvm.dll
0x00007ff85dcc0000 - 0x00007ff85dcc8000 	C:\Windows\system32\PSAPI.DLL
0x00007ff84abd0000 - 0x00007ff84abd9000 	C:\Windows\SYSTEM32\WSOCK32.dll
0x00007ff85ec50000 - 0x00007ff85ecb9000 	C:\Windows\system32\WS2_32.dll
0x00007ff85e8a0000 - 0x00007ff85e8a8000 	C:\Windows\system32\NSI.dll
0x00007ff859db0000 - 0x00007ff859dd3000 	C:\Windows\SYSTEM32\WINMM.dll
0x00007ff8579f0000 - 0x00007ff8579fa000 	C:\Windows\SYSTEM32\VERSION.dll
0x00007ff859d50000 - 0x00007ff859d7c000 	C:\Windows\SYSTEM32\WINMMBASE.dll
0x00007ff85b920000 - 0x00007ff85b964000 	C:\Windows\system32\cfgmgr32.dll
0x00007ff85a020000 - 0x00007ff85a047000 	C:\Windows\SYSTEM32\DEVOBJ.dll
0x0000000076480000 - 0x000000007648f000 	C:\Program Files\Java\jdk1.8.0_66\jre\bin\verify.dll
0x0000000076450000 - 0x0000000076479000 	C:\Program Files\Java\jdk1.8.0_66\jre\bin\java.dll
0x0000000076430000 - 0x0000000076446000 	C:\Program Files\Java\jdk1.8.0_66\jre\bin\zip.dll
0x00007ff85c5b0000 - 0x00007ff85db18000 	C:\Windows\system32\SHELL32.dll
0x00007ff85b970000 - 0x00007ff85bf98000 	C:\Windows\system32\windows.storage.dll
0x00007ff85e970000 - 0x00007ff85ebec000 	C:\Windows\system32\combase.dll
0x00007ff85ebf0000 - 0x00007ff85ec41000 	C:\Windows\system32\shlwapi.dll
0x00007ff85b6b0000 - 0x00007ff85b6bf000 	C:\Windows\system32\kernel.appcore.dll
0x00007ff85c000000 - 0x00007ff85c0b3000 	C:\Windows\system32\shcore.dll
0x00007ff85b6c0000 - 0x00007ff85b70a000 	C:\Windows\system32\powrprof.dll
0x00007ff85b730000 - 0x00007ff85b743000 	C:\Windows\system32\profapi.dll
0x00007ff85e8b0000 - 0x00007ff85e96e000 	C:\Windows\system32\OLEAUT32.dll

VM Arguments:
jvm_args: -Djava.awt.headless=true -Xmx1024M -Dfile.encoding=windows-1252 -Duser.country=US -Duser.language=en -Duser.variant 
java_command: com.android.dx.command.Main --dex --force-jumbo --num-threads=4 --output E:\Work\projects\Udacity\MoviesApp\app\build\intermediates\pre-dexed\debug\picasso-2.5.2_496f96d4b52d11f83030d70af5084d08871be969.jar C:\Users\ibra\.gradle\caches\modules-2\files-2.1\com.squareup.picasso\picasso\2.5.2\7446d06ec8d4f7ffcc53f1da37c95f200dcb9387\picasso-2.5.2.jar
java_class_path (initial): C:\Users\ibra\AppData\Local\Android\sdk\build-tools\23.0.3\lib\dx.jar
Launcher Type: SUN_STANDARD

Environment Variables:
PATH=C:\ProgramData\Oracle\Java\javapath;C:\Windows\system32;C:\Windows;C:\Windows\System32\Wbem;C:\Windows\System32\WindowsPowerShell\v1.0\;C:\Program Files\7-Zip;C:\Program Files (x86)\Skype\Phone\;C:\Program Files\Git\cmd
USERNAME=ibra
OS=Windows_NT
PROCESSOR_IDENTIFIER=Intel64 Family 6 Model 37 Stepping 5, GenuineIntel



---------------  S Y S T E M  ---------------

OS: Windows 10.0 , 64 bit Build 10240 (10.0.10240.16384)

CPU:total 4 (2 cores per cpu, 2 threads per core) family 6 model 37 stepping 5, cmov, cx8, fxsr, mmx, sse, sse2, sse3, ssse3, sse4.1, sse4.2, popcnt, ht, tsc, tscinvbit

Memory: 4k page, physical 3987304k(275592k free), swap 8135008k(396k free)

vm_info: Java HotSpot(TM) 64-Bit Server VM (25.66-b18) for windows-amd64 JRE (1.8.0_66-b18), built on Nov  9 2015 10:51:13 by "java_re" with MS VC++ 10.0 (VS2010)

time: Tue Apr 26 16:17:57 2016
elapsed time: 3 seconds (0d 0h 0m 3s)

