#
# There is insufficient memory for the Java Runtime Environment to continue.
# Native memory allocation (malloc) failed to allocate 106480 bytes for Chunk::new
# Possible reasons:
#   The system is out of physical RAM or swap space
#   In 32 bit mode, the process size limit was hit
# Possible solutions:
#   Reduce memory load on the system
#   Increase physical memory or swap space
#   Check if swap backing store is full
#   Use 64 bit Java on a 64 bit OS
#   Decrease Java heap size (-Xmx/-Xms)
#   Decrease number of Java threads
#   Decrease Java thread stack sizes (-Xss)
#   Set larger code cache with -XX:ReservedCodeCacheSize=
# This output file may be truncated or incomplete.
#
#  Out of Memory Error (allocation.cpp:390), pid=1072, tid=4204
#
# JRE version: Java(TM) SE Runtime Environment (8.0_66-b18) (build 1.8.0_66-b18)
# Java VM: Java HotSpot(TM) 64-Bit Server VM (25.66-b18 mixed mode windows-amd64 compressed oops)
# Failed to write core dump. Minidumps are not enabled by default on client versions of Windows
#

---------------  T H R E A D  ---------------

Current thread (0x0000000014f25800):  JavaThread "C2 CompilerThread1" daemon [_thread_in_native, id=4204, stack(0x0000000016610000,0x0000000016710000)]

Stack: [0x0000000016610000,0x0000000016710000]
[error occurred during error reporting (printing stack bounds), id 0xc0000005]

Native frames: (J=compiled Java code, j=interpreted, Vv=VM code, C=native code)


Current CompileTask:
C2:  12883 1451   !   4       com.android.dx.cf.code.RopperMachine::run (1550 bytes)


---------------  P R O C E S S  ---------------

Java Threads: ( => current thread )
  0x0000000016a85000 JavaThread "pool-1-thread-4" [_thread_in_Java, id=7072, stack(0x0000000017210000,0x0000000017310000)]
  0x0000000016a80000 JavaThread "pool-1-thread-3" [_thread_in_Java, id=5204, stack(0x0000000017110000,0x0000000017210000)]
  0x0000000016a7e800 JavaThread "pool-1-thread-2" [_thread_in_vm, id=2756, stack(0x0000000017010000,0x0000000017110000)]
  0x0000000016a78800 JavaThread "pool-2-thread-1" [_thread_blocked, id=3780, stack(0x0000000016f10000,0x0000000017010000)]
  0x0000000016a9d000 JavaThread "pool-1-thread-1" [_thread_in_Java, id=4496, stack(0x0000000016e10000,0x0000000016f10000)]
  0x0000000016812800 JavaThread "Service Thread" daemon [_thread_blocked, id=7688, stack(0x0000000016c10000,0x0000000016d10000)]
  0x0000000014f28000 JavaThread "C1 CompilerThread2" daemon [_thread_blocked, id=5528, stack(0x0000000016710000,0x0000000016810000)]
=>0x0000000014f25800 JavaThread "C2 CompilerThread1" daemon [_thread_in_native, id=4204, stack(0x0000000016610000,0x0000000016710000)]
  0x0000000014ec8000 JavaThread "C2 CompilerThread0" daemon [_thread_in_native, id=8152, stack(0x0000000016510000,0x0000000016610000)]
  0x0000000014ec6800 JavaThread "Attach Listener" daemon [_thread_blocked, id=7164, stack(0x0000000016410000,0x0000000016510000)]
  0x0000000014ec5000 JavaThread "Signal Dispatcher" daemon [_thread_blocked, id=1248, stack(0x0000000016310000,0x0000000016410000)]
  0x00000000027d0000 JavaThread "Finalizer" daemon [_thread_blocked, id=6224, stack(0x0000000016120000,0x0000000016220000)]
  0x00000000027cd000 JavaThread "Reference Handler" daemon [_thread_blocked, id=2868, stack(0x0000000016020000,0x0000000016120000)]
  0x00000000026e0800 JavaThread "main" [_thread_in_Java, id=1240, stack(0x00000000025b0000,0x00000000026b0000)]

Other Threads:
  0x0000000014e98000 VMThread [stack: 0x0000000015f20000,0x0000000016020000] [id=1052]
  0x0000000014f2e800 WatcherThread [stack: 0x0000000016d10000,0x0000000016e10000] [id=5136]

VM state:not at safepoint (normal execution)

VM Mutex/Monitor currently owned by a thread: None

Heap:
 PSYoungGen      total 34304K, used 25336K [0x00000000eab00000, 0x00000000ecf00000, 0x0000000100000000)
  eden space 31744K, 71% used [0x00000000eab00000,0x00000000ec142c68,0x00000000eca00000)
  from space 2560K, 99% used [0x00000000ecc80000,0x00000000ecefb700,0x00000000ecf00000)
  to   space 2560K, 0% used [0x00000000eca00000,0x00000000eca00000,0x00000000ecc80000)
 ParOldGen       total 42496K, used 2260K [0x00000000c0000000, 0x00000000c2980000, 0x00000000eab00000)
  object space 42496K, 5% used [0x00000000c0000000,0x00000000c0235228,0x00000000c2980000)
 Metaspace       used 6158K, capacity 7024K, committed 7296K, reserved 1056768K
  class space    used 602K, capacity 616K, committed 640K, reserved 1048576K

Card table byte_map: [0x0000000011ba0000,0x0000000011db0000] byte_map_base: 0x00000000115a0000

Marking Bits: (ParMarkBitMap*) 0x0000000076c9a5b0
 Begin Bits: [0x0000000012310000, 0x0000000013310000)
 End Bits:   [0x0000000013310000, 0x0000000014310000)

Polling page: 0x0000000000a70000

CodeCache: size=245760Kb used=6315Kb max_used=6315Kb free=239444Kb
 bounds [0x00000000027e0000, 0x0000000002e10000, 0x00000000117e0000]
 total_blobs=1747 nmethods=1478 adapters=182
 compilation: disabled (not enough contiguous free space left)

Compilation events (10 events):
Event: 12.853 Thread 0x0000000014f28000 1469       3       com.android.dx.ssa.BasicRegisterMapper::oldToNew (22 bytes)
Event: 12.853 Thread 0x0000000014f28000 nmethod 1469 0x0000000002e04b10 code [0x0000000002e04c80, 0x0000000002e04f68]
Event: 12.854 Thread 0x0000000014f28000 1470       3       com.android.dx.ssa.SsaBasicBlock::addMoveToEnd (172 bytes)
Event: 12.855 Thread 0x0000000014ec8000 nmethod 1452 0x0000000002e07250 code [0x0000000002e07440, 0x0000000002e07ef8]
Event: 12.855 Thread 0x0000000014ec8000 1453       4       com.android.dx.cf.code.ValueAwareMachine::run (1142 bytes)
Event: 12.858 Thread 0x0000000014f28000 nmethod 1470 0x0000000002e08e50 code [0x0000000002e091e0, 0x0000000002e0b108]
Event: 12.864 Thread 0x0000000014f28000 1472       3       com.android.dx.ssa.MoveParamCombiner::process (12 bytes)
Event: 12.864 Thread 0x0000000014f28000 nmethod 1472 0x0000000002e04610 code [0x0000000002e04780, 0x0000000002e04a08]
Event: 12.864 Thread 0x0000000014f28000 1473       3       com.android.dx.ssa.MoveParamCombiner$1::<init> (20 bytes)
Event: 12.865 Thread 0x0000000014f28000 nmethod 1473 0x0000000002e04210 code [0x0000000002e04360, 0x0000000002e04550]

GC Heap History (4 events):
Event: 3.107 GC heap before
{Heap before GC invocations=1 (full 0):
 PSYoungGen      total 18432K, used 15872K [0x00000000eab00000, 0x00000000ebf80000, 0x0000000100000000)
  eden space 15872K, 100% used [0x00000000eab00000,0x00000000eba80000,0x00000000eba80000)
  from space 2560K, 0% used [0x00000000ebd00000,0x00000000ebd00000,0x00000000ebf80000)
  to   space 2560K, 0% used [0x00000000eba80000,0x00000000eba80000,0x00000000ebd00000)
 ParOldGen       total 42496K, used 0K [0x00000000c0000000, 0x00000000c2980000, 0x00000000eab00000)
  object space 42496K, 0% used [0x00000000c0000000,0x00000000c0000000,0x00000000c2980000)
 Metaspace       used 3758K, capacity 4944K, committed 5120K, reserved 1056768K
  class space    used 415K, capacity 456K, committed 512K, reserved 1048576K
Event: 3.162 GC heap after
Heap after GC invocations=1 (full 0):
 PSYoungGen      total 18432K, used 1221K [0x00000000eab00000, 0x00000000ecf00000, 0x0000000100000000)
  eden space 15872K, 0% used [0x00000000eab00000,0x00000000eab00000,0x00000000eba80000)
  from space 2560K, 47% used [0x00000000eba80000,0x00000000ebbb15c8,0x00000000ebd00000)
  to   space 2560K, 0% used [0x00000000ecc80000,0x00000000ecc80000,0x00000000ecf00000)
 ParOldGen       total 42496K, used 8K [0x00000000c0000000, 0x00000000c2980000, 0x00000000eab00000)
  object space 42496K, 0% used [0x00000000c0000000,0x00000000c0002000,0x00000000c2980000)
 Metaspace       used 3758K, capacity 4944K, committed 5120K, reserved 1056768K
  class space    used 415K, capacity 456K, committed 512K, reserved 1048576K
}
Event: 7.812 GC heap before
{Heap before GC invocations=2 (full 0):
 PSYoungGen      total 18432K, used 17093K [0x00000000eab00000, 0x00000000ecf00000, 0x0000000100000000)
  eden space 15872K, 100% used [0x00000000eab00000,0x00000000eba80000,0x00000000eba80000)
  from space 2560K, 47% used [0x00000000eba80000,0x00000000ebbb15c8,0x00000000ebd00000)
  to   space 2560K, 0% used [0x00000000ecc80000,0x00000000ecc80000,0x00000000ecf00000)
 ParOldGen       total 42496K, used 8K [0x00000000c0000000, 0x00000000c2980000, 0x00000000eab00000)
  object space 42496K, 0% used [0x00000000c0000000,0x00000000c0002000,0x00000000c2980000)
 Metaspace       used 5924K, capacity 6832K, committed 7040K, reserved 1056768K
  class space    used 600K, capacity 616K, committed 640K, reserved 1048576K
Event: 8.845 GC heap after
Heap after GC invocations=2 (full 0):
 PSYoungGen      total 34304K, used 2541K [0x00000000eab00000, 0x00000000ecf00000, 0x0000000100000000)
  eden space 31744K, 0% used [0x00000000eab00000,0x00000000eab00000,0x00000000eca00000)
  from space 2560K, 99% used [0x00000000ecc80000,0x00000000ecefb700,0x00000000ecf00000)
  to   space 2560K, 0% used [0x00000000eca00000,0x00000000eca00000,0x00000000ecc80000)
 ParOldGen       total 42496K, used 2260K [0x00000000c0000000, 0x00000000c2980000, 0x00000000eab00000)
  object space 42496K, 5% used [0x00000000c0000000,0x00000000c0235228,0x00000000c2980000)
 Metaspace       used 5924K, capacity 6832K, committed 7040K, reserved 1056768K
  class space    used 600K, capacity 616K, committed 640K, reserved 1048576K
}

Deoptimization events (10 events):
Event: 10.847 Thread 0x0000000016a85000 Uncommon trap: reason=class_check action=maybe_recompile pc=0x0000000002b6777c method=com.android.dx.rop.type.Type.equals(Ljava/lang/Object;)Z @ 8
Event: 10.857 Thread 0x0000000016a85000 Uncommon trap: reason=class_check action=maybe_recompile pc=0x0000000002b7fe28 method=com.android.dx.rop.type.Type.equals(Ljava/lang/Object;)Z @ 8
Event: 11.049 Thread 0x00000000026e0800 Uncommon trap: reason=unloaded action=reinterpret pc=0x0000000002cc8554 method=com.android.dx.cf.cst.ConstantPoolParser.parse0(ILjava/util/BitSet;)Lcom/android/dx/rop/cst/Constant; @ 198
Event: 12.238 Thread 0x0000000016a7e800 Uncommon trap: reason=bimorphic action=maybe_recompile pc=0x0000000002c9abe8 method=com.android.dx.cf.code.BytecodeArray.parseInstruction(ILcom/android/dx/cf/code/BytecodeArray$Visitor;)I @ 2484
Event: 12.239 Thread 0x0000000016a7e800 Uncommon trap: reason=bimorphic action=maybe_recompile pc=0x0000000002c9abe8 method=com.android.dx.cf.code.BytecodeArray.parseInstruction(ILcom/android/dx/cf/code/BytecodeArray$Visitor;)I @ 2484
Event: 12.501 Thread 0x00000000026e0800 Uncommon trap: reason=bimorphic action=maybe_recompile pc=0x0000000002c9d6b0 method=com.android.dx.cf.code.BytecodeArray.parseInstruction(ILcom/android/dx/cf/code/BytecodeArray$Visitor;)I @ 955
Event: 12.501 Thread 0x00000000026e0800 Uncommon trap: reason=bimorphic action=maybe_recompile pc=0x0000000002c9d830 method=com.android.dx.cf.code.BytecodeArray.parseInstruction(ILcom/android/dx/cf/code/BytecodeArray$Visitor;)I @ 907
Event: 12.501 Thread 0x00000000026e0800 Uncommon trap: reason=bimorphic action=maybe_recompile pc=0x0000000002c9bdd4 method=com.android.dx.cf.code.BytecodeArray.parseInstruction(ILcom/android/dx/cf/code/BytecodeArray$Visitor;)I @ 1224
Event: 12.501 Thread 0x00000000026e0800 Uncommon trap: reason=bimorphic action=maybe_recompile pc=0x0000000002c9d7b0 method=com.android.dx.cf.code.BytecodeArray.parseInstruction(ILcom/android/dx/cf/code/BytecodeArray$Visitor;)I @ 923
Event: 12.501 Thread 0x00000000026e0800 Uncommon trap: reason=bimorphic action=maybe_recompile pc=0x0000000002c9bdd4 method=com.android.dx.cf.code.BytecodeArray.parseInstruction(ILcom/android/dx/cf/code/BytecodeArray$Visitor;)I @ 1224

Internal exceptions (2 events):
Event: 0.836 Thread 0x00000000026e0800 Exception <a 'java/lang/NoSuchMethodError': Method sun.misc.Unsafe.defineClass(Ljava/lang/String;[BII)Ljava/lang/Class; name or signature does not match> (0x00000000eab0d2a8) thrown at [C:\re\workspace\8-2-build-windows-amd64-cygwin\jdk8u66\5298\hotspot\sr½÷XÃÃê?
Event: 0.836 Thread 0x00000000026e0800 Exception <a 'java/lang/NoSuchMethodError': Method sun.misc.Unsafe.prefetchRead(Ljava/lang/Object;J)V name or signature does not match> (0x00000000eab0d590) thrown at [C:\re\workspace\8-2-build-windows-amd64-cygwin\jdk8u66\5298\hotspot\src\share\vm\prims\j

Events (10 events):
Event: 12.501 Thread 0x00000000026e0800 DEOPT UNPACKING pc=0x000000000282582a sp=0x00000000026ae368 mode 2
Event: 12.501 Thread 0x00000000026e0800 Uncommon trap: trap_request=0xffffffc6 fr.pc=0x0000000002c9bdd4
Event: 12.501 Thread 0x00000000026e0800 DEOPT PACKING pc=0x0000000002c9bdd4 sp=0x00000000026ae3e0
Event: 12.501 Thread 0x00000000026e0800 DEOPT UNPACKING pc=0x000000000282582a sp=0x00000000026ae368 mode 2
Event: 12.501 Thread 0x00000000026e0800 Uncommon trap: trap_request=0xffffffc6 fr.pc=0x0000000002c9d7b0
Event: 12.501 Thread 0x00000000026e0800 DEOPT PACKING pc=0x0000000002c9d7b0 sp=0x00000000026ae3e0
Event: 12.501 Thread 0x00000000026e0800 DEOPT UNPACKING pc=0x000000000282582a sp=0x00000000026ae368 mode 2
Event: 12.501 Thread 0x00000000026e0800 Uncommon trap: trap_request=0xffffffc6 fr.pc=0x0000000002c9bdd4
Event: 12.501 Thread 0x00000000026e0800 DEOPT PACKING pc=0x0000000002c9bdd4 sp=0x00000000026ae3e0
Event: 12.501 Thread 0x00000000026e0800 DEOPT UNPACKING pc=0x000000000282582a sp=0x00000000026ae368 mode 2


Dynamic libraries:
0x00007ff776c60000 - 0x00007ff776c97000 	C:\Program Files\Java\jdk1.8.0_66\bin\java.exe
0x00007ff85ecc0000 - 0x00007ff85ee82000 	C:\Windows\SYSTEM32\ntdll.dll
0x00007ff85c500000 - 0x00007ff85c5ad000 	C:\Windows\system32\KERNEL32.DLL
0x00007ff85c170000 - 0x00007ff85c34d000 	C:\Windows\system32\KERNELBASE.dll
0x00007ff85dfe0000 - 0x00007ff85e086000 	C:\Windows\system32\ADVAPI32.dll
0x00007ff85de80000 - 0x00007ff85df1d000 	C:\Windows\system32\msvcrt.dll
0x00007ff85df20000 - 0x00007ff85df7b000 	C:\Windows\system32\sechost.dll
0x00007ff85e5a0000 - 0x00007ff85e6c6000 	C:\Windows\system32\RPCRT4.dll
0x00007ff85e2d0000 - 0x00007ff85e41e000 	C:\Windows\system32\USER32.dll
0x00007ff85e140000 - 0x00007ff85e2c6000 	C:\Windows\system32\GDI32.dll
0x00007ff8572c0000 - 0x00007ff857534000 	C:\Windows\WinSxS\amd64_microsoft.windows.common-controls_6595b64144ccf1df_6.0.10240.16384_none_f41f7b285750ef43\COMCTL32.dll
0x00007ff85dc70000 - 0x00007ff85dca6000 	C:\Windows\system32\IMM32.DLL
0x00007ff85e420000 - 0x00007ff85e57c000 	C:\Windows\system32\MSCTF.dll
0x0000000075fe0000 - 0x00000000760b2000 	C:\Program Files\Java\jdk1.8.0_66\jre\bin\msvcr100.dll
0x0000000076490000 - 0x0000000076d19000 	C:\Program Files\Java\jdk1.8.0_66\jre\bin\server\jvm.dll
0x00007ff85dcc0000 - 0x00007ff85dcc8000 	C:\Windows\system32\PSAPI.DLL
0x00007ff84abd0000 - 0x00007ff84abd9000 	C:\Windows\SYSTEM32\WSOCK32.dll
0x00007ff85ec50000 - 0x00007ff85ecb9000 	C:\Windows\system32\WS2_32.dll
0x00007ff85e8a0000 - 0x00007ff85e8a8000 	C:\Windows\system32\NSI.dll
0x00007ff859db0000 - 0x00007ff859dd3000 	C:\Windows\SYSTEM32\WINMM.dll
0x00007ff8579f0000 - 0x00007ff8579fa000 	C:\Windows\SYSTEM32\VERSION.dll
0x00007ff859d50000 - 0x00007ff859d7c000 	C:\Windows\SYSTEM32\WINMMBASE.dll
0x00007ff85b920000 - 0x00007ff85b964000 	C:\Windows\system32\cfgmgr32.dll
0x00007ff85a020000 - 0x00007ff85a047000 	C:\Windows\SYSTEM32\DEVOBJ.dll
0x0000000076480000 - 0x000000007648f000 	C:\Program Files\Java\jdk1.8.0_66\jre\bin\verify.dll
0x0000000076450000 - 0x0000000076479000 	C:\Program Files\Java\jdk1.8.0_66\jre\bin\java.dll
0x0000000076430000 - 0x0000000076446000 	C:\Program Files\Java\jdk1.8.0_66\jre\bin\zip.dll
0x00007ff85c5b0000 - 0x00007ff85db18000 	C:\Windows\system32\SHELL32.dll
0x00007ff85b970000 - 0x00007ff85bf98000 	C:\Windows\system32\windows.storage.dll
0x00007ff85e970000 - 0x00007ff85ebec000 	C:\Windows\system32\combase.dll
0x00007ff85ebf0000 - 0x00007ff85ec41000 	C:\Windows\system32\shlwapi.dll
0x00007ff85b6b0000 - 0x00007ff85b6bf000 	C:\Windows\system32\kernel.appcore.dll
0x00007ff85c000000 - 0x00007ff85c0b3000 	C:\Windows\system32\shcore.dll
0x00007ff85b6c0000 - 0x00007ff85b70a000 	C:\Windows\system32\powrprof.dll
0x00007ff85b730000 - 0x00007ff85b743000 	C:\Windows\system32\profapi.dll
0x00007ff85e8b0000 - 0x00007ff85e96e000 	C:\Windows\system32\OLEAUT32.dll

VM Arguments:
jvm_args: -Djava.awt.headless=true -Xmx1024M -Dfile.encoding=windows-1252 -Duser.country=US -Duser.language=en -Duser.variant 
java_command: com.android.dx.command.Main --dex --force-jumbo --num-threads=4 --output E:\Work\projects\Udacity\MoviesApp\app\build\intermediates\pre-dexed\debug\com.android.support-support-v4-23.2.1_960e5c617866409bf5ce596d0cd933baccdfb191.jar E:\Work\projects\Udacity\MoviesApp\app\build\intermediates\exploded-aar\com.android.support\support-v4\23.2.1\jars\classes.jar
java_class_path (initial): C:\Users\ibra\AppData\Local\Android\sdk\build-tools\23.0.3\lib\dx.jar
Launcher Type: SUN_STANDARD

Environment Variables:
PATH=C:\ProgramData\Oracle\Java\javapath;C:\Windows\system32;C:\Windows;C:\Windows\System32\Wbem;C:\Windows\System32\WindowsPowerShell\v1.0\;C:\Program Files\7-Zip;C:\Program Files (x86)\Skype\Phone\;C:\Program Files\Git\cmd
USERNAME=ibra
OS=Windows_NT
PROCESSOR_IDENTIFIER=Intel64 Family 6 Model 37 Stepping 5, GenuineIntel



---------------  S Y S T E M  ---------------

OS: Windows 10.0 , 64 bit Build 10240 (10.0.10240.16384)

CPU:total 4 (2 cores per cpu, 2 threads per core) family 6 model 37 stepping 5, cmov, cx8, fxsr, mmx, sse, sse2, sse3, ssse3, sse4.1, sse4.2, popcnt, ht, tsc, tscinvbit

Memory: 4k page, physical 3987304k(292540k free), swap 8135008k(220k free)

vm_info: Java HotSpot(TM) 64-Bit Server VM (25.66-b18) for windows-amd64 JRE (1.8.0_66-b18), built on Nov  9 2015 10:51:13 by "java_re" with MS VC++ 10.0 (VS2010)

time: Tue Apr 26 16:11:21 2016
elapsed time: 13 seconds (0d 0h 0m 13s)

