#
# There is insufficient memory for the Java Runtime Environment to continue.
# Native memory allocation (malloc) failed to allocate 107776 bytes for Chunk::new
# Possible reasons:
#   The system is out of physical RAM or swap space
#   In 32 bit mode, the process size limit was hit
# Possible solutions:
#   Reduce memory load on the system
#   Increase physical memory or swap space
#   Check if swap backing store is full
#   Use 64 bit Java on a 64 bit OS
#   Decrease Java heap size (-Xmx/-Xms)
#   Decrease number of Java threads
#   Decrease Java thread stack sizes (-Xss)
#   Set larger code cache with -XX:ReservedCodeCacheSize=
# This output file may be truncated or incomplete.
#
#  Out of Memory Error (allocation.cpp:390), pid=2436, tid=7004
#
# JRE version: Java(TM) SE Runtime Environment (8.0_66-b18) (build 1.8.0_66-b18)
# Java VM: Java HotSpot(TM) 64-Bit Server VM (25.66-b18 mixed mode windows-amd64 compressed oops)
# Failed to write core dump. Minidumps are not enabled by default on client versions of Windows
#

---------------  T H R E A D  ---------------

Current thread (0x0000000014c51000):  JavaThread "C2 CompilerThread1" daemon [_thread_in_native, id=7004, stack(0x0000000016330000,0x0000000016430000)]

Stack: [0x0000000016330000,0x0000000016430000]
[error occurred during error reporting (printing stack bounds), id 0xc0000005]

Native frames: (J=compiled Java code, j=interpreted, Vv=VM code, C=native code)


Current CompileTask:
C2:   3340  672       4       java.util.HashSet::contains (9 bytes)


---------------  P R O C E S S  ---------------

Java Threads: ( => current thread )
  0x000000001679c800 JavaThread "pool-1-thread-4" [_thread_in_Java, id=2076, stack(0x0000000017730000,0x0000000017830000)]
  0x000000001679b800 JavaThread "pool-1-thread-3" [_thread_blocked, id=7732, stack(0x0000000017630000,0x0000000017730000)]
  0x000000001679a800 JavaThread "pool-1-thread-2" [_thread_in_vm, id=156, stack(0x0000000017530000,0x0000000017630000)]
  0x0000000016795000 JavaThread "pool-2-thread-1" [_thread_blocked, id=7968, stack(0x0000000017430000,0x0000000017530000)]
  0x0000000016794000 JavaThread "pool-1-thread-1" [_thread_in_Java, id=7856, stack(0x0000000017330000,0x0000000017430000)]
  0x0000000014c5e800 JavaThread "Service Thread" daemon [_thread_blocked, id=8184, stack(0x0000000016930000,0x0000000016a30000)]
  0x0000000014c5b800 JavaThread "C1 CompilerThread2" daemon [_thread_in_native, id=3052, stack(0x0000000016430000,0x0000000016530000)]
=>0x0000000014c51000 JavaThread "C2 CompilerThread1" daemon [_thread_in_native, id=7004, stack(0x0000000016330000,0x0000000016430000)]
  0x0000000014bf8000 JavaThread "C2 CompilerThread0" daemon [_thread_in_native, id=7692, stack(0x0000000016230000,0x0000000016330000)]
  0x0000000014bf6800 JavaThread "Attach Listener" daemon [_thread_blocked, id=7244, stack(0x0000000016130000,0x0000000016230000)]
  0x0000000014bf5000 JavaThread "Signal Dispatcher" daemon [_thread_blocked, id=4388, stack(0x0000000016030000,0x0000000016130000)]
  0x0000000002520000 JavaThread "Finalizer" daemon [_thread_blocked, id=8176, stack(0x0000000015e50000,0x0000000015f50000)]
  0x000000000251d000 JavaThread "Reference Handler" daemon [_thread_blocked, id=2628, stack(0x0000000015d50000,0x0000000015e50000)]
  0x0000000002430800 JavaThread "main" [_thread_in_Java, id=8080, stack(0x0000000002330000,0x0000000002430000)]

Other Threads:
  0x0000000014bc8000 VMThread [stack: 0x0000000015c50000,0x0000000015d50000] [id=3736]
  0x0000000016538800 WatcherThread [stack: 0x0000000016a30000,0x0000000016b30000] [id=5036]

VM state:not at safepoint (normal execution)

VM Mutex/Monitor currently owned by a thread: None

Heap:
 PSYoungGen      total 18432K, used 10959K [0x00000000eab00000, 0x00000000ebf80000, 0x0000000100000000)
  eden space 15872K, 61% used [0x00000000eab00000,0x00000000eb476700,0x00000000eba80000)
  from space 2560K, 49% used [0x00000000eba80000,0x00000000ebbbd5b8,0x00000000ebd00000)
  to   space 2560K, 0% used [0x00000000ebd00000,0x00000000ebd00000,0x00000000ebf80000)
 ParOldGen       total 42496K, used 8K [0x00000000c0000000, 0x00000000c2980000, 0x00000000eab00000)
  object space 42496K, 0% used [0x00000000c0000000,0x00000000c0002000,0x00000000c2980000)
 Metaspace       used 5648K, capacity 6640K, committed 6784K, reserved 1058816K
  class space    used 600K, capacity 616K, committed 640K, reserved 1048576K

Card table byte_map: [0x00000000118f0000,0x0000000011b00000] byte_map_base: 0x00000000112f0000

Marking Bits: (ParMarkBitMap*) 0x0000000076c9a5b0
 Begin Bits: [0x0000000012060000, 0x0000000013060000)
 End Bits:   [0x0000000013060000, 0x0000000014060000)

Polling page: 0x0000000000880000

CodeCache: size=245760Kb used=2450Kb max_used=2462Kb free=243310Kb
 bounds [0x0000000002530000, 0x00000000027a0000, 0x0000000011530000]
 total_blobs=933 nmethods=665 adapters=182
 compilation: enabled

Compilation events (10 events):
Event: 3.333 Thread 0x0000000014c5b800 nmethod 659 0x000000000278eb10 code [0x000000000278ed40, 0x000000000278faa8]
Event: 3.333 Thread 0x0000000014c5b800  652       3       com.android.dx.ssa.SsaMethod::blockIndexToRopLabel (21 bytes)
Event: 3.334 Thread 0x0000000014c5b800 nmethod 652 0x0000000002792950 code [0x0000000002792b00, 0x00000000027930b8]
Event: 3.334 Thread 0x0000000014c5b800  665   !   3       com.android.dx.ssa.LocalVariableInfo::getStarts0 (18 bytes)
Event: 3.334 Thread 0x0000000014c5b800 nmethod 665 0x0000000002793450 code [0x00000000027935c0, 0x0000000002793828]
Event: 3.335 Thread 0x0000000014c5b800  674       3       com.android.dx.rop.code.RopMethod::labelToPredecessors (54 bytes)
Event: 3.335 Thread 0x0000000014c5b800 nmethod 674 0x00000000027939d0 code [0x0000000002793bc0, 0x00000000027944b8]
Event: 3.335 Thread 0x0000000014c5b800  680       3       com.android.dx.cf.code.ByteOps::opInfo (6 bytes)
Event: 3.336 Thread 0x0000000014c5b800 nmethod 680 0x0000000002794950 code [0x0000000002794aa0, 0x0000000002794bf0]
Event: 3.336 Thread 0x0000000014c5b800  662   !   3       com.android.dx.cf.code.BytecodeArray::parseInstruction (2764 bytes)

GC Heap History (2 events):
Event: 2.026 GC heap before
{Heap before GC invocations=1 (full 0):
 PSYoungGen      total 18432K, used 15872K [0x00000000eab00000, 0x00000000ebf80000, 0x0000000100000000)
  eden space 15872K, 100% used [0x00000000eab00000,0x00000000eba80000,0x00000000eba80000)
  from space 2560K, 0% used [0x00000000ebd00000,0x00000000ebd00000,0x00000000ebf80000)
  to   space 2560K, 0% used [0x00000000eba80000,0x00000000eba80000,0x00000000ebd00000)
 ParOldGen       total 42496K, used 0K [0x00000000c0000000, 0x00000000c2980000, 0x00000000eab00000)
  object space 42496K, 0% used [0x00000000c0000000,0x00000000c0000000,0x00000000c2980000)
 Metaspace       used 3758K, capacity 4944K, committed 5120K, reserved 1056768K
  class space    used 415K, capacity 456K, committed 512K, reserved 1048576K
Event: 2.077 GC heap after
Heap after GC invocations=1 (full 0):
 PSYoungGen      total 18432K, used 1269K [0x00000000eab00000, 0x00000000ebf80000, 0x0000000100000000)
  eden space 15872K, 0% used [0x00000000eab00000,0x00000000eab00000,0x00000000eba80000)
  from space 2560K, 49% used [0x00000000eba80000,0x00000000ebbbd5b8,0x00000000ebd00000)
  to   space 2560K, 0% used [0x00000000ebd00000,0x00000000ebd00000,0x00000000ebf80000)
 ParOldGen       total 42496K, used 8K [0x00000000c0000000, 0x00000000c2980000, 0x00000000eab00000)
  object space 42496K, 0% used [0x00000000c0000000,0x00000000c0002000,0x00000000c2980000)
 Metaspace       used 3758K, capacity 4944K, committed 5120K, reserved 1056768K
  class space    used 415K, capacity 456K, committed 512K, reserved 1048576K
}

Deoptimization events (3 events):
Event: 1.918 Thread 0x0000000002430800 Uncommon trap: reason=unstable_if action=reinterpret pc=0x0000000002688f14 method=java.lang.String.compareTo(Ljava/lang/String;)I @ 38
Event: 3.288 Thread 0x0000000002430800 Uncommon trap: reason=unstable_if action=reinterpret pc=0x0000000002746e3c method=java.util.HashMap.getNode(ILjava/lang/Object;)Ljava/util/HashMap$Node; @ 62
Event: 3.290 Thread 0x0000000002430800 Uncommon trap: reason=unstable_if action=reinterpret pc=0x00000000027603a8 method=java.util.HashMap.getNode(ILjava/lang/Object;)Ljava/util/HashMap$Node; @ 62

Internal exceptions (2 events):
Event: 0.567 Thread 0x0000000002430800 Exception <a 'java/lang/NoSuchMethodError': Method sun.misc.Unsafe.defineClass(Ljava/lang/String;[BII)Ljava/lang/Class; name or signature does not match> (0x00000000eab0d2a8) thrown at [C:\re\workspace\8-2-build-windows-amd64-cygwin\jdk8u66\5298\hotspot\srªÇz>R"â?
Event: 0.567 Thread 0x0000000002430800 Exception <a 'java/lang/NoSuchMethodError': Method sun.misc.Unsafe.prefetchRead(Ljava/lang/Object;J)V name or signature does not match> (0x00000000eab0d590) thrown at [C:\re\workspace\8-2-build-windows-amd64-cygwin\jdk8u66\5298\hotspot\src\share\vm\prims\j

Events (10 events):
Event: 3.290 Thread 0x0000000002430800 DEOPT PACKING pc=0x00000000027603a8 sp=0x000000000242e2f0
Event: 3.291 Thread 0x0000000002430800 DEOPT UNPACKING pc=0x000000000257582a sp=0x000000000242e210 mode 2
Event: 3.307 loading class com/android/dx/cf/attrib/AttLocalVariableTypeTable
Event: 3.307 loading class com/android/dx/cf/attrib/AttLocalVariableTypeTable done
Event: 3.308 loading class com/android/dx/cf/attrib/AttSignature
Event: 3.308 loading class com/android/dx/cf/attrib/AttSignature done
Event: 3.310 loading class java/util/ArrayList$1
Event: 3.310 loading class java/util/ArrayList$1 done
Event: 3.323 loading class com/android/dx/cf/code/BytecodeArray$ConstantParserVisitor
Event: 3.323 loading class com/android/dx/cf/code/BytecodeArray$ConstantParserVisitor done


Dynamic libraries:
0x00007ff776c60000 - 0x00007ff776c97000 	C:\Program Files\Java\jdk1.8.0_66\bin\java.exe
0x00007ff85ecc0000 - 0x00007ff85ee82000 	C:\Windows\SYSTEM32\ntdll.dll
0x00007ff85c500000 - 0x00007ff85c5ad000 	C:\Windows\system32\KERNEL32.DLL
0x00007ff85c170000 - 0x00007ff85c34d000 	C:\Windows\system32\KERNELBASE.dll
0x00007ff85dfe0000 - 0x00007ff85e086000 	C:\Windows\system32\ADVAPI32.dll
0x00007ff85de80000 - 0x00007ff85df1d000 	C:\Windows\system32\msvcrt.dll
0x00007ff85df20000 - 0x00007ff85df7b000 	C:\Windows\system32\sechost.dll
0x00007ff85e5a0000 - 0x00007ff85e6c6000 	C:\Windows\system32\RPCRT4.dll
0x00007ff85e2d0000 - 0x00007ff85e41e000 	C:\Windows\system32\USER32.dll
0x00007ff85e140000 - 0x00007ff85e2c6000 	C:\Windows\system32\GDI32.dll
0x00007ff8572c0000 - 0x00007ff857534000 	C:\Windows\WinSxS\amd64_microsoft.windows.common-controls_6595b64144ccf1df_6.0.10240.16384_none_f41f7b285750ef43\COMCTL32.dll
0x00007ff85dc70000 - 0x00007ff85dca6000 	C:\Windows\system32\IMM32.DLL
0x00007ff85e420000 - 0x00007ff85e57c000 	C:\Windows\system32\MSCTF.dll
0x0000000075fe0000 - 0x00000000760b2000 	C:\Program Files\Java\jdk1.8.0_66\jre\bin\msvcr100.dll
0x0000000076490000 - 0x0000000076d19000 	C:\Program Files\Java\jdk1.8.0_66\jre\bin\server\jvm.dll
0x00007ff85dcc0000 - 0x00007ff85dcc8000 	C:\Windows\system32\PSAPI.DLL
0x00007ff84abd0000 - 0x00007ff84abd9000 	C:\Windows\SYSTEM32\WSOCK32.dll
0x00007ff85ec50000 - 0x00007ff85ecb9000 	C:\Windows\system32\WS2_32.dll
0x00007ff85e8a0000 - 0x00007ff85e8a8000 	C:\Windows\system32\NSI.dll
0x00007ff859db0000 - 0x00007ff859dd3000 	C:\Windows\SYSTEM32\WINMM.dll
0x00007ff8579f0000 - 0x00007ff8579fa000 	C:\Windows\SYSTEM32\VERSION.dll
0x00007ff859d50000 - 0x00007ff859d7c000 	C:\Windows\SYSTEM32\WINMMBASE.dll
0x00007ff85b920000 - 0x00007ff85b964000 	C:\Windows\system32\cfgmgr32.dll
0x00007ff85a020000 - 0x00007ff85a047000 	C:\Windows\SYSTEM32\DEVOBJ.dll
0x0000000076480000 - 0x000000007648f000 	C:\Program Files\Java\jdk1.8.0_66\jre\bin\verify.dll
0x0000000076450000 - 0x0000000076479000 	C:\Program Files\Java\jdk1.8.0_66\jre\bin\java.dll
0x0000000076430000 - 0x0000000076446000 	C:\Program Files\Java\jdk1.8.0_66\jre\bin\zip.dll
0x00007ff85c5b0000 - 0x00007ff85db18000 	C:\Windows\system32\SHELL32.dll
0x00007ff85b970000 - 0x00007ff85bf98000 	C:\Windows\system32\windows.storage.dll
0x00007ff85e970000 - 0x00007ff85ebec000 	C:\Windows\system32\combase.dll
0x00007ff85ebf0000 - 0x00007ff85ec41000 	C:\Windows\system32\shlwapi.dll
0x00007ff85b6b0000 - 0x00007ff85b6bf000 	C:\Windows\system32\kernel.appcore.dll
0x00007ff85c000000 - 0x00007ff85c0b3000 	C:\Windows\system32\shcore.dll
0x00007ff85b6c0000 - 0x00007ff85b70a000 	C:\Windows\system32\powrprof.dll
0x00007ff85b730000 - 0x00007ff85b743000 	C:\Windows\system32\profapi.dll
0x00007ff85e8b0000 - 0x00007ff85e96e000 	C:\Windows\system32\OLEAUT32.dll

VM Arguments:
jvm_args: -Djava.awt.headless=true -Xmx1024M -Dfile.encoding=windows-1252 -Duser.country=US -Duser.language=en -Duser.variant 
java_command: com.android.dx.command.Main --dex --force-jumbo --num-threads=4 --output E:\Work\projects\Udacity\MoviesApp\app\build\intermediates\pre-dexed\debug\com.android.support-support-v4-23.2.1_960e5c617866409bf5ce596d0cd933baccdfb191.jar E:\Work\projects\Udacity\MoviesApp\app\build\intermediates\exploded-aar\com.android.support\support-v4\23.2.1\jars\classes.jar
java_class_path (initial): C:\Users\ibra\AppData\Local\Android\sdk\build-tools\23.0.3\lib\dx.jar
Launcher Type: SUN_STANDARD

Environment Variables:
PATH=C:\ProgramData\Oracle\Java\javapath;C:\Windows\system32;C:\Windows;C:\Windows\System32\Wbem;C:\Windows\System32\WindowsPowerShell\v1.0\;C:\Program Files\7-Zip;C:\Program Files (x86)\Skype\Phone\;C:\Program Files\Git\cmd
USERNAME=ibra
OS=Windows_NT
PROCESSOR_IDENTIFIER=Intel64 Family 6 Model 37 Stepping 5, GenuineIntel



---------------  S Y S T E M  ---------------

OS: Windows 10.0 , 64 bit Build 10240 (10.0.10240.16384)

CPU:total 4 (2 cores per cpu, 2 threads per core) family 6 model 37 stepping 5, cmov, cx8, fxsr, mmx, sse, sse2, sse3, ssse3, sse4.1, sse4.2, popcnt, ht, tsc, tscinvbit

Memory: 4k page, physical 3987304k(260720k free), swap 8135008k(104k free)

vm_info: Java HotSpot(TM) 64-Bit Server VM (25.66-b18) for windows-amd64 JRE (1.8.0_66-b18), built on Nov  9 2015 10:51:13 by "java_re" with MS VC++ 10.0 (VS2010)

time: Tue Apr 26 16:17:57 2016
elapsed time: 3 seconds (0d 0h 0m 3s)

